mode: set
github.com/superplanehq/superplane/pkg/integrations/render/cancel_deploy.go:20.38,22.2 1 0
github.com/superplanehq/superplane/pkg/integrations/render/cancel_deploy.go:24.39,26.2 1 0
github.com/superplanehq/superplane/pkg/integrations/render/cancel_deploy.go:28.45,30.2 1 0
github.com/superplanehq/superplane/pkg/integrations/render/cancel_deploy.go:32.47,51.2 1 0
github.com/superplanehq/superplane/pkg/integrations/render/cancel_deploy.go:53.38,55.2 1 0
github.com/superplanehq/superplane/pkg/integrations/render/cancel_deploy.go:57.39,59.2 1 0
github.com/superplanehq/superplane/pkg/integrations/render/cancel_deploy.go:61.79,63.2 1 0
github.com/superplanehq/superplane/pkg/integrations/render/cancel_deploy.go:65.62,87.2 1 0
github.com/superplanehq/superplane/pkg/integrations/render/cancel_deploy.go:89.59,91.16 2 0
github.com/superplanehq/superplane/pkg/integrations/render/cancel_deploy.go:91.16,93.3 1 0
github.com/superplanehq/superplane/pkg/integrations/render/cancel_deploy.go:95.2,95.26 1 0
github.com/superplanehq/superplane/pkg/integrations/render/cancel_deploy.go:95.26,97.3 1 0
github.com/superplanehq/superplane/pkg/integrations/render/cancel_deploy.go:99.2,99.27 1 0
github.com/superplanehq/superplane/pkg/integrations/render/cancel_deploy.go:99.27,101.3 1 0
github.com/superplanehq/superplane/pkg/integrations/render/cancel_deploy.go:103.2,103.12 1 0
github.com/superplanehq/superplane/pkg/integrations/render/cancel_deploy.go:106.65,108.16 2 0
github.com/superplanehq/superplane/pkg/integrations/render/cancel_deploy.go:108.16,110.3 1 0
github.com/superplanehq/superplane/pkg/integrations/render/cancel_deploy.go:112.2,113.16 2 0
github.com/superplanehq/superplane/pkg/integrations/render/cancel_deploy.go:113.16,115.3 1 0
github.com/superplanehq/superplane/pkg/integrations/render/cancel_deploy.go:117.2,118.16 2 0
github.com/superplanehq/superplane/pkg/integrations/render/cancel_deploy.go:118.16,120.3 1 0
github.com/superplanehq/superplane/pkg/integrations/render/cancel_deploy.go:122.2,131.3 1 0
github.com/superplanehq/superplane/pkg/integrations/render/cancel_deploy.go:134.91,136.2 1 0
github.com/superplanehq/superplane/pkg/integrations/render/cancel_deploy.go:138.83,140.2 1 0
github.com/superplanehq/superplane/pkg/integrations/render/cancel_deploy.go:142.48,144.2 1 0
github.com/superplanehq/superplane/pkg/integrations/render/cancel_deploy.go:146.67,148.2 1 0
github.com/superplanehq/superplane/pkg/integrations/render/cancel_deploy.go:150.64,152.2 1 0
github.com/superplanehq/superplane/pkg/integrations/render/cancel_deploy.go:154.61,156.2 1 0
github.com/superplanehq/superplane/pkg/integrations/render/cancel_deploy.go:158.92,160.68 2 0
github.com/superplanehq/superplane/pkg/integrations/render/cancel_deploy.go:160.68,162.3 1 0
github.com/superplanehq/superplane/pkg/integrations/render/cancel_deploy.go:164.2,166.20 3 0
github.com/superplanehq/superplane/pkg/integrations/render/client.go:28.35,30.2 1 1
github.com/superplanehq/superplane/pkg/integrations/render/client.go:68.44,70.2 1 1
github.com/superplanehq/superplane/pkg/integrations/render/client.go:171.58,173.55 2 1
github.com/superplanehq/superplane/pkg/integrations/render/client.go:173.55,175.3 1 0
github.com/superplanehq/superplane/pkg/integrations/render/client.go:177.2,183.31 6 1
github.com/superplanehq/superplane/pkg/integrations/render/client.go:183.31,185.3 1 0
github.com/superplanehq/superplane/pkg/integrations/render/client.go:187.2,188.71 2 1
github.com/superplanehq/superplane/pkg/integrations/render/client.go:188.71,190.3 1 0
github.com/superplanehq/superplane/pkg/integrations/render/client.go:191.2,191.25 1 1
github.com/superplanehq/superplane/pkg/integrations/render/client.go:191.25,193.3 1 1
github.com/superplanehq/superplane/pkg/integrations/render/client.go:195.2,196.66 2 1
github.com/superplanehq/superplane/pkg/integrations/render/client.go:196.66,198.3 1 0
github.com/superplanehq/superplane/pkg/integrations/render/client.go:200.2,200.72 1 1
github.com/superplanehq/superplane/pkg/integrations/render/client.go:200.72,203.3 2 1
github.com/superplanehq/superplane/pkg/integrations/render/client.go:205.2,205.69 1 1
github.com/superplanehq/superplane/pkg/integrations/render/client.go:205.69,208.3 2 1
github.com/superplanehq/superplane/pkg/integrations/render/client.go:210.2,212.12 2 0
github.com/superplanehq/superplane/pkg/integrations/render/client.go:215.85,216.28 1 1
github.com/superplanehq/superplane/pkg/integrations/render/client.go:216.28,218.3 1 1
github.com/superplanehq/superplane/pkg/integrations/render/client.go:220.2,220.54 1 1
github.com/superplanehq/superplane/pkg/integrations/render/client.go:220.54,222.3 1 1
github.com/superplanehq/superplane/pkg/integrations/render/client.go:224.2,224.78 1 1
github.com/superplanehq/superplane/pkg/integrations/render/client.go:224.78,226.3 1 1
github.com/superplanehq/superplane/pkg/integrations/render/client.go:228.2,228.11 1 1
github.com/superplanehq/superplane/pkg/integrations/render/client.go:231.84,232.27 1 1
github.com/superplanehq/superplane/pkg/integrations/render/client.go:232.27,234.3 1 1
github.com/superplanehq/superplane/pkg/integrations/render/client.go:236.2,236.52 1 0
github.com/superplanehq/superplane/pkg/integrations/render/client.go:236.52,238.3 1 0
github.com/superplanehq/superplane/pkg/integrations/render/client.go:240.2,240.77 1 0
github.com/superplanehq/superplane/pkg/integrations/render/client.go:240.77,242.3 1 0
github.com/superplanehq/superplane/pkg/integrations/render/client.go:244.2,244.11 1 0
github.com/superplanehq/superplane/pkg/integrations/render/client.go:247.54,249.2 1 1
github.com/superplanehq/superplane/pkg/integrations/render/client.go:251.53,253.2 1 0
github.com/superplanehq/superplane/pkg/integrations/render/client.go:255.91,256.16 1 1
github.com/superplanehq/superplane/pkg/integrations/render/client.go:256.16,258.3 1 0
github.com/superplanehq/superplane/pkg/integrations/render/client.go:260.2,261.16 2 1
github.com/superplanehq/superplane/pkg/integrations/render/client.go:261.16,263.3 1 0
github.com/superplanehq/superplane/pkg/integrations/render/client.go:265.2,266.25 2 1
github.com/superplanehq/superplane/pkg/integrations/render/client.go:266.25,268.3 1 0
github.com/superplanehq/superplane/pkg/integrations/render/client.go:270.2,274.8 1 1
github.com/superplanehq/superplane/pkg/integrations/render/client.go:277.33,282.2 4 1
github.com/superplanehq/superplane/pkg/integrations/render/client.go:284.56,289.16 4 1
github.com/superplanehq/superplane/pkg/integrations/render/client.go:289.16,291.3 1 0
github.com/superplanehq/superplane/pkg/integrations/render/client.go:293.2,293.30 1 1
github.com/superplanehq/superplane/pkg/integrations/render/client.go:296.70,299.42 3 1
github.com/superplanehq/superplane/pkg/integrations/render/client.go:299.42,301.3 1 1
github.com/superplanehq/superplane/pkg/integrations/render/client.go:303.2,304.16 2 1
github.com/superplanehq/superplane/pkg/integrations/render/client.go:304.16,306.3 1 0
github.com/superplanehq/superplane/pkg/integrations/render/client.go:308.2,308.28 1 1
github.com/superplanehq/superplane/pkg/integrations/render/client.go:311.70,312.23 1 1
github.com/superplanehq/superplane/pkg/integrations/render/client.go:312.23,314.3 1 0
github.com/superplanehq/superplane/pkg/integrations/render/client.go:316.2,321.16 5 1
github.com/superplanehq/superplane/pkg/integrations/render/client.go:321.16,323.3 1 0
github.com/superplanehq/superplane/pkg/integrations/render/client.go:325.2,325.28 1 1
github.com/superplanehq/superplane/pkg/integrations/render/client.go:328.65,329.21 1 1
github.com/superplanehq/superplane/pkg/integrations/render/client.go:329.21,331.3 1 0
github.com/superplanehq/superplane/pkg/integrations/render/client.go:333.2,334.16 2 1
github.com/superplanehq/superplane/pkg/integrations/render/client.go:334.16,336.3 1 0
github.com/superplanehq/superplane/pkg/integrations/render/client.go:338.2,338.27 1 1
github.com/superplanehq/superplane/pkg/integrations/render/client.go:341.80,342.31 1 1
github.com/superplanehq/superplane/pkg/integrations/render/client.go:342.31,344.3 1 0
github.com/superplanehq/superplane/pkg/integrations/render/client.go:345.2,345.23 1 1
github.com/superplanehq/superplane/pkg/integrations/render/client.go:345.23,347.3 1 0
github.com/superplanehq/superplane/pkg/integrations/render/client.go:348.2,348.24 1 1
github.com/superplanehq/superplane/pkg/integrations/render/client.go:348.24,350.3 1 0
github.com/superplanehq/superplane/pkg/integrations/render/client.go:352.2,353.16 2 1
github.com/superplanehq/superplane/pkg/integrations/render/client.go:353.16,355.3 1 0
github.com/superplanehq/superplane/pkg/integrations/render/client.go:357.2,357.27 1 1
github.com/superplanehq/superplane/pkg/integrations/render/client.go:360.98,361.21 1 1
github.com/superplanehq/superplane/pkg/integrations/render/client.go:361.21,363.3 1 0
github.com/superplanehq/superplane/pkg/integrations/render/client.go:365.2,371.16 2 1
github.com/superplanehq/superplane/pkg/integrations/render/client.go:371.16,373.3 1 0
github.com/superplanehq/superplane/pkg/integrations/render/client.go:375.2,375.27 1 1
github.com/superplanehq/superplane/pkg/integrations/render/client.go:378.56,379.21 1 1
github.com/superplanehq/superplane/pkg/integrations/render/client.go:379.21,381.3 1 0
github.com/superplanehq/superplane/pkg/integrations/render/client.go:383.2,384.12 2 1
github.com/superplanehq/superplane/pkg/integrations/render/client.go:387.91,388.21 1 1
github.com/superplanehq/superplane/pkg/integrations/render/client.go:388.21,390.3 1 0
github.com/superplanehq/superplane/pkg/integrations/render/client.go:392.2,393.16 2 1
github.com/superplanehq/superplane/pkg/integrations/render/client.go:393.16,395.3 1 1
github.com/superplanehq/superplane/pkg/integrations/render/client.go:397.2,403.16 2 1
github.com/superplanehq/superplane/pkg/integrations/render/client.go:403.16,405.3 1 1
github.com/superplanehq/superplane/pkg/integrations/render/client.go:407.2,408.98 2 1
github.com/superplanehq/superplane/pkg/integrations/render/client.go:408.98,410.3 1 1
github.com/superplanehq/superplane/pkg/integrations/render/client.go:412.2,413.62 2 0
github.com/superplanehq/superplane/pkg/integrations/render/client.go:413.62,415.3 1 0
github.com/superplanehq/superplane/pkg/integrations/render/client.go:417.2,417.28 1 0
github.com/superplanehq/superplane/pkg/integrations/render/client.go:420.87,421.21 1 1
github.com/superplanehq/superplane/pkg/integrations/render/client.go:421.21,423.3 1 1
github.com/superplanehq/superplane/pkg/integrations/render/client.go:424.2,424.20 1 1
github.com/superplanehq/superplane/pkg/integrations/render/client.go:424.20,426.3 1 1
github.com/superplanehq/superplane/pkg/integrations/render/client.go:428.2,434.16 2 1
github.com/superplanehq/superplane/pkg/integrations/render/client.go:434.16,436.3 1 1
github.com/superplanehq/superplane/pkg/integrations/render/client.go:438.2,439.62 2 1
github.com/superplanehq/superplane/pkg/integrations/render/client.go:439.62,441.3 1 0
github.com/superplanehq/superplane/pkg/integrations/render/client.go:442.2,442.28 1 1
github.com/superplanehq/superplane/pkg/integrations/render/client.go:445.66,446.19 1 1
github.com/superplanehq/superplane/pkg/integrations/render/client.go:446.19,448.3 1 0
github.com/superplanehq/superplane/pkg/integrations/render/client.go:450.2,456.16 2 1
github.com/superplanehq/superplane/pkg/integrations/render/client.go:456.16,458.3 1 0
github.com/superplanehq/superplane/pkg/integrations/render/client.go:460.2,461.56 2 1
github.com/superplanehq/superplane/pkg/integrations/render/client.go:461.56,463.3 1 0
github.com/superplanehq/superplane/pkg/integrations/render/client.go:465.2,465.22 1 1
github.com/superplanehq/superplane/pkg/integrations/render/client.go:468.71,469.21 1 1
github.com/superplanehq/superplane/pkg/integrations/render/client.go:469.21,471.3 1 1
github.com/superplanehq/superplane/pkg/integrations/render/client.go:473.2,479.16 2 1
github.com/superplanehq/superplane/pkg/integrations/render/client.go:479.16,481.3 1 1
github.com/superplanehq/superplane/pkg/integrations/render/client.go:483.2,484.55 2 1
github.com/superplanehq/superplane/pkg/integrations/render/client.go:484.55,486.3 1 0
github.com/superplanehq/superplane/pkg/integrations/render/client.go:488.2,488.22 1 1
github.com/superplanehq/superplane/pkg/integrations/render/client.go:491.90,492.21 1 1
github.com/superplanehq/superplane/pkg/integrations/render/client.go:492.21,494.3 1 1
github.com/superplanehq/superplane/pkg/integrations/render/client.go:495.2,495.20 1 1
github.com/superplanehq/superplane/pkg/integrations/render/client.go:495.20,497.3 1 1
github.com/superplanehq/superplane/pkg/integrations/render/client.go:499.2,505.16 2 1
github.com/superplanehq/superplane/pkg/integrations/render/client.go:505.16,507.3 1 1
github.com/superplanehq/superplane/pkg/integrations/render/client.go:509.2,510.62 2 1
github.com/superplanehq/superplane/pkg/integrations/render/client.go:510.62,512.3 1 0
github.com/superplanehq/superplane/pkg/integrations/render/client.go:514.2,514.28 1 1
github.com/superplanehq/superplane/pkg/integrations/render/client.go:517.86,518.21 1 1
github.com/superplanehq/superplane/pkg/integrations/render/client.go:518.21,520.3 1 1
github.com/superplanehq/superplane/pkg/integrations/render/client.go:521.2,521.20 1 1
github.com/superplanehq/superplane/pkg/integrations/render/client.go:521.20,523.3 1 1
github.com/superplanehq/superplane/pkg/integrations/render/client.go:525.2,531.16 2 1
github.com/superplanehq/superplane/pkg/integrations/render/client.go:531.16,533.3 1 1
github.com/superplanehq/superplane/pkg/integrations/render/client.go:535.2,536.62 2 1
github.com/superplanehq/superplane/pkg/integrations/render/client.go:536.62,538.3 1 0
github.com/superplanehq/superplane/pkg/integrations/render/client.go:540.2,540.28 1 1
github.com/superplanehq/superplane/pkg/integrations/render/client.go:543.53,544.21 1 1
github.com/superplanehq/superplane/pkg/integrations/render/client.go:544.21,546.3 1 1
github.com/superplanehq/superplane/pkg/integrations/render/client.go:548.2,554.12 2 1
github.com/superplanehq/superplane/pkg/integrations/render/client.go:557.86,558.21 1 1
github.com/superplanehq/superplane/pkg/integrations/render/client.go:558.21,560.3 1 1
github.com/superplanehq/superplane/pkg/integrations/render/client.go:562.2,568.16 2 1
github.com/superplanehq/superplane/pkg/integrations/render/client.go:568.16,570.3 1 1
github.com/superplanehq/superplane/pkg/integrations/render/client.go:572.2,572.27 1 1
github.com/superplanehq/superplane/pkg/integrations/render/client.go:575.56,577.81 2 1
github.com/superplanehq/superplane/pkg/integrations/render/client.go:577.81,579.3 1 1
github.com/superplanehq/superplane/pkg/integrations/render/client.go:581.2,582.63 2 0
github.com/superplanehq/superplane/pkg/integrations/render/client.go:582.63,584.3 1 0
github.com/superplanehq/superplane/pkg/integrations/render/client.go:586.2,586.29 1 0
github.com/superplanehq/superplane/pkg/integrations/render/client.go:589.52,591.81 2 1
github.com/superplanehq/superplane/pkg/integrations/render/client.go:591.81,593.3 1 1
github.com/superplanehq/superplane/pkg/integrations/render/client.go:595.2,596.61 2 0
github.com/superplanehq/superplane/pkg/integrations/render/client.go:596.61,598.3 1 0
github.com/superplanehq/superplane/pkg/integrations/render/client.go:600.2,600.27 1 0
github.com/superplanehq/superplane/pkg/integrations/render/client.go:603.52,605.81 2 1
github.com/superplanehq/superplane/pkg/integrations/render/client.go:605.81,607.3 1 1
github.com/superplanehq/superplane/pkg/integrations/render/client.go:609.2,610.61 2 1
github.com/superplanehq/superplane/pkg/integrations/render/client.go:610.61,612.3 1 0
github.com/superplanehq/superplane/pkg/integrations/render/client.go:614.2,614.27 1 1
github.com/superplanehq/superplane/pkg/integrations/render/client.go:617.50,619.75 2 1
github.com/superplanehq/superplane/pkg/integrations/render/client.go:619.75,621.3 1 1
github.com/superplanehq/superplane/pkg/integrations/render/client.go:623.2,626.55 2 0
github.com/superplanehq/superplane/pkg/integrations/render/client.go:626.55,628.3 1 0
github.com/superplanehq/superplane/pkg/integrations/render/client.go:630.2,630.30 1 0
github.com/superplanehq/superplane/pkg/integrations/render/client.go:630.30,632.3 1 0
github.com/superplanehq/superplane/pkg/integrations/render/client.go:634.2,634.30 1 0
github.com/superplanehq/superplane/pkg/integrations/render/client.go:637.78,639.34 2 1
github.com/superplanehq/superplane/pkg/integrations/render/client.go:639.34,640.30 1 1
github.com/superplanehq/superplane/pkg/integrations/render/client.go:640.30,641.12 1 0
github.com/superplanehq/superplane/pkg/integrations/render/client.go:644.3,644.50 1 1
github.com/superplanehq/superplane/pkg/integrations/render/client.go:647.2,647.19 1 1
github.com/superplanehq/superplane/pkg/integrations/render/client.go:650.72,652.34 2 1
github.com/superplanehq/superplane/pkg/integrations/render/client.go:652.34,653.28 1 1
github.com/superplanehq/superplane/pkg/integrations/render/client.go:653.28,654.12 1 0
github.com/superplanehq/superplane/pkg/integrations/render/client.go:657.3,657.44 1 1
github.com/superplanehq/superplane/pkg/integrations/render/client.go:660.2,660.17 1 1
github.com/superplanehq/superplane/pkg/integrations/render/client.go:663.72,665.34 2 1
github.com/superplanehq/superplane/pkg/integrations/render/client.go:665.34,666.28 1 1
github.com/superplanehq/superplane/pkg/integrations/render/client.go:666.28,667.12 1 0
github.com/superplanehq/superplane/pkg/integrations/render/client.go:670.3,670.44 1 1
github.com/superplanehq/superplane/pkg/integrations/render/client.go:673.2,673.17 1 1
github.com/superplanehq/superplane/pkg/integrations/render/client.go:676.50,678.81 2 1
github.com/superplanehq/superplane/pkg/integrations/render/client.go:678.81,680.22 2 1
github.com/superplanehq/superplane/pkg/integrations/render/client.go:680.22,682.4 1 1
github.com/superplanehq/superplane/pkg/integrations/render/client.go:685.2,686.60 2 1
github.com/superplanehq/superplane/pkg/integrations/render/client.go:686.60,688.3 1 0
github.com/superplanehq/superplane/pkg/integrations/render/client.go:690.2,690.26 1 1
github.com/superplanehq/superplane/pkg/integrations/render/client.go:693.69,695.34 2 1
github.com/superplanehq/superplane/pkg/integrations/render/client.go:695.34,696.28 1 1
github.com/superplanehq/superplane/pkg/integrations/render/client.go:696.28,697.12 1 1
github.com/superplanehq/superplane/pkg/integrations/render/client.go:700.3,700.41 1 1
github.com/superplanehq/superplane/pkg/integrations/render/client.go:703.2,703.16 1 1
github.com/superplanehq/superplane/pkg/integrations/render/client.go:711.35,713.20 2 1
github.com/superplanehq/superplane/pkg/integrations/render/client.go:713.20,715.3 1 1
github.com/superplanehq/superplane/pkg/integrations/render/client.go:717.2,718.20 2 1
github.com/superplanehq/superplane/pkg/integrations/render/client.go:718.20,720.17 2 1
github.com/superplanehq/superplane/pkg/integrations/render/client.go:720.17,722.4 1 0
github.com/superplanehq/superplane/pkg/integrations/render/client.go:723.3,723.38 1 1
github.com/superplanehq/superplane/pkg/integrations/render/client.go:726.2,727.16 2 1
github.com/superplanehq/superplane/pkg/integrations/render/client.go:727.16,729.3 1 0
github.com/superplanehq/superplane/pkg/integrations/render/client.go:731.2,733.20 3 1
github.com/superplanehq/superplane/pkg/integrations/render/client.go:733.20,735.3 1 1
github.com/superplanehq/superplane/pkg/integrations/render/client.go:737.2,738.16 2 1
github.com/superplanehq/superplane/pkg/integrations/render/client.go:738.16,740.3 1 0
github.com/superplanehq/superplane/pkg/integrations/render/client.go:741.2,744.16 3 1
github.com/superplanehq/superplane/pkg/integrations/render/client.go:744.16,746.3 1 0
github.com/superplanehq/superplane/pkg/integrations/render/client.go:748.2,748.84 1 1
github.com/superplanehq/superplane/pkg/integrations/render/client.go:748.84,750.3 1 1
github.com/superplanehq/superplane/pkg/integrations/render/client.go:752.2,752.31 1 1
github.com/superplanehq/superplane/pkg/integrations/render/common.go:58.24,60.82 2 1
github.com/superplanehq/superplane/pkg/integrations/render/common.go:60.82,65.3 1 0
github.com/superplanehq/superplane/pkg/integrations/render/common.go:67.2,68.48 2 1
github.com/superplanehq/superplane/pkg/integrations/render/common.go:68.48,73.3 1 1
github.com/superplanehq/superplane/pkg/integrations/render/common.go:75.2,76.32 2 1
github.com/superplanehq/superplane/pkg/integrations/render/common.go:77.59,82.4 1 1
github.com/superplanehq/superplane/pkg/integrations/render/common.go:83.10,87.4 1 0
github.com/superplanehq/superplane/pkg/integrations/render/common.go:91.82,96.26 2 1
github.com/superplanehq/superplane/pkg/integrations/render/common.go:96.26,98.3 1 0
github.com/superplanehq/superplane/pkg/integrations/render/common.go:100.2,100.82 1 1
github.com/superplanehq/superplane/pkg/integrations/render/common.go:100.82,102.3 1 0
github.com/superplanehq/superplane/pkg/integrations/render/common.go:104.2,104.65 1 1
github.com/superplanehq/superplane/pkg/integrations/render/common.go:107.93,114.44 2 1
github.com/superplanehq/superplane/pkg/integrations/render/common.go:114.44,115.49 1 0
github.com/superplanehq/superplane/pkg/integrations/render/common.go:115.49,117.4 1 0
github.com/superplanehq/superplane/pkg/integrations/render/common.go:117.9,119.4 1 0
github.com/superplanehq/superplane/pkg/integrations/render/common.go:122.2,122.69 1 1
github.com/superplanehq/superplane/pkg/integrations/render/common.go:122.69,127.3 1 1
github.com/superplanehq/superplane/pkg/integrations/render/common.go:129.2,129.46 1 1
github.com/superplanehq/superplane/pkg/integrations/render/common.go:130.59,131.33 1 1
github.com/superplanehq/superplane/pkg/integrations/render/common.go:132.10,136.4 1 0
github.com/superplanehq/superplane/pkg/integrations/render/common.go:140.61,143.59 2 1
github.com/superplanehq/superplane/pkg/integrations/render/common.go:143.59,145.3 1 0
github.com/superplanehq/superplane/pkg/integrations/render/common.go:147.2,148.58 1 1
github.com/superplanehq/superplane/pkg/integrations/render/common.go:148.58,150.3 1 1
github.com/superplanehq/superplane/pkg/integrations/render/common.go:152.2,152.21 1 1
github.com/superplanehq/superplane/pkg/integrations/render/common.go:155.70,159.34 4 1
github.com/superplanehq/superplane/pkg/integrations/render/common.go:159.34,161.3 1 0
github.com/superplanehq/superplane/pkg/integrations/render/common.go:163.2,164.32 2 1
github.com/superplanehq/superplane/pkg/integrations/render/common.go:164.32,166.3 1 1
github.com/superplanehq/superplane/pkg/integrations/render/common.go:168.2,168.26 1 0
github.com/superplanehq/superplane/pkg/integrations/render/common.go:171.71,176.2 4 1
github.com/superplanehq/superplane/pkg/integrations/render/common.go:178.79,179.59 1 1
github.com/superplanehq/superplane/pkg/integrations/render/common.go:179.59,180.37 1 1
github.com/superplanehq/superplane/pkg/integrations/render/common.go:181.34,182.34 1 0
github.com/superplanehq/superplane/pkg/integrations/render/common.go:183.33,184.33 1 1
github.com/superplanehq/superplane/pkg/integrations/render/common.go:187.2,187.89 1 1
github.com/superplanehq/superplane/pkg/integrations/render/common.go:190.79,191.59 1 1
github.com/superplanehq/superplane/pkg/integrations/render/common.go:191.59,192.37 1 1
github.com/superplanehq/superplane/pkg/integrations/render/common.go:193.34,194.62 1 0
github.com/superplanehq/superplane/pkg/integrations/render/common.go:195.33,196.61 1 1
github.com/superplanehq/superplane/pkg/integrations/render/common.go:199.2,199.89 1 1
github.com/superplanehq/superplane/pkg/integrations/render/common.go:202.65,209.2 3 1
github.com/superplanehq/superplane/pkg/integrations/render/common.go:214.25,242.2 1 0
github.com/superplanehq/superplane/pkg/integrations/render/common.go:244.98,246.68 2 1
github.com/superplanehq/superplane/pkg/integrations/render/common.go:246.68,248.3 1 0
github.com/superplanehq/superplane/pkg/integrations/render/common.go:250.2,252.20 3 1
github.com/superplanehq/superplane/pkg/integrations/render/common.go:255.98,257.24 2 1
github.com/superplanehq/superplane/pkg/integrations/render/common.go:257.24,259.3 1 0
github.com/superplanehq/superplane/pkg/integrations/render/common.go:261.2,262.79 2 1
github.com/superplanehq/superplane/pkg/integrations/render/common.go:262.79,264.3 1 0
github.com/superplanehq/superplane/pkg/integrations/render/common.go:266.2,267.90 1 1
github.com/superplanehq/superplane/pkg/integrations/render/common.go:267.90,269.3 1 0
github.com/superplanehq/superplane/pkg/integrations/render/common.go:271.2,272.16 2 1
github.com/superplanehq/superplane/pkg/integrations/render/common.go:272.16,274.3 1 0
github.com/superplanehq/superplane/pkg/integrations/render/common.go:276.2,277.16 2 1
github.com/superplanehq/superplane/pkg/integrations/render/common.go:277.16,279.3 1 0
github.com/superplanehq/superplane/pkg/integrations/render/common.go:281.2,282.16 2 1
github.com/superplanehq/superplane/pkg/integrations/render/common.go:282.16,284.3 1 0
github.com/superplanehq/superplane/pkg/integrations/render/common.go:286.2,287.20 2 1
github.com/superplanehq/superplane/pkg/integrations/render/common.go:287.20,289.3 1 0
github.com/superplanehq/superplane/pkg/integrations/render/common.go:291.2,296.4 1 1
github.com/superplanehq/superplane/pkg/integrations/render/common.go:299.61,301.24 2 1
github.com/superplanehq/superplane/pkg/integrations/render/common.go:301.24,303.3 1 0
github.com/superplanehq/superplane/pkg/integrations/render/common.go:305.2,305.67 1 1
github.com/superplanehq/superplane/pkg/integrations/render/common.go:305.67,307.3 1 1
github.com/superplanehq/superplane/pkg/integrations/render/common.go:308.2,308.18 1 1
github.com/superplanehq/superplane/pkg/integrations/render/common.go:308.18,310.3 1 1
github.com/superplanehq/superplane/pkg/integrations/render/common.go:312.2,312.69 1 0
github.com/superplanehq/superplane/pkg/integrations/render/common.go:312.69,314.3 1 0
github.com/superplanehq/superplane/pkg/integrations/render/common.go:315.2,315.19 1 0
github.com/superplanehq/superplane/pkg/integrations/render/common.go:315.19,317.3 1 0
github.com/superplanehq/superplane/pkg/integrations/render/common.go:319.2,319.29 1 0
github.com/superplanehq/superplane/pkg/integrations/render/common.go:328.16,329.52 1 1
github.com/superplanehq/superplane/pkg/integrations/render/common.go:329.52,331.3 1 1
github.com/superplanehq/superplane/pkg/integrations/render/common.go:333.2,334.59 2 1
github.com/superplanehq/superplane/pkg/integrations/render/common.go:334.59,336.3 1 0
github.com/superplanehq/superplane/pkg/integrations/render/common.go:338.2,339.21 2 1
github.com/superplanehq/superplane/pkg/integrations/render/common.go:339.21,341.3 1 0
github.com/superplanehq/superplane/pkg/integrations/render/common.go:343.2,343.52 1 1
github.com/superplanehq/superplane/pkg/integrations/render/common.go:343.52,345.3 1 1
github.com/superplanehq/superplane/pkg/integrations/render/common.go:347.2,348.41 2 1
github.com/superplanehq/superplane/pkg/integrations/render/common.go:348.41,350.22 2 0
github.com/superplanehq/superplane/pkg/integrations/render/common.go:350.22,352.4 1 0
github.com/superplanehq/superplane/pkg/integrations/render/common.go:355.2,357.16 3 1
github.com/superplanehq/superplane/pkg/integrations/render/common.go:357.16,359.3 1 1
github.com/superplanehq/superplane/pkg/integrations/render/common.go:361.2,362.76 2 1
github.com/superplanehq/superplane/pkg/integrations/render/common.go:362.76,364.3 1 1
github.com/superplanehq/superplane/pkg/integrations/render/common.go:366.2,367.34 2 1
github.com/superplanehq/superplane/pkg/integrations/render/common.go:367.34,369.3 1 1
github.com/superplanehq/superplane/pkg/integrations/render/common.go:371.2,371.53 1 1
github.com/superplanehq/superplane/pkg/integrations/render/common.go:371.53,373.3 1 1
github.com/superplanehq/superplane/pkg/integrations/render/common.go:375.2,378.70 3 1
github.com/superplanehq/superplane/pkg/integrations/render/common.go:378.70,380.3 1 0
github.com/superplanehq/superplane/pkg/integrations/render/common.go:382.2,382.27 1 1
github.com/superplanehq/superplane/pkg/integrations/render/common.go:385.84,387.19 2 1
github.com/superplanehq/superplane/pkg/integrations/render/common.go:387.19,389.3 1 0
github.com/superplanehq/superplane/pkg/integrations/render/common.go:391.2,391.31 1 1
github.com/superplanehq/superplane/pkg/integrations/render/common.go:394.97,395.64 1 1
github.com/superplanehq/superplane/pkg/integrations/render/common.go:395.64,397.3 1 1
github.com/superplanehq/superplane/pkg/integrations/render/common.go:399.2,400.16 2 1
github.com/superplanehq/superplane/pkg/integrations/render/common.go:400.16,402.3 1 0
github.com/superplanehq/superplane/pkg/integrations/render/common.go:404.2,404.33 1 1
github.com/superplanehq/superplane/pkg/integrations/render/common.go:412.63,413.26 1 1
github.com/superplanehq/superplane/pkg/integrations/render/common.go:413.26,415.3 1 1
github.com/superplanehq/superplane/pkg/integrations/render/common.go:417.2,419.41 2 1
github.com/superplanehq/superplane/pkg/integrations/render/common.go:420.34,421.49 1 1
github.com/superplanehq/superplane/pkg/integrations/render/common.go:422.33,423.47 1 1
github.com/superplanehq/superplane/pkg/integrations/render/common.go:426.2,426.15 1 1
github.com/superplanehq/superplane/pkg/integrations/render/common.go:433.18,435.31 2 1
github.com/superplanehq/superplane/pkg/integrations/render/common.go:435.31,437.3 1 1
github.com/superplanehq/superplane/pkg/integrations/render/common.go:439.2,439.47 1 1
github.com/superplanehq/superplane/pkg/integrations/render/common.go:439.47,441.22 2 0
github.com/superplanehq/superplane/pkg/integrations/render/common.go:441.22,443.4 1 0
github.com/superplanehq/superplane/pkg/integrations/render/common.go:446.2,446.26 1 1
github.com/superplanehq/superplane/pkg/integrations/render/common.go:446.26,448.3 1 1
github.com/superplanehq/superplane/pkg/integrations/render/common.go:450.2,452.22 3 1
github.com/superplanehq/superplane/pkg/integrations/render/common.go:452.22,454.3 1 1
github.com/superplanehq/superplane/pkg/integrations/render/common.go:455.2,455.22 1 1
github.com/superplanehq/superplane/pkg/integrations/render/common.go:455.22,457.3 1 0
github.com/superplanehq/superplane/pkg/integrations/render/common.go:459.2,459.77 1 1
github.com/superplanehq/superplane/pkg/integrations/render/common.go:459.77,461.3 1 1
github.com/superplanehq/superplane/pkg/integrations/render/common.go:463.2,463.75 1 1
github.com/superplanehq/superplane/pkg/integrations/render/common.go:463.75,465.3 1 1
github.com/superplanehq/superplane/pkg/integrations/render/common.go:467.2,467.85 1 1
github.com/superplanehq/superplane/pkg/integrations/render/common.go:467.85,469.3 1 1
github.com/superplanehq/superplane/pkg/integrations/render/common.go:471.2,471.19 1 1
github.com/superplanehq/superplane/pkg/integrations/render/common.go:474.69,475.21 1 1
github.com/superplanehq/superplane/pkg/integrations/render/common.go:475.21,477.3 1 0
github.com/superplanehq/superplane/pkg/integrations/render/common.go:479.2,479.19 1 1
github.com/superplanehq/superplane/pkg/integrations/render/common.go:479.19,481.3 1 0
github.com/superplanehq/superplane/pkg/integrations/render/common.go:483.2,483.29 1 1
github.com/superplanehq/superplane/pkg/integrations/render/common.go:490.3,492.17 2 1
github.com/superplanehq/superplane/pkg/integrations/render/common.go:492.17,494.3 1 0
github.com/superplanehq/superplane/pkg/integrations/render/common.go:496.2,496.35 1 1
github.com/superplanehq/superplane/pkg/integrations/render/common.go:496.35,498.3 1 1
github.com/superplanehq/superplane/pkg/integrations/render/common.go:500.2,501.22 2 1
github.com/superplanehq/superplane/pkg/integrations/render/common.go:501.22,503.3 1 0
github.com/superplanehq/superplane/pkg/integrations/render/common.go:505.2,505.44 1 1
github.com/superplanehq/superplane/pkg/integrations/render/common.go:505.44,507.3 1 1
github.com/superplanehq/superplane/pkg/integrations/render/common.go:509.2,509.26 1 0
github.com/superplanehq/superplane/pkg/integrations/render/common.go:512.88,513.25 1 1
github.com/superplanehq/superplane/pkg/integrations/render/common.go:513.25,515.3 1 0
github.com/superplanehq/superplane/pkg/integrations/render/common.go:517.2,517.56 1 1
github.com/superplanehq/superplane/pkg/integrations/render/common.go:517.56,519.3 1 1
github.com/superplanehq/superplane/pkg/integrations/render/common.go:521.2,521.20 1 1
github.com/superplanehq/superplane/pkg/integrations/render/common.go:524.88,526.39 2 1
github.com/superplanehq/superplane/pkg/integrations/render/common.go:526.39,527.53 1 1
github.com/superplanehq/superplane/pkg/integrations/render/common.go:527.53,528.12 1 0
github.com/superplanehq/superplane/pkg/integrations/render/common.go:531.3,531.53 1 1
github.com/superplanehq/superplane/pkg/integrations/render/common.go:531.53,532.12 1 0
github.com/superplanehq/superplane/pkg/integrations/render/common.go:535.3,535.61 1 1
github.com/superplanehq/superplane/pkg/integrations/render/common.go:538.2,538.27 1 1
github.com/superplanehq/superplane/pkg/integrations/render/common.go:541.63,543.39 2 1
github.com/superplanehq/superplane/pkg/integrations/render/common.go:543.39,545.32 2 1
github.com/superplanehq/superplane/pkg/integrations/render/common.go:545.32,546.12 1 0
github.com/superplanehq/superplane/pkg/integrations/render/common.go:549.3,549.65 1 1
github.com/superplanehq/superplane/pkg/integrations/render/common.go:549.65,550.12 1 0
github.com/superplanehq/superplane/pkg/integrations/render/common.go:553.3,553.75 1 1
github.com/superplanehq/superplane/pkg/integrations/render/common.go:556.2,557.29 2 1
github.com/superplanehq/superplane/pkg/integrations/render/common.go:560.67,561.24 1 1
github.com/superplanehq/superplane/pkg/integrations/render/common.go:561.24,563.3 1 0
github.com/superplanehq/superplane/pkg/integrations/render/common.go:565.2,566.16 2 1
github.com/superplanehq/superplane/pkg/integrations/render/common.go:566.16,568.3 1 0
github.com/superplanehq/superplane/pkg/integrations/render/common.go:570.2,570.22 1 1
github.com/superplanehq/superplane/pkg/integrations/render/common.go:570.22,572.3 1 0
github.com/superplanehq/superplane/pkg/integrations/render/common.go:574.2,578.72 4 1
github.com/superplanehq/superplane/pkg/integrations/render/common.go:578.72,580.3 1 1
github.com/superplanehq/superplane/pkg/integrations/render/common.go:582.2,583.16 2 1
github.com/superplanehq/superplane/pkg/integrations/render/common.go:583.16,585.3 1 0
github.com/superplanehq/superplane/pkg/integrations/render/common.go:587.2,587.76 1 1
github.com/superplanehq/superplane/pkg/integrations/render/common.go:587.76,589.3 1 1
github.com/superplanehq/superplane/pkg/integrations/render/common.go:591.2,592.16 2 1
github.com/superplanehq/superplane/pkg/integrations/render/common.go:592.16,594.3 1 0
github.com/superplanehq/superplane/pkg/integrations/render/common.go:596.2,600.34 4 1
github.com/superplanehq/superplane/pkg/integrations/render/common.go:600.34,604.50 4 1
github.com/superplanehq/superplane/pkg/integrations/render/common.go:604.50,606.4 1 1
github.com/superplanehq/superplane/pkg/integrations/render/common.go:610.3,615.50 6 1
github.com/superplanehq/superplane/pkg/integrations/render/common.go:615.50,617.4 1 0
github.com/superplanehq/superplane/pkg/integrations/render/common.go:620.2,620.40 1 1
github.com/superplanehq/superplane/pkg/integrations/render/common.go:623.67,625.19 2 1
github.com/superplanehq/superplane/pkg/integrations/render/common.go:625.19,627.3 1 0
github.com/superplanehq/superplane/pkg/integrations/render/common.go:631.2,632.26 2 1
github.com/superplanehq/superplane/pkg/integrations/render/common.go:632.26,634.3 1 0
github.com/superplanehq/superplane/pkg/integrations/render/common.go:636.2,638.35 3 1
github.com/superplanehq/superplane/pkg/integrations/render/common.go:638.35,640.21 2 1
github.com/superplanehq/superplane/pkg/integrations/render/common.go:640.21,641.12 1 0
github.com/superplanehq/superplane/pkg/integrations/render/common.go:644.3,645.22 2 1
github.com/superplanehq/superplane/pkg/integrations/render/common.go:645.22,646.12 1 0
github.com/superplanehq/superplane/pkg/integrations/render/common.go:649.3,649.37 1 1
github.com/superplanehq/superplane/pkg/integrations/render/common.go:649.37,651.23 2 1
github.com/superplanehq/superplane/pkg/integrations/render/common.go:651.23,652.13 1 0
github.com/superplanehq/superplane/pkg/integrations/render/common.go:655.4,656.24 2 1
github.com/superplanehq/superplane/pkg/integrations/render/common.go:656.24,657.13 1 0
github.com/superplanehq/superplane/pkg/integrations/render/common.go:660.4,661.38 2 1
github.com/superplanehq/superplane/pkg/integrations/render/common.go:661.38,662.13 1 0
github.com/superplanehq/superplane/pkg/integrations/render/common.go:665.4,666.44 2 1
github.com/superplanehq/superplane/pkg/integrations/render/common.go:670.2,670.26 1 1
github.com/superplanehq/superplane/pkg/integrations/render/common.go:670.26,672.3 1 0
github.com/superplanehq/superplane/pkg/integrations/render/common.go:674.2,674.24 1 1
github.com/superplanehq/superplane/pkg/integrations/render/common.go:677.49,685.35 2 1
github.com/superplanehq/superplane/pkg/integrations/render/common.go:685.35,687.17 2 1
github.com/superplanehq/superplane/pkg/integrations/render/common.go:687.17,689.4 1 1
github.com/superplanehq/superplane/pkg/integrations/render/common.go:692.2,692.57 1 0
github.com/superplanehq/superplane/pkg/integrations/render/common.go:695.42,697.25 2 1
github.com/superplanehq/superplane/pkg/integrations/render/common.go:697.25,699.3 1 0
github.com/superplanehq/superplane/pkg/integrations/render/common.go:701.2,703.9 3 1
github.com/superplanehq/superplane/pkg/integrations/render/common.go:704.50,705.62 1 1
github.com/superplanehq/superplane/pkg/integrations/render/common.go:706.50,707.62 1 1
github.com/superplanehq/superplane/pkg/integrations/render/common.go:708.10,709.14 1 0
github.com/superplanehq/superplane/pkg/integrations/render/common.go:712.2,713.43 2 1
github.com/superplanehq/superplane/pkg/integrations/render/common.go:713.43,715.3 1 0
github.com/superplanehq/superplane/pkg/integrations/render/common.go:717.2,718.58 2 1
github.com/superplanehq/superplane/pkg/integrations/render/common.go:718.58,720.3 1 1
github.com/superplanehq/superplane/pkg/integrations/render/common.go:720.5,722.3 1 0
github.com/superplanehq/superplane/pkg/integrations/render/common.go:724.2,724.36 1 1
github.com/superplanehq/superplane/pkg/integrations/render/common.go:727.69,728.69 1 1
github.com/superplanehq/superplane/pkg/integrations/render/common.go:728.69,730.3 1 1
github.com/superplanehq/superplane/pkg/integrations/render/common.go:733.43,735.28 2 1
github.com/superplanehq/superplane/pkg/integrations/render/common.go:735.28,737.3 1 1
github.com/superplanehq/superplane/pkg/integrations/render/common.go:739.2,741.29 3 1
github.com/superplanehq/superplane/pkg/integrations/render/common.go:741.29,743.24 2 1
github.com/superplanehq/superplane/pkg/integrations/render/common.go:743.24,744.12 1 0
github.com/superplanehq/superplane/pkg/integrations/render/common.go:747.3,747.68 1 1
github.com/superplanehq/superplane/pkg/integrations/render/common.go:750.2,750.28 1 1
github.com/superplanehq/superplane/pkg/integrations/render/common.go:750.28,752.3 1 0
github.com/superplanehq/superplane/pkg/integrations/render/common.go:754.2,754.52 1 1
github.com/superplanehq/superplane/pkg/integrations/render/common.go:757.61,759.24 2 1
github.com/superplanehq/superplane/pkg/integrations/render/common.go:759.24,761.3 1 0
github.com/superplanehq/superplane/pkg/integrations/render/common.go:763.2,764.16 2 1
github.com/superplanehq/superplane/pkg/integrations/render/common.go:764.16,766.3 1 1
github.com/superplanehq/superplane/pkg/integrations/render/common.go:768.2,769.16 2 0
github.com/superplanehq/superplane/pkg/integrations/render/common.go:769.16,771.3 1 0
github.com/superplanehq/superplane/pkg/integrations/render/common.go:773.2,773.53 1 0
github.com/superplanehq/superplane/pkg/integrations/render/common.go:776.53,777.15 1 1
github.com/superplanehq/superplane/pkg/integrations/render/common.go:777.15,779.3 1 0
github.com/superplanehq/superplane/pkg/integrations/render/common.go:781.2,781.14 1 1
github.com/superplanehq/superplane/pkg/integrations/render/common.go:784.35,785.18 1 1
github.com/superplanehq/superplane/pkg/integrations/render/common.go:785.18,787.3 1 1
github.com/superplanehq/superplane/pkg/integrations/render/common.go:789.2,790.9 2 1
github.com/superplanehq/superplane/pkg/integrations/render/common.go:790.9,792.3 1 0
github.com/superplanehq/superplane/pkg/integrations/render/common.go:794.2,794.29 1 1
github.com/superplanehq/superplane/pkg/integrations/render/common.go:797.40,798.18 1 1
github.com/superplanehq/superplane/pkg/integrations/render/common.go:798.18,800.3 1 0
github.com/superplanehq/superplane/pkg/integrations/render/common.go:802.2,803.9 2 1
github.com/superplanehq/superplane/pkg/integrations/render/common.go:803.9,805.3 1 0
github.com/superplanehq/superplane/pkg/integrations/render/common.go:807.2,807.13 1 1
github.com/superplanehq/superplane/pkg/integrations/render/deploy.go:59.32,61.2 1 0
github.com/superplanehq/superplane/pkg/integrations/render/deploy.go:63.33,65.2 1 0
github.com/superplanehq/superplane/pkg/integrations/render/deploy.go:67.39,69.2 1 0
github.com/superplanehq/superplane/pkg/integrations/render/deploy.go:71.41,103.2 1 0
github.com/superplanehq/superplane/pkg/integrations/render/deploy.go:105.32,107.2 1 0
github.com/superplanehq/superplane/pkg/integrations/render/deploy.go:109.33,111.2 1 0
github.com/superplanehq/superplane/pkg/integrations/render/deploy.go:113.73,118.2 1 0
github.com/superplanehq/superplane/pkg/integrations/render/deploy.go:120.56,143.2 1 0
github.com/superplanehq/superplane/pkg/integrations/render/deploy.go:145.80,147.66 2 1
github.com/superplanehq/superplane/pkg/integrations/render/deploy.go:147.66,149.3 1 0
github.com/superplanehq/superplane/pkg/integrations/render/deploy.go:151.2,152.24 2 1
github.com/superplanehq/superplane/pkg/integrations/render/deploy.go:152.24,154.3 1 1
github.com/superplanehq/superplane/pkg/integrations/render/deploy.go:156.2,156.18 1 1
github.com/superplanehq/superplane/pkg/integrations/render/deploy.go:159.53,160.72 1 1
github.com/superplanehq/superplane/pkg/integrations/render/deploy.go:160.72,162.3 1 1
github.com/superplanehq/superplane/pkg/integrations/render/deploy.go:165.2,171.12 2 1
github.com/superplanehq/superplane/pkg/integrations/render/deploy.go:174.85,176.2 1 0
github.com/superplanehq/superplane/pkg/integrations/render/deploy.go:178.59,180.16 2 1
github.com/superplanehq/superplane/pkg/integrations/render/deploy.go:180.16,182.3 1 1
github.com/superplanehq/superplane/pkg/integrations/render/deploy.go:184.2,185.16 2 1
github.com/superplanehq/superplane/pkg/integrations/render/deploy.go:185.16,187.3 1 0
github.com/superplanehq/superplane/pkg/integrations/render/deploy.go:189.2,190.16 2 1
github.com/superplanehq/superplane/pkg/integrations/render/deploy.go:190.16,192.3 1 1
github.com/superplanehq/superplane/pkg/integrations/render/deploy.go:194.2,195.20 2 1
github.com/superplanehq/superplane/pkg/integrations/render/deploy.go:195.20,197.3 1 0
github.com/superplanehq/superplane/pkg/integrations/render/deploy.go:199.2,208.16 2 1
github.com/superplanehq/superplane/pkg/integrations/render/deploy.go:208.16,210.3 1 0
github.com/superplanehq/superplane/pkg/integrations/render/deploy.go:212.2,212.79 1 1
github.com/superplanehq/superplane/pkg/integrations/render/deploy.go:212.79,214.3 1 0
github.com/superplanehq/superplane/pkg/integrations/render/deploy.go:217.2,217.86 1 1
github.com/superplanehq/superplane/pkg/integrations/render/deploy.go:220.42,227.2 1 0
github.com/superplanehq/superplane/pkg/integrations/render/deploy.go:229.61,230.18 1 0
github.com/superplanehq/superplane/pkg/integrations/render/deploy.go:231.14,232.21 1 0
github.com/superplanehq/superplane/pkg/integrations/render/deploy.go:234.2,234.51 1 0
github.com/superplanehq/superplane/pkg/integrations/render/deploy.go:237.53,238.37 1 0
github.com/superplanehq/superplane/pkg/integrations/render/deploy.go:238.37,240.3 1 0
github.com/superplanehq/superplane/pkg/integrations/render/deploy.go:242.2,243.16 2 0
github.com/superplanehq/superplane/pkg/integrations/render/deploy.go:243.16,245.3 1 0
github.com/superplanehq/superplane/pkg/integrations/render/deploy.go:247.2,248.75 2 0
github.com/superplanehq/superplane/pkg/integrations/render/deploy.go:248.75,250.3 1 0
github.com/superplanehq/superplane/pkg/integrations/render/deploy.go:252.2,252.56 1 0
github.com/superplanehq/superplane/pkg/integrations/render/deploy.go:252.56,254.3 1 0
github.com/superplanehq/superplane/pkg/integrations/render/deploy.go:256.2,256.38 1 0
github.com/superplanehq/superplane/pkg/integrations/render/deploy.go:256.38,258.3 1 0
github.com/superplanehq/superplane/pkg/integrations/render/deploy.go:260.2,261.16 2 0
github.com/superplanehq/superplane/pkg/integrations/render/deploy.go:261.16,263.3 1 0
github.com/superplanehq/superplane/pkg/integrations/render/deploy.go:265.2,266.16 2 0
github.com/superplanehq/superplane/pkg/integrations/render/deploy.go:266.16,268.3 1 0
github.com/superplanehq/superplane/pkg/integrations/render/deploy.go:270.2,270.29 1 0
github.com/superplanehq/superplane/pkg/integrations/render/deploy.go:270.29,272.3 1 0
github.com/superplanehq/superplane/pkg/integrations/render/deploy.go:274.2,276.51 3 0
github.com/superplanehq/superplane/pkg/integrations/render/deploy.go:276.51,278.3 1 0
github.com/superplanehq/superplane/pkg/integrations/render/deploy.go:280.2,280.40 1 0
github.com/superplanehq/superplane/pkg/integrations/render/deploy.go:283.77,284.52 1 1
github.com/superplanehq/superplane/pkg/integrations/render/deploy.go:284.52,286.3 1 0
github.com/superplanehq/superplane/pkg/integrations/render/deploy.go:288.2,289.16 2 1
github.com/superplanehq/superplane/pkg/integrations/render/deploy.go:289.16,291.3 1 0
github.com/superplanehq/superplane/pkg/integrations/render/deploy.go:293.2,293.48 1 1
github.com/superplanehq/superplane/pkg/integrations/render/deploy.go:293.48,295.3 1 0
github.com/superplanehq/superplane/pkg/integrations/render/deploy.go:297.2,298.16 2 1
github.com/superplanehq/superplane/pkg/integrations/render/deploy.go:298.16,300.3 1 0
github.com/superplanehq/superplane/pkg/integrations/render/deploy.go:301.2,301.50 1 1
github.com/superplanehq/superplane/pkg/integrations/render/deploy.go:301.50,303.3 1 1
github.com/superplanehq/superplane/pkg/integrations/render/deploy.go:305.2,306.16 2 1
github.com/superplanehq/superplane/pkg/integrations/render/deploy.go:306.16,308.3 1 0
github.com/superplanehq/superplane/pkg/integrations/render/deploy.go:309.2,309.25 1 1
github.com/superplanehq/superplane/pkg/integrations/render/deploy.go:309.25,311.3 1 0
github.com/superplanehq/superplane/pkg/integrations/render/deploy.go:313.2,314.84 2 1
github.com/superplanehq/superplane/pkg/integrations/render/deploy.go:314.84,316.3 1 0
github.com/superplanehq/superplane/pkg/integrations/render/deploy.go:318.2,318.64 1 1
github.com/superplanehq/superplane/pkg/integrations/render/deploy.go:318.64,320.3 1 0
github.com/superplanehq/superplane/pkg/integrations/render/deploy.go:322.2,323.60 2 1
github.com/superplanehq/superplane/pkg/integrations/render/deploy.go:323.60,325.3 1 0
github.com/superplanehq/superplane/pkg/integrations/render/deploy.go:327.2,327.108 1 1
github.com/superplanehq/superplane/pkg/integrations/render/deploy.go:327.108,329.3 1 0
github.com/superplanehq/superplane/pkg/integrations/render/deploy.go:331.2,331.27 1 1
github.com/superplanehq/superplane/pkg/integrations/render/deploy.go:337.32,338.19 1 1
github.com/superplanehq/superplane/pkg/integrations/render/deploy.go:338.19,340.3 1 0
github.com/superplanehq/superplane/pkg/integrations/render/deploy.go:342.2,343.16 2 1
github.com/superplanehq/superplane/pkg/integrations/render/deploy.go:343.16,345.3 1 0
github.com/superplanehq/superplane/pkg/integrations/render/deploy.go:347.2,348.33 2 1
github.com/superplanehq/superplane/pkg/integrations/render/deploy.go:348.33,350.3 1 1
github.com/superplanehq/superplane/pkg/integrations/render/deploy.go:352.2,357.8 1 1
github.com/superplanehq/superplane/pkg/integrations/render/deploy.go:360.88,362.29 2 0
github.com/superplanehq/superplane/pkg/integrations/render/deploy.go:362.29,364.3 1 0
github.com/superplanehq/superplane/pkg/integrations/render/deploy.go:365.2,365.94 1 0
github.com/superplanehq/superplane/pkg/integrations/render/deploy.go:368.101,370.22 2 1
github.com/superplanehq/superplane/pkg/integrations/render/deploy.go:370.22,372.3 1 1
github.com/superplanehq/superplane/pkg/integrations/render/deploy.go:373.2,373.91 1 0
github.com/superplanehq/superplane/pkg/integrations/render/deploy.go:376.75,378.55 2 1
github.com/superplanehq/superplane/pkg/integrations/render/deploy.go:378.55,380.3 1 0
github.com/superplanehq/superplane/pkg/integrations/render/deploy.go:382.2,382.25 1 1
github.com/superplanehq/superplane/pkg/integrations/render/deploy.go:382.25,384.3 1 0
github.com/superplanehq/superplane/pkg/integrations/render/deploy.go:386.2,386.21 1 1
github.com/superplanehq/superplane/pkg/integrations/render/deploy.go:389.87,391.21 2 1
github.com/superplanehq/superplane/pkg/integrations/render/deploy.go:391.21,393.3 1 1
github.com/superplanehq/superplane/pkg/integrations/render/deploy.go:395.2,396.19 2 1
github.com/superplanehq/superplane/pkg/integrations/render/deploy.go:396.19,398.3 1 1
github.com/superplanehq/superplane/pkg/integrations/render/deploy.go:400.2,407.3 1 1
github.com/superplanehq/superplane/pkg/integrations/render/deploy.go:410.91,411.28 1 1
github.com/superplanehq/superplane/pkg/integrations/render/deploy.go:411.28,413.3 1 1
github.com/superplanehq/superplane/pkg/integrations/render/deploy.go:414.2,414.26 1 1
github.com/superplanehq/superplane/pkg/integrations/render/deploy.go:414.26,416.3 1 0
github.com/superplanehq/superplane/pkg/integrations/render/deploy.go:417.2,417.29 1 1
github.com/superplanehq/superplane/pkg/integrations/render/deploy.go:417.29,419.3 1 0
github.com/superplanehq/superplane/pkg/integrations/render/deploy.go:420.2,420.29 1 1
github.com/superplanehq/superplane/pkg/integrations/render/deploy.go:420.29,422.3 1 1
github.com/superplanehq/superplane/pkg/integrations/render/deploy.go:423.2,423.30 1 1
github.com/superplanehq/superplane/pkg/integrations/render/deploy.go:423.30,425.3 1 1
github.com/superplanehq/superplane/pkg/integrations/render/deploy.go:426.2,426.27 1 1
github.com/superplanehq/superplane/pkg/integrations/render/deploy.go:426.27,428.3 1 0
github.com/superplanehq/superplane/pkg/integrations/render/deploy.go:430.2,430.16 1 1
github.com/superplanehq/superplane/pkg/integrations/render/deploy.go:436.32,439.16 3 1
github.com/superplanehq/superplane/pkg/integrations/render/deploy.go:439.16,441.3 1 0
github.com/superplanehq/superplane/pkg/integrations/render/deploy.go:443.2,443.60 1 1
github.com/superplanehq/superplane/pkg/integrations/render/deploy.go:446.111,447.52 1 1
github.com/superplanehq/superplane/pkg/integrations/render/deploy.go:447.52,449.3 1 0
github.com/superplanehq/superplane/pkg/integrations/render/deploy.go:451.2,451.60 1 1
github.com/superplanehq/superplane/pkg/integrations/render/deploy.go:454.104,455.28 1 1
github.com/superplanehq/superplane/pkg/integrations/render/deploy.go:455.28,456.31 1 1
github.com/superplanehq/superplane/pkg/integrations/render/deploy.go:456.31,458.4 1 0
github.com/superplanehq/superplane/pkg/integrations/render/deploy.go:459.3,460.30 2 1
github.com/superplanehq/superplane/pkg/integrations/render/deploy.go:460.30,462.4 1 1
github.com/superplanehq/superplane/pkg/integrations/render/deploy.go:463.3,463.38 1 1
github.com/superplanehq/superplane/pkg/integrations/render/deploy.go:463.38,465.4 1 0
github.com/superplanehq/superplane/pkg/integrations/render/deploy.go:466.3,466.9 1 1
github.com/superplanehq/superplane/pkg/integrations/render/deploy.go:469.2,475.3 1 0
github.com/superplanehq/superplane/pkg/integrations/render/deploy.go:478.76,484.29 2 0
github.com/superplanehq/superplane/pkg/integrations/render/deploy.go:484.29,486.3 1 0
github.com/superplanehq/superplane/pkg/integrations/render/deploy.go:488.2,488.16 1 0
github.com/superplanehq/superplane/pkg/integrations/render/deploy.go:491.80,497.26 2 1
github.com/superplanehq/superplane/pkg/integrations/render/deploy.go:497.26,499.3 1 1
github.com/superplanehq/superplane/pkg/integrations/render/deploy.go:500.2,500.29 1 1
github.com/superplanehq/superplane/pkg/integrations/render/deploy.go:500.29,502.3 1 1
github.com/superplanehq/superplane/pkg/integrations/render/deploy.go:504.2,504.16 1 1
github.com/superplanehq/superplane/pkg/integrations/render/deploy.go:507.58,509.2 1 0
github.com/superplanehq/superplane/pkg/integrations/render/deploy.go:511.55,513.2 1 0
github.com/superplanehq/superplane/pkg/integrations/render/example.go:64.49,70.2 1 0
github.com/superplanehq/superplane/pkg/integrations/render/example.go:72.48,78.2 1 0
github.com/superplanehq/superplane/pkg/integrations/render/example.go:80.49,86.2 1 0
github.com/superplanehq/superplane/pkg/integrations/render/example.go:88.53,94.2 1 0
github.com/superplanehq/superplane/pkg/integrations/render/example.go:96.52,102.2 1 0
github.com/superplanehq/superplane/pkg/integrations/render/example.go:104.55,110.2 1 0
github.com/superplanehq/superplane/pkg/integrations/render/example.go:112.51,118.2 1 0
github.com/superplanehq/superplane/pkg/integrations/render/example.go:120.53,126.2 1 0
github.com/superplanehq/superplane/pkg/integrations/render/example.go:128.56,134.2 1 0
github.com/superplanehq/superplane/pkg/integrations/render/get_deploy.go:20.35,22.2 1 0
github.com/superplanehq/superplane/pkg/integrations/render/get_deploy.go:24.36,26.2 1 0
github.com/superplanehq/superplane/pkg/integrations/render/get_deploy.go:28.42,30.2 1 0
github.com/superplanehq/superplane/pkg/integrations/render/get_deploy.go:32.44,51.2 1 0
github.com/superplanehq/superplane/pkg/integrations/render/get_deploy.go:53.35,55.2 1 0
github.com/superplanehq/superplane/pkg/integrations/render/get_deploy.go:57.36,59.2 1 0
github.com/superplanehq/superplane/pkg/integrations/render/get_deploy.go:61.76,63.2 1 0
github.com/superplanehq/superplane/pkg/integrations/render/get_deploy.go:65.59,87.2 1 0
github.com/superplanehq/superplane/pkg/integrations/render/get_deploy.go:89.56,91.16 2 0
github.com/superplanehq/superplane/pkg/integrations/render/get_deploy.go:91.16,93.3 1 0
github.com/superplanehq/superplane/pkg/integrations/render/get_deploy.go:95.2,95.26 1 0
github.com/superplanehq/superplane/pkg/integrations/render/get_deploy.go:95.26,97.3 1 0
github.com/superplanehq/superplane/pkg/integrations/render/get_deploy.go:99.2,99.27 1 0
github.com/superplanehq/superplane/pkg/integrations/render/get_deploy.go:99.27,101.3 1 0
github.com/superplanehq/superplane/pkg/integrations/render/get_deploy.go:103.2,103.12 1 0
github.com/superplanehq/superplane/pkg/integrations/render/get_deploy.go:106.62,108.16 2 0
github.com/superplanehq/superplane/pkg/integrations/render/get_deploy.go:108.16,110.3 1 0
github.com/superplanehq/superplane/pkg/integrations/render/get_deploy.go:112.2,113.16 2 0
github.com/superplanehq/superplane/pkg/integrations/render/get_deploy.go:113.16,115.3 1 0
github.com/superplanehq/superplane/pkg/integrations/render/get_deploy.go:117.2,118.16 2 0
github.com/superplanehq/superplane/pkg/integrations/render/get_deploy.go:118.16,120.3 1 0
github.com/superplanehq/superplane/pkg/integrations/render/get_deploy.go:122.2,131.3 1 0
github.com/superplanehq/superplane/pkg/integrations/render/get_deploy.go:134.88,136.2 1 0
github.com/superplanehq/superplane/pkg/integrations/render/get_deploy.go:138.80,140.2 1 0
github.com/superplanehq/superplane/pkg/integrations/render/get_deploy.go:142.45,144.2 1 0
github.com/superplanehq/superplane/pkg/integrations/render/get_deploy.go:146.64,148.2 1 0
github.com/superplanehq/superplane/pkg/integrations/render/get_deploy.go:150.61,152.2 1 0
github.com/superplanehq/superplane/pkg/integrations/render/get_deploy.go:154.58,156.2 1 0
github.com/superplanehq/superplane/pkg/integrations/render/get_deploy.go:158.86,160.68 2 0
github.com/superplanehq/superplane/pkg/integrations/render/get_deploy.go:160.68,162.3 1 0
github.com/superplanehq/superplane/pkg/integrations/render/get_deploy.go:164.2,166.20 3 0
github.com/superplanehq/superplane/pkg/integrations/render/get_service.go:19.36,21.2 1 0
github.com/superplanehq/superplane/pkg/integrations/render/get_service.go:23.37,25.2 1 0
github.com/superplanehq/superplane/pkg/integrations/render/get_service.go:27.43,29.2 1 0
github.com/superplanehq/superplane/pkg/integrations/render/get_service.go:31.45,51.2 1 0
github.com/superplanehq/superplane/pkg/integrations/render/get_service.go:53.36,55.2 1 0
github.com/superplanehq/superplane/pkg/integrations/render/get_service.go:57.37,59.2 1 0
github.com/superplanehq/superplane/pkg/integrations/render/get_service.go:61.77,63.2 1 0
github.com/superplanehq/superplane/pkg/integrations/render/get_service.go:65.60,80.2 1 0
github.com/superplanehq/superplane/pkg/integrations/render/get_service.go:82.57,84.16 2 0
github.com/superplanehq/superplane/pkg/integrations/render/get_service.go:84.16,86.3 1 0
github.com/superplanehq/superplane/pkg/integrations/render/get_service.go:88.2,88.26 1 0
github.com/superplanehq/superplane/pkg/integrations/render/get_service.go:88.26,90.3 1 0
github.com/superplanehq/superplane/pkg/integrations/render/get_service.go:92.2,92.12 1 0
github.com/superplanehq/superplane/pkg/integrations/render/get_service.go:95.63,97.16 2 0
github.com/superplanehq/superplane/pkg/integrations/render/get_service.go:97.16,99.3 1 0
github.com/superplanehq/superplane/pkg/integrations/render/get_service.go:101.2,102.16 2 0
github.com/superplanehq/superplane/pkg/integrations/render/get_service.go:102.16,104.3 1 0
github.com/superplanehq/superplane/pkg/integrations/render/get_service.go:106.2,107.16 2 0
github.com/superplanehq/superplane/pkg/integrations/render/get_service.go:107.16,109.3 1 0
github.com/superplanehq/superplane/pkg/integrations/render/get_service.go:111.2,125.3 1 0
github.com/superplanehq/superplane/pkg/integrations/render/get_service.go:128.89,130.2 1 0
github.com/superplanehq/superplane/pkg/integrations/render/get_service.go:132.81,134.2 1 0
github.com/superplanehq/superplane/pkg/integrations/render/get_service.go:136.46,138.2 1 0
github.com/superplanehq/superplane/pkg/integrations/render/get_service.go:140.65,142.2 1 0
github.com/superplanehq/superplane/pkg/integrations/render/get_service.go:144.62,146.2 1 0
github.com/superplanehq/superplane/pkg/integrations/render/get_service.go:148.59,150.2 1 0
github.com/superplanehq/superplane/pkg/integrations/render/get_service.go:152.88,154.68 2 0
github.com/superplanehq/superplane/pkg/integrations/render/get_service.go:154.68,156.3 1 0
github.com/superplanehq/superplane/pkg/integrations/render/get_service.go:158.2,159.20 2 0
github.com/superplanehq/superplane/pkg/integrations/render/on_build.go:25.33,27.2 1 0
github.com/superplanehq/superplane/pkg/integrations/render/on_build.go:29.34,31.2 1 0
github.com/superplanehq/superplane/pkg/integrations/render/on_build.go:33.40,35.2 1 0
github.com/superplanehq/superplane/pkg/integrations/render/on_build.go:37.42,60.2 1 0
github.com/superplanehq/superplane/pkg/integrations/render/on_build.go:62.33,64.2 1 0
github.com/superplanehq/superplane/pkg/integrations/render/on_build.go:66.34,68.2 1 0
github.com/superplanehq/superplane/pkg/integrations/render/on_build.go:70.57,72.2 1 0
github.com/superplanehq/superplane/pkg/integrations/render/on_build.go:74.56,76.16 2 1
github.com/superplanehq/superplane/pkg/integrations/render/on_build.go:76.16,78.3 1 0
github.com/superplanehq/superplane/pkg/integrations/render/on_build.go:80.2,80.61 1 1
github.com/superplanehq/superplane/pkg/integrations/render/on_build.go:80.61,82.3 1 0
github.com/superplanehq/superplane/pkg/integrations/render/on_build.go:84.2,85.35 2 1
github.com/superplanehq/superplane/pkg/integrations/render/on_build.go:85.35,87.3 1 1
github.com/superplanehq/superplane/pkg/integrations/render/on_build.go:89.2,91.3 1 1
github.com/superplanehq/superplane/pkg/integrations/render/on_build.go:94.43,96.2 1 0
github.com/superplanehq/superplane/pkg/integrations/render/on_build.go:98.87,100.2 1 0
github.com/superplanehq/superplane/pkg/integrations/render/on_build.go:102.78,104.16 2 1
github.com/superplanehq/superplane/pkg/integrations/render/on_build.go:104.16,106.3 1 0
github.com/superplanehq/superplane/pkg/integrations/render/on_build.go:108.2,114.3 1 1
github.com/superplanehq/superplane/pkg/integrations/render/on_build.go:117.58,119.2 1 0
github.com/superplanehq/superplane/pkg/integrations/render/on_deploy.go:33.34,35.2 1 0
github.com/superplanehq/superplane/pkg/integrations/render/on_deploy.go:37.35,39.2 1 0
github.com/superplanehq/superplane/pkg/integrations/render/on_deploy.go:41.41,43.2 1 0
github.com/superplanehq/superplane/pkg/integrations/render/on_deploy.go:45.43,69.2 1 0
github.com/superplanehq/superplane/pkg/integrations/render/on_deploy.go:71.34,73.2 1 0
github.com/superplanehq/superplane/pkg/integrations/render/on_deploy.go:75.35,77.2 1 0
github.com/superplanehq/superplane/pkg/integrations/render/on_deploy.go:79.58,81.2 1 0
github.com/superplanehq/superplane/pkg/integrations/render/on_deploy.go:83.57,85.16 2 1
github.com/superplanehq/superplane/pkg/integrations/render/on_deploy.go:85.16,87.3 1 0
github.com/superplanehq/superplane/pkg/integrations/render/on_deploy.go:89.2,89.61 1 1
github.com/superplanehq/superplane/pkg/integrations/render/on_deploy.go:89.61,91.3 1 0
github.com/superplanehq/superplane/pkg/integrations/render/on_deploy.go:93.2,94.35 2 1
github.com/superplanehq/superplane/pkg/integrations/render/on_deploy.go:94.35,96.3 1 1
github.com/superplanehq/superplane/pkg/integrations/render/on_deploy.go:98.2,100.3 1 1
github.com/superplanehq/superplane/pkg/integrations/render/on_deploy.go:103.44,105.2 1 0
github.com/superplanehq/superplane/pkg/integrations/render/on_deploy.go:107.88,109.2 1 0
github.com/superplanehq/superplane/pkg/integrations/render/on_deploy.go:111.79,113.16 2 1
github.com/superplanehq/superplane/pkg/integrations/render/on_deploy.go:113.16,115.3 1 0
github.com/superplanehq/superplane/pkg/integrations/render/on_deploy.go:117.2,123.3 1 1
github.com/superplanehq/superplane/pkg/integrations/render/on_deploy.go:126.59,128.2 1 0
github.com/superplanehq/superplane/pkg/integrations/render/purge_cache.go:19.36,21.2 1 0
github.com/superplanehq/superplane/pkg/integrations/render/purge_cache.go:23.37,25.2 1 0
github.com/superplanehq/superplane/pkg/integrations/render/purge_cache.go:27.43,29.2 1 0
github.com/superplanehq/superplane/pkg/integrations/render/purge_cache.go:31.45,47.2 1 0
github.com/superplanehq/superplane/pkg/integrations/render/purge_cache.go:49.36,51.2 1 0
github.com/superplanehq/superplane/pkg/integrations/render/purge_cache.go:53.37,55.2 1 0
github.com/superplanehq/superplane/pkg/integrations/render/purge_cache.go:57.77,59.2 1 0
github.com/superplanehq/superplane/pkg/integrations/render/purge_cache.go:61.60,76.2 1 0
github.com/superplanehq/superplane/pkg/integrations/render/purge_cache.go:78.57,80.16 2 0
github.com/superplanehq/superplane/pkg/integrations/render/purge_cache.go:80.16,82.3 1 0
github.com/superplanehq/superplane/pkg/integrations/render/purge_cache.go:84.2,84.26 1 0
github.com/superplanehq/superplane/pkg/integrations/render/purge_cache.go:84.26,86.3 1 0
github.com/superplanehq/superplane/pkg/integrations/render/purge_cache.go:88.2,88.12 1 0
github.com/superplanehq/superplane/pkg/integrations/render/purge_cache.go:91.63,93.16 2 0
github.com/superplanehq/superplane/pkg/integrations/render/purge_cache.go:93.16,95.3 1 0
github.com/superplanehq/superplane/pkg/integrations/render/purge_cache.go:97.2,98.16 2 0
github.com/superplanehq/superplane/pkg/integrations/render/purge_cache.go:98.16,100.3 1 0
github.com/superplanehq/superplane/pkg/integrations/render/purge_cache.go:102.2,102.58 1 0
github.com/superplanehq/superplane/pkg/integrations/render/purge_cache.go:102.58,104.3 1 0
github.com/superplanehq/superplane/pkg/integrations/render/purge_cache.go:106.2,112.3 1 0
github.com/superplanehq/superplane/pkg/integrations/render/purge_cache.go:115.89,117.2 1 0
github.com/superplanehq/superplane/pkg/integrations/render/purge_cache.go:119.81,121.2 1 0
github.com/superplanehq/superplane/pkg/integrations/render/purge_cache.go:123.46,125.2 1 0
github.com/superplanehq/superplane/pkg/integrations/render/purge_cache.go:127.65,129.2 1 0
github.com/superplanehq/superplane/pkg/integrations/render/purge_cache.go:131.62,133.2 1 0
github.com/superplanehq/superplane/pkg/integrations/render/purge_cache.go:135.59,137.2 1 0
github.com/superplanehq/superplane/pkg/integrations/render/purge_cache.go:139.88,141.68 2 0
github.com/superplanehq/superplane/pkg/integrations/render/purge_cache.go:141.68,143.3 1 0
github.com/superplanehq/superplane/pkg/integrations/render/purge_cache.go:145.2,146.20 2 0
github.com/superplanehq/superplane/pkg/integrations/render/render.go:14.13,16.2 1 1
github.com/superplanehq/superplane/pkg/integrations/render/render.go:35.32,37.2 1 0
github.com/superplanehq/superplane/pkg/integrations/render/render.go:39.33,41.2 1 0
github.com/superplanehq/superplane/pkg/integrations/render/render.go:43.32,45.2 1 0
github.com/superplanehq/superplane/pkg/integrations/render/render.go:47.39,49.2 1 0
github.com/superplanehq/superplane/pkg/integrations/render/render.go:51.40,61.2 1 0
github.com/superplanehq/superplane/pkg/integrations/render/render.go:63.56,98.2 1 0
github.com/superplanehq/superplane/pkg/integrations/render/render.go:100.48,110.2 1 0
github.com/superplanehq/superplane/pkg/integrations/render/render.go:112.44,117.2 1 0
github.com/superplanehq/superplane/pkg/integrations/render/render.go:119.68,121.2 1 0
github.com/superplanehq/superplane/pkg/integrations/render/render.go:123.51,125.72 2 1
github.com/superplanehq/superplane/pkg/integrations/render/render.go:125.72,127.3 1 0
github.com/superplanehq/superplane/pkg/integrations/render/render.go:129.2,129.25 1 1
github.com/superplanehq/superplane/pkg/integrations/render/render.go:129.25,131.3 1 0
github.com/superplanehq/superplane/pkg/integrations/render/render.go:133.2,134.16 2 1
github.com/superplanehq/superplane/pkg/integrations/render/render.go:134.16,136.3 1 0
github.com/superplanehq/superplane/pkg/integrations/render/render.go:138.2,138.40 1 1
github.com/superplanehq/superplane/pkg/integrations/render/render.go:138.40,140.3 1 0
github.com/superplanehq/superplane/pkg/integrations/render/render.go:142.2,143.16 2 1
github.com/superplanehq/superplane/pkg/integrations/render/render.go:143.16,145.3 1 1
github.com/superplanehq/superplane/pkg/integrations/render/render.go:147.2,149.12 3 1
github.com/superplanehq/superplane/pkg/integrations/render/render.go:152.62,154.2 0 0
github.com/superplanehq/superplane/pkg/integrations/render/render.go:156.120,157.31 1 1
github.com/superplanehq/superplane/pkg/integrations/render/render.go:157.31,159.3 1 0
github.com/superplanehq/superplane/pkg/integrations/render/render.go:161.2,162.16 2 1
github.com/superplanehq/superplane/pkg/integrations/render/render.go:162.16,164.3 1 0
github.com/superplanehq/superplane/pkg/integrations/render/render.go:166.2,167.16 2 1
github.com/superplanehq/superplane/pkg/integrations/render/render.go:167.16,169.3 1 0
github.com/superplanehq/superplane/pkg/integrations/render/render.go:171.2,172.16 2 1
github.com/superplanehq/superplane/pkg/integrations/render/render.go:172.16,174.3 1 0
github.com/superplanehq/superplane/pkg/integrations/render/render.go:176.2,177.35 2 1
github.com/superplanehq/superplane/pkg/integrations/render/render.go:177.35,178.45 1 1
github.com/superplanehq/superplane/pkg/integrations/render/render.go:178.45,179.12 1 0
github.com/superplanehq/superplane/pkg/integrations/render/render.go:182.3,182.114 1 1
github.com/superplanehq/superplane/pkg/integrations/render/render.go:185.2,185.23 1 1
github.com/superplanehq/superplane/pkg/integrations/render/render.go:188.42,190.2 1 0
github.com/superplanehq/superplane/pkg/integrations/render/render.go:192.72,194.2 1 0
github.com/superplanehq/superplane/pkg/integrations/render/render.go:196.101,198.142 2 1
github.com/superplanehq/superplane/pkg/integrations/render/render.go:198.142,200.3 1 1
github.com/superplanehq/superplane/pkg/integrations/render/render.go:202.2,204.25 3 0
github.com/superplanehq/superplane/pkg/integrations/render/render.go:204.25,206.3 1 0
github.com/superplanehq/superplane/pkg/integrations/render/render.go:208.2,209.16 2 0
github.com/superplanehq/superplane/pkg/integrations/render/render.go:209.16,211.3 1 0
github.com/superplanehq/superplane/pkg/integrations/render/render.go:213.2,215.29 3 0
github.com/superplanehq/superplane/pkg/integrations/render/render.go:215.29,217.3 1 0
github.com/superplanehq/superplane/pkg/integrations/render/render.go:219.2,220.34 2 0
github.com/superplanehq/superplane/pkg/integrations/render/render.go:223.76,225.16 2 1
github.com/superplanehq/superplane/pkg/integrations/render/render.go:225.16,227.3 1 0
github.com/superplanehq/superplane/pkg/integrations/render/render.go:229.2,229.26 1 1
github.com/superplanehq/superplane/pkg/integrations/render/render.go:229.26,231.3 1 0
github.com/superplanehq/superplane/pkg/integrations/render/render.go:233.2,233.21 1 1
github.com/superplanehq/superplane/pkg/integrations/render/render.go:233.21,235.3 1 1
github.com/superplanehq/superplane/pkg/integrations/render/render.go:237.2,237.78 1 1
github.com/superplanehq/superplane/pkg/integrations/render/render.go:237.78,239.3 1 1
github.com/superplanehq/superplane/pkg/integrations/render/render.go:240.2,240.27 1 1
github.com/superplanehq/superplane/pkg/integrations/render/render.go:240.27,241.78 1 1
github.com/superplanehq/superplane/pkg/integrations/render/render.go:241.78,243.4 1 1
github.com/superplanehq/superplane/pkg/integrations/render/render.go:246.2,246.27 1 1
github.com/superplanehq/superplane/pkg/integrations/render/render.go:246.27,248.3 1 1
github.com/superplanehq/superplane/pkg/integrations/render/render.go:250.2,250.43 1 1
github.com/superplanehq/superplane/pkg/integrations/render/render.go:253.42,254.24 1 1
github.com/superplanehq/superplane/pkg/integrations/render/render.go:254.24,256.3 1 1
github.com/superplanehq/superplane/pkg/integrations/render/render.go:258.2,258.25 1 1
github.com/superplanehq/superplane/pkg/integrations/render/render.go:261.64,268.2 1 1
github.com/superplanehq/superplane/pkg/integrations/render/rollback.go:20.34,22.2 1 0
github.com/superplanehq/superplane/pkg/integrations/render/rollback.go:24.35,26.2 1 0
github.com/superplanehq/superplane/pkg/integrations/render/rollback.go:28.41,30.2 1 0
github.com/superplanehq/superplane/pkg/integrations/render/rollback.go:32.43,51.2 1 0
github.com/superplanehq/superplane/pkg/integrations/render/rollback.go:53.34,55.2 1 0
github.com/superplanehq/superplane/pkg/integrations/render/rollback.go:57.35,59.2 1 0
github.com/superplanehq/superplane/pkg/integrations/render/rollback.go:61.75,63.2 1 0
github.com/superplanehq/superplane/pkg/integrations/render/rollback.go:65.58,87.2 1 0
github.com/superplanehq/superplane/pkg/integrations/render/rollback.go:89.55,91.16 2 0
github.com/superplanehq/superplane/pkg/integrations/render/rollback.go:91.16,93.3 1 0
github.com/superplanehq/superplane/pkg/integrations/render/rollback.go:95.2,95.26 1 0
github.com/superplanehq/superplane/pkg/integrations/render/rollback.go:95.26,97.3 1 0
github.com/superplanehq/superplane/pkg/integrations/render/rollback.go:99.2,99.27 1 0
github.com/superplanehq/superplane/pkg/integrations/render/rollback.go:99.27,101.3 1 0
github.com/superplanehq/superplane/pkg/integrations/render/rollback.go:103.2,103.12 1 0
github.com/superplanehq/superplane/pkg/integrations/render/rollback.go:106.61,108.16 2 0
github.com/superplanehq/superplane/pkg/integrations/render/rollback.go:108.16,110.3 1 0
github.com/superplanehq/superplane/pkg/integrations/render/rollback.go:112.2,113.16 2 0
github.com/superplanehq/superplane/pkg/integrations/render/rollback.go:113.16,115.3 1 0
github.com/superplanehq/superplane/pkg/integrations/render/rollback.go:117.2,118.16 2 0
github.com/superplanehq/superplane/pkg/integrations/render/rollback.go:118.16,120.3 1 0
github.com/superplanehq/superplane/pkg/integrations/render/rollback.go:122.2,131.3 1 0
github.com/superplanehq/superplane/pkg/integrations/render/rollback.go:134.87,136.2 1 0
github.com/superplanehq/superplane/pkg/integrations/render/rollback.go:138.79,140.2 1 0
github.com/superplanehq/superplane/pkg/integrations/render/rollback.go:142.44,144.2 1 0
github.com/superplanehq/superplane/pkg/integrations/render/rollback.go:146.63,148.2 1 0
github.com/superplanehq/superplane/pkg/integrations/render/rollback.go:150.60,152.2 1 0
github.com/superplanehq/superplane/pkg/integrations/render/rollback.go:154.57,156.2 1 0
github.com/superplanehq/superplane/pkg/integrations/render/rollback.go:158.84,160.68 2 0
github.com/superplanehq/superplane/pkg/integrations/render/rollback.go:160.68,162.3 1 0
github.com/superplanehq/superplane/pkg/integrations/render/rollback.go:164.2,166.20 3 0
github.com/superplanehq/superplane/pkg/integrations/render/update_env_vars.go:25.39,27.2 1 0
github.com/superplanehq/superplane/pkg/integrations/render/update_env_vars.go:29.40,31.2 1 0
github.com/superplanehq/superplane/pkg/integrations/render/update_env_vars.go:33.46,35.2 1 0
github.com/superplanehq/superplane/pkg/integrations/render/update_env_vars.go:37.48,59.2 1 0
github.com/superplanehq/superplane/pkg/integrations/render/update_env_vars.go:61.39,63.2 1 0
github.com/superplanehq/superplane/pkg/integrations/render/update_env_vars.go:65.40,67.2 1 0
github.com/superplanehq/superplane/pkg/integrations/render/update_env_vars.go:69.80,71.2 1 0
github.com/superplanehq/superplane/pkg/integrations/render/update_env_vars.go:73.63,119.2 1 0
github.com/superplanehq/superplane/pkg/integrations/render/update_env_vars.go:121.60,123.16 2 0
github.com/superplanehq/superplane/pkg/integrations/render/update_env_vars.go:123.16,125.3 1 0
github.com/superplanehq/superplane/pkg/integrations/render/update_env_vars.go:127.2,127.26 1 0
github.com/superplanehq/superplane/pkg/integrations/render/update_env_vars.go:127.26,129.3 1 0
github.com/superplanehq/superplane/pkg/integrations/render/update_env_vars.go:131.2,131.12 1 0
github.com/superplanehq/superplane/pkg/integrations/render/update_env_vars.go:134.66,136.16 2 0
github.com/superplanehq/superplane/pkg/integrations/render/update_env_vars.go:136.16,138.3 1 0
github.com/superplanehq/superplane/pkg/integrations/render/update_env_vars.go:140.2,141.16 2 0
github.com/superplanehq/superplane/pkg/integrations/render/update_env_vars.go:141.16,143.3 1 0
github.com/superplanehq/superplane/pkg/integrations/render/update_env_vars.go:145.2,146.39 2 0
github.com/superplanehq/superplane/pkg/integrations/render/update_env_vars.go:146.39,148.16 2 0
github.com/superplanehq/superplane/pkg/integrations/render/update_env_vars.go:148.16,149.12 1 0
github.com/superplanehq/superplane/pkg/integrations/render/update_env_vars.go:152.3,155.5 1 0
github.com/superplanehq/superplane/pkg/integrations/render/update_env_vars.go:158.2,159.16 2 0
github.com/superplanehq/superplane/pkg/integrations/render/update_env_vars.go:159.16,161.3 1 0
github.com/superplanehq/superplane/pkg/integrations/render/update_env_vars.go:163.2,164.27 2 0
github.com/superplanehq/superplane/pkg/integrations/render/update_env_vars.go:164.27,169.3 1 0
github.com/superplanehq/superplane/pkg/integrations/render/update_env_vars.go:171.2,178.3 1 0
github.com/superplanehq/superplane/pkg/integrations/render/update_env_vars.go:181.92,183.2 1 0
github.com/superplanehq/superplane/pkg/integrations/render/update_env_vars.go:185.84,187.2 1 0
github.com/superplanehq/superplane/pkg/integrations/render/update_env_vars.go:189.49,191.2 1 0
github.com/superplanehq/superplane/pkg/integrations/render/update_env_vars.go:193.68,195.2 1 0
github.com/superplanehq/superplane/pkg/integrations/render/update_env_vars.go:197.65,199.2 1 0
github.com/superplanehq/superplane/pkg/integrations/render/update_env_vars.go:201.62,203.2 1 0
github.com/superplanehq/superplane/pkg/integrations/render/update_env_vars.go:205.94,207.68 2 0
github.com/superplanehq/superplane/pkg/integrations/render/update_env_vars.go:207.68,209.3 1 0
github.com/superplanehq/superplane/pkg/integrations/render/update_env_vars.go:211.2,212.20 2 0
github.com/superplanehq/superplane/pkg/integrations/render/webhook_handler.go:25.70,27.16 2 1
github.com/superplanehq/superplane/pkg/integrations/render/webhook_handler.go:27.16,29.3 1 0
github.com/superplanehq/superplane/pkg/integrations/render/webhook_handler.go:31.2,32.16 2 1
github.com/superplanehq/superplane/pkg/integrations/render/webhook_handler.go:32.16,34.3 1 0
github.com/superplanehq/superplane/pkg/integrations/render/webhook_handler.go:36.2,36.42 1 1
github.com/superplanehq/superplane/pkg/integrations/render/webhook_handler.go:36.42,38.3 1 0
github.com/superplanehq/superplane/pkg/integrations/render/webhook_handler.go:40.2,40.53 1 1
github.com/superplanehq/superplane/pkg/integrations/render/webhook_handler.go:40.53,42.3 1 1
github.com/superplanehq/superplane/pkg/integrations/render/webhook_handler.go:44.2,44.18 1 1
github.com/superplanehq/superplane/pkg/integrations/render/webhook_handler.go:47.81,49.16 2 1
github.com/superplanehq/superplane/pkg/integrations/render/webhook_handler.go:49.16,51.3 1 0
github.com/superplanehq/superplane/pkg/integrations/render/webhook_handler.go:53.2,54.16 2 1
github.com/superplanehq/superplane/pkg/integrations/render/webhook_handler.go:54.16,56.3 1 0
github.com/superplanehq/superplane/pkg/integrations/render/webhook_handler.go:58.2,58.70 1 1
github.com/superplanehq/superplane/pkg/integrations/render/webhook_handler.go:58.70,60.3 1 0
github.com/superplanehq/superplane/pkg/integrations/render/webhook_handler.go:62.2,63.76 1 1
github.com/superplanehq/superplane/pkg/integrations/render/webhook_handler.go:63.76,65.3 1 0
github.com/superplanehq/superplane/pkg/integrations/render/webhook_handler.go:67.2,72.46 3 1
github.com/superplanehq/superplane/pkg/integrations/render/webhook_handler.go:72.46,74.3 1 0
github.com/superplanehq/superplane/pkg/integrations/render/webhook_handler.go:76.2,76.105 1 1
github.com/superplanehq/superplane/pkg/integrations/render/webhook_handler.go:79.83,81.16 2 1
github.com/superplanehq/superplane/pkg/integrations/render/webhook_handler.go:81.16,83.3 1 0
github.com/superplanehq/superplane/pkg/integrations/render/webhook_handler.go:85.2,86.16 2 1
github.com/superplanehq/superplane/pkg/integrations/render/webhook_handler.go:86.16,88.3 1 0
github.com/superplanehq/superplane/pkg/integrations/render/webhook_handler.go:90.2,91.16 2 1
github.com/superplanehq/superplane/pkg/integrations/render/webhook_handler.go:91.16,93.3 1 0
github.com/superplanehq/superplane/pkg/integrations/render/webhook_handler.go:95.2,103.16 2 1
github.com/superplanehq/superplane/pkg/integrations/render/webhook_handler.go:103.16,105.3 1 0
github.com/superplanehq/superplane/pkg/integrations/render/webhook_handler.go:107.2,107.28 1 1
github.com/superplanehq/superplane/pkg/integrations/render/webhook_handler.go:107.28,109.23 2 1
github.com/superplanehq/superplane/pkg/integrations/render/webhook_handler.go:109.23,111.4 1 0
github.com/superplanehq/superplane/pkg/integrations/render/webhook_handler.go:112.3,112.23 1 1
github.com/superplanehq/superplane/pkg/integrations/render/webhook_handler.go:115.2,116.21 2 1
github.com/superplanehq/superplane/pkg/integrations/render/webhook_handler.go:116.21,118.3 1 0
github.com/superplanehq/superplane/pkg/integrations/render/webhook_handler.go:120.2,120.22 1 1
github.com/superplanehq/superplane/pkg/integrations/render/webhook_handler.go:123.92,125.22 2 1
github.com/superplanehq/superplane/pkg/integrations/render/webhook_handler.go:125.22,127.3 1 0
github.com/superplanehq/superplane/pkg/integrations/render/webhook_handler.go:129.2,130.16 2 1
github.com/superplanehq/superplane/pkg/integrations/render/webhook_handler.go:130.16,132.3 1 0
github.com/superplanehq/superplane/pkg/integrations/render/webhook_handler.go:134.2,139.8 1 1
github.com/superplanehq/superplane/pkg/integrations/render/webhook_handler.go:148.28,156.16 2 1
github.com/superplanehq/superplane/pkg/integrations/render/webhook_handler.go:156.16,158.3 1 0
github.com/superplanehq/superplane/pkg/integrations/render/webhook_handler.go:160.2,160.75 1 1
github.com/superplanehq/superplane/pkg/integrations/render/webhook_handler.go:168.28,176.16 2 1
github.com/superplanehq/superplane/pkg/integrations/render/webhook_handler.go:176.16,178.3 1 0
github.com/superplanehq/superplane/pkg/integrations/render/webhook_handler.go:180.2,180.89 1 1
github.com/superplanehq/superplane/pkg/integrations/render/webhook_handler.go:188.28,189.54 1 1
github.com/superplanehq/superplane/pkg/integrations/render/webhook_handler.go:189.54,191.3 1 0
github.com/superplanehq/superplane/pkg/integrations/render/webhook_handler.go:193.2,193.77 1 1
github.com/superplanehq/superplane/pkg/integrations/render/webhook_handler.go:203.21,205.16 2 1
github.com/superplanehq/superplane/pkg/integrations/render/webhook_handler.go:205.16,207.3 1 0
github.com/superplanehq/superplane/pkg/integrations/render/webhook_handler.go:209.2,211.65 2 1
github.com/superplanehq/superplane/pkg/integrations/render/webhook_handler.go:211.65,213.3 1 1
github.com/superplanehq/superplane/pkg/integrations/render/webhook_handler.go:215.2,216.20 2 1
github.com/superplanehq/superplane/pkg/integrations/render/webhook_handler.go:216.20,218.3 1 0
github.com/superplanehq/superplane/pkg/integrations/render/webhook_handler.go:220.2,220.84 1 1
github.com/superplanehq/superplane/pkg/integrations/render/webhook_handler.go:229.19,231.16 2 1
github.com/superplanehq/superplane/pkg/integrations/render/webhook_handler.go:231.16,233.3 1 0
github.com/superplanehq/superplane/pkg/integrations/render/webhook_handler.go:234.2,234.29 1 1
github.com/superplanehq/superplane/pkg/integrations/render/webhook_handler.go:234.29,236.3 1 0
github.com/superplanehq/superplane/pkg/integrations/render/webhook_handler.go:238.2,241.126 4 1
github.com/superplanehq/superplane/pkg/integrations/render/webhook_handler.go:241.126,248.17 2 1
github.com/superplanehq/superplane/pkg/integrations/render/webhook_handler.go:248.17,250.4 1 0
github.com/superplanehq/superplane/pkg/integrations/render/webhook_handler.go:253.2,253.63 1 1
github.com/superplanehq/superplane/pkg/integrations/render/webhook_handler.go:256.76,257.18 1 1
github.com/superplanehq/superplane/pkg/integrations/render/webhook_handler.go:257.18,259.3 1 0
github.com/superplanehq/superplane/pkg/integrations/render/webhook_handler.go:260.2,260.62 1 1
github.com/superplanehq/superplane/pkg/integrations/render/webhook_handler.go:260.62,262.3 1 0
github.com/superplanehq/superplane/pkg/integrations/render/webhook_handler.go:263.2,263.12 1 1
github.com/superplanehq/superplane/pkg/integrations/render/webhook_handler.go:266.64,268.62 2 1
github.com/superplanehq/superplane/pkg/integrations/render/webhook_handler.go:268.62,270.3 1 0
github.com/superplanehq/superplane/pkg/integrations/render/webhook_handler.go:272.2,272.22 1 1
github.com/superplanehq/superplane/pkg/integrations/render/webhook_handler.go:275.78,277.16 2 1
github.com/superplanehq/superplane/pkg/integrations/render/webhook_handler.go:277.16,279.3 1 0
github.com/superplanehq/superplane/pkg/integrations/render/webhook_handler.go:281.2,281.30 1 1
github.com/superplanehq/superplane/pkg/integrations/render/webhook_handler.go:281.30,283.3 1 0
github.com/superplanehq/superplane/pkg/integrations/render/webhook_handler.go:285.2,286.16 2 1
github.com/superplanehq/superplane/pkg/integrations/render/webhook_handler.go:286.16,288.3 1 0
github.com/superplanehq/superplane/pkg/integrations/render/webhook_handler.go:290.2,291.16 2 1
github.com/superplanehq/superplane/pkg/integrations/render/webhook_handler.go:291.16,293.3 1 1
github.com/superplanehq/superplane/pkg/integrations/render/webhook_handler.go:295.2,296.36 2 0
github.com/superplanehq/superplane/pkg/integrations/render/webhook_handler.go:296.36,298.3 1 0
github.com/superplanehq/superplane/pkg/integrations/render/webhook_handler.go:300.2,300.12 1 0
github.com/superplanehq/superplane/pkg/integrations/render/webhook_handler.go:303.81,304.24 1 1
github.com/superplanehq/superplane/pkg/integrations/render/webhook_handler.go:304.24,306.3 1 1
github.com/superplanehq/superplane/pkg/integrations/render/webhook_handler.go:308.2,309.22 2 1
github.com/superplanehq/superplane/pkg/integrations/render/webhook_handler.go:309.22,311.3 1 1
github.com/superplanehq/superplane/pkg/integrations/render/webhook_handler.go:313.2,313.21 1 0
github.com/superplanehq/superplane/pkg/integrations/render/webhook_handler.go:316.87,317.23 1 1
github.com/superplanehq/superplane/pkg/integrations/render/webhook_handler.go:317.23,319.3 1 0
github.com/superplanehq/superplane/pkg/integrations/render/webhook_handler.go:321.2,321.26 1 1
github.com/superplanehq/superplane/pkg/integrations/render/webhook_handler.go:321.26,322.38 1 1
github.com/superplanehq/superplane/pkg/integrations/render/webhook_handler.go:322.38,324.4 1 1
github.com/superplanehq/superplane/pkg/integrations/render/webhook_handler.go:327.2,327.12 1 1
github.com/superplanehq/superplane/pkg/integrations/render/webhook_handler.go:330.96,331.26 1 1
github.com/superplanehq/superplane/pkg/integrations/render/webhook_handler.go:331.26,332.85 1 1
github.com/superplanehq/superplane/pkg/integrations/render/webhook_handler.go:332.85,334.4 1 0
github.com/superplanehq/superplane/pkg/integrations/render/webhook_handler.go:337.2,337.12 1 1
github.com/superplanehq/superplane/pkg/integrations/render/webhook_handler.go:340.75,342.35 2 1
github.com/superplanehq/superplane/pkg/integrations/render/webhook_handler.go:342.35,343.32 1 1
github.com/superplanehq/superplane/pkg/integrations/render/webhook_handler.go:343.32,345.4 1 1
github.com/superplanehq/superplane/pkg/integrations/render/webhook_handler.go:348.2,348.25 1 1
github.com/superplanehq/superplane/pkg/integrations/render/webhook_handler.go:351.85,353.35 2 1
github.com/superplanehq/superplane/pkg/integrations/render/webhook_handler.go:353.35,355.3 1 0
github.com/superplanehq/superplane/pkg/integrations/render/webhook_handler.go:357.2,357.64 1 1
github.com/superplanehq/superplane/pkg/integrations/render/webhook_handler.go:360.76,362.24 2 1
github.com/superplanehq/superplane/pkg/integrations/render/webhook_handler.go:362.24,364.3 1 1
github.com/superplanehq/superplane/pkg/integrations/render/webhook_handler.go:366.2,366.29 1 0
github.com/superplanehq/superplane/pkg/integrations/render/webhook_handler.go:369.90,371.33 2 1
github.com/superplanehq/superplane/pkg/integrations/render/webhook_handler.go:371.33,373.3 1 1
github.com/superplanehq/superplane/pkg/integrations/render/webhook_handler.go:375.2,375.27 1 0
github.com/superplanehq/superplane/pkg/integrations/render/webhook_handler.go:384.8,386.2 1 1
github.com/superplanehq/superplane/pkg/integrations/render/webhook_handler.go:388.70,389.35 1 1
github.com/superplanehq/superplane/pkg/integrations/render/webhook_handler.go:389.35,391.3 1 1
github.com/superplanehq/superplane/pkg/integrations/render/webhook_handler.go:393.2,393.31 1 0
