mode: atomic
github.com/superplanehq/superplane/pkg/grpc/actions/canvases/act_on_canvas_change_request.go:35.49,36.71 1 20
github.com/superplanehq/superplane/pkg/grpc/actions/canvases/act_on_canvas_change_request.go:36.71,38.3 1 0
github.com/superplanehq/superplane/pkg/grpc/actions/canvases/act_on_canvas_change_request.go:40.2,41.9 2 20
github.com/superplanehq/superplane/pkg/grpc/actions/canvases/act_on_canvas_change_request.go:41.9,43.3 1 0
github.com/superplanehq/superplane/pkg/grpc/actions/canvases/act_on_canvas_change_request.go:44.2,46.65 2 20
github.com/superplanehq/superplane/pkg/grpc/actions/canvases/act_on_canvas_change_request.go:46.65,57.17 2 6
github.com/superplanehq/superplane/pkg/grpc/actions/canvases/act_on_canvas_change_request.go:57.17,59.4 1 3
github.com/superplanehq/superplane/pkg/grpc/actions/canvases/act_on_canvas_change_request.go:61.3,63.9 1 3
github.com/superplanehq/superplane/pkg/grpc/actions/canvases/act_on_canvas_change_request.go:66.2,68.16 3 14
github.com/superplanehq/superplane/pkg/grpc/actions/canvases/act_on_canvas_change_request.go:68.16,70.3 1 0
github.com/superplanehq/superplane/pkg/grpc/actions/canvases/act_on_canvas_change_request.go:72.2,73.16 2 14
github.com/superplanehq/superplane/pkg/grpc/actions/canvases/act_on_canvas_change_request.go:73.16,75.3 1 0
github.com/superplanehq/superplane/pkg/grpc/actions/canvases/act_on_canvas_change_request.go:76.2,76.71 1 14
github.com/superplanehq/superplane/pkg/grpc/actions/canvases/act_on_canvas_change_request.go:76.71,78.3 1 0
github.com/superplanehq/superplane/pkg/grpc/actions/canvases/act_on_canvas_change_request.go:80.2,89.16 2 14
github.com/superplanehq/superplane/pkg/grpc/actions/canvases/act_on_canvas_change_request.go:89.16,90.40 1 1
github.com/superplanehq/superplane/pkg/grpc/actions/canvases/act_on_canvas_change_request.go:90.40,92.4 1 1
github.com/superplanehq/superplane/pkg/grpc/actions/canvases/act_on_canvas_change_request.go:93.3,93.88 1 0
github.com/superplanehq/superplane/pkg/grpc/actions/canvases/act_on_canvas_change_request.go:96.2,96.129 1 13
github.com/superplanehq/superplane/pkg/grpc/actions/canvases/act_on_canvas_change_request.go:96.129,98.3 1 0
github.com/superplanehq/superplane/pkg/grpc/actions/canvases/act_on_canvas_change_request.go:100.2,102.8 1 13
github.com/superplanehq/superplane/pkg/grpc/actions/canvases/act_on_canvas_change_request.go:105.101,106.16 1 20
github.com/superplanehq/superplane/pkg/grpc/actions/canvases/act_on_canvas_change_request.go:111.53,112.13 1 20
github.com/superplanehq/superplane/pkg/grpc/actions/canvases/act_on_canvas_change_request.go:113.61,114.67 1 0
github.com/superplanehq/superplane/pkg/grpc/actions/canvases/act_on_canvas_change_request.go:115.10,116.88 1 0
github.com/superplanehq/superplane/pkg/grpc/actions/canvases/act_on_canvas_change_request.go:120.110,122.16 2 14
github.com/superplanehq/superplane/pkg/grpc/actions/canvases/act_on_canvas_change_request.go:122.16,124.3 1 0
github.com/superplanehq/superplane/pkg/grpc/actions/canvases/act_on_canvas_change_request.go:126.2,127.16 2 14
github.com/superplanehq/superplane/pkg/grpc/actions/canvases/act_on_canvas_change_request.go:127.16,129.3 1 0
github.com/superplanehq/superplane/pkg/grpc/actions/canvases/act_on_canvas_change_request.go:131.2,131.43 1 14
github.com/superplanehq/superplane/pkg/grpc/actions/canvases/act_on_canvas_change_request.go:134.74,135.23 1 14
github.com/superplanehq/superplane/pkg/grpc/actions/canvases/act_on_canvas_change_request.go:135.23,137.3 1 0
github.com/superplanehq/superplane/pkg/grpc/actions/canvases/act_on_canvas_change_request.go:139.2,140.20 2 14
github.com/superplanehq/superplane/pkg/grpc/actions/canvases/act_on_canvas_change_request.go:140.20,142.3 1 0
github.com/superplanehq/superplane/pkg/grpc/actions/canvases/act_on_canvas_change_request.go:143.2,143.30 1 14
github.com/superplanehq/superplane/pkg/grpc/actions/canvases/act_on_canvas_change_request.go:143.30,145.3 1 0
github.com/superplanehq/superplane/pkg/grpc/actions/canvases/act_on_canvas_change_request.go:147.2,147.12 1 14
github.com/superplanehq/superplane/pkg/grpc/actions/canvases/act_on_canvas_change_request.go:158.63,162.61 3 14
github.com/superplanehq/superplane/pkg/grpc/actions/canvases/act_on_canvas_change_request.go:162.61,164.17 2 14
github.com/superplanehq/superplane/pkg/grpc/actions/canvases/act_on_canvas_change_request.go:164.17,166.4 1 0
github.com/superplanehq/superplane/pkg/grpc/actions/canvases/act_on_canvas_change_request.go:168.3,169.17 2 14
github.com/superplanehq/superplane/pkg/grpc/actions/canvases/act_on_canvas_change_request.go:169.17,171.4 1 0
github.com/superplanehq/superplane/pkg/grpc/actions/canvases/act_on_canvas_change_request.go:173.3,174.17 2 14
github.com/superplanehq/superplane/pkg/grpc/actions/canvases/act_on_canvas_change_request.go:174.17,176.4 1 0
github.com/superplanehq/superplane/pkg/grpc/actions/canvases/act_on_canvas_change_request.go:178.3,188.4 1 14
github.com/superplanehq/superplane/pkg/grpc/actions/canvases/act_on_canvas_change_request.go:190.2,190.16 1 14
github.com/superplanehq/superplane/pkg/grpc/actions/canvases/act_on_canvas_change_request.go:190.16,192.3 1 1
github.com/superplanehq/superplane/pkg/grpc/actions/canvases/act_on_canvas_change_request.go:194.2,194.30 1 13
github.com/superplanehq/superplane/pkg/grpc/actions/canvases/act_on_canvas_change_request.go:201.63,203.16 2 14
github.com/superplanehq/superplane/pkg/grpc/actions/canvases/act_on_canvas_change_request.go:203.16,204.45 1 0
github.com/superplanehq/superplane/pkg/grpc/actions/canvases/act_on_canvas_change_request.go:204.45,206.4 1 0
github.com/superplanehq/superplane/pkg/grpc/actions/canvases/act_on_canvas_change_request.go:207.3,207.23 1 0
github.com/superplanehq/superplane/pkg/grpc/actions/canvases/act_on_canvas_change_request.go:210.2,211.16 2 14
github.com/superplanehq/superplane/pkg/grpc/actions/canvases/act_on_canvas_change_request.go:211.16,212.45 1 0
github.com/superplanehq/superplane/pkg/grpc/actions/canvases/act_on_canvas_change_request.go:212.45,214.4 1 0
github.com/superplanehq/superplane/pkg/grpc/actions/canvases/act_on_canvas_change_request.go:215.3,215.23 1 0
github.com/superplanehq/superplane/pkg/grpc/actions/canvases/act_on_canvas_change_request.go:218.2,218.30 1 14
github.com/superplanehq/superplane/pkg/grpc/actions/canvases/act_on_canvas_change_request.go:231.9,232.16 1 14
github.com/superplanehq/superplane/pkg/grpc/actions/canvases/act_on_canvas_change_request.go:233.57,242.4 1 8
github.com/superplanehq/superplane/pkg/grpc/actions/canvases/act_on_canvas_change_request.go:243.59,244.96 1 1
github.com/superplanehq/superplane/pkg/grpc/actions/canvases/act_on_canvas_change_request.go:245.56,254.4 1 3
github.com/superplanehq/superplane/pkg/grpc/actions/canvases/act_on_canvas_change_request.go:255.56,256.78 1 2
github.com/superplanehq/superplane/pkg/grpc/actions/canvases/act_on_canvas_change_request.go:257.10,258.67 1 0
github.com/superplanehq/superplane/pkg/grpc/actions/canvases/act_on_canvas_change_request.go:270.9,271.65 1 8
github.com/superplanehq/superplane/pkg/grpc/actions/canvases/act_on_canvas_change_request.go:271.65,273.3 1 0
github.com/superplanehq/superplane/pkg/grpc/actions/canvases/act_on_canvas_change_request.go:274.2,274.64 1 8
github.com/superplanehq/superplane/pkg/grpc/actions/canvases/act_on_canvas_change_request.go:274.64,276.3 1 0
github.com/superplanehq/superplane/pkg/grpc/actions/canvases/act_on_canvas_change_request.go:277.2,277.54 1 8
github.com/superplanehq/superplane/pkg/grpc/actions/canvases/act_on_canvas_change_request.go:277.54,279.3 1 0
github.com/superplanehq/superplane/pkg/grpc/actions/canvases/act_on_canvas_change_request.go:280.2,280.28 1 8
github.com/superplanehq/superplane/pkg/grpc/actions/canvases/act_on_canvas_change_request.go:280.28,282.3 1 1
github.com/superplanehq/superplane/pkg/grpc/actions/canvases/act_on_canvas_change_request.go:284.2,292.16 2 7
github.com/superplanehq/superplane/pkg/grpc/actions/canvases/act_on_canvas_change_request.go:292.16,294.3 1 0
github.com/superplanehq/superplane/pkg/grpc/actions/canvases/act_on_canvas_change_request.go:296.2,297.108 2 7
github.com/superplanehq/superplane/pkg/grpc/actions/canvases/act_on_canvas_change_request.go:297.108,299.3 1 0
github.com/superplanehq/superplane/pkg/grpc/actions/canvases/act_on_canvas_change_request.go:300.2,309.16 1 7
github.com/superplanehq/superplane/pkg/grpc/actions/canvases/act_on_canvas_change_request.go:309.16,311.3 1 0
github.com/superplanehq/superplane/pkg/grpc/actions/canvases/act_on_canvas_change_request.go:313.2,314.31 2 7
github.com/superplanehq/superplane/pkg/grpc/actions/canvases/act_on_canvas_change_request.go:323.9,324.65 1 1
github.com/superplanehq/superplane/pkg/grpc/actions/canvases/act_on_canvas_change_request.go:324.65,326.3 1 0
github.com/superplanehq/superplane/pkg/grpc/actions/canvases/act_on_canvas_change_request.go:327.2,327.64 1 1
github.com/superplanehq/superplane/pkg/grpc/actions/canvases/act_on_canvas_change_request.go:327.64,329.3 1 0
github.com/superplanehq/superplane/pkg/grpc/actions/canvases/act_on_canvas_change_request.go:330.2,330.54 1 1
github.com/superplanehq/superplane/pkg/grpc/actions/canvases/act_on_canvas_change_request.go:330.54,332.3 1 0
github.com/superplanehq/superplane/pkg/grpc/actions/canvases/act_on_canvas_change_request.go:334.2,335.28 2 1
github.com/superplanehq/superplane/pkg/grpc/actions/canvases/act_on_canvas_change_request.go:335.28,337.3 1 0
github.com/superplanehq/superplane/pkg/grpc/actions/canvases/act_on_canvas_change_request.go:339.2,340.124 2 1
github.com/superplanehq/superplane/pkg/grpc/actions/canvases/act_on_canvas_change_request.go:340.124,342.3 1 0
github.com/superplanehq/superplane/pkg/grpc/actions/canvases/act_on_canvas_change_request.go:344.2,347.43 2 1
github.com/superplanehq/superplane/pkg/grpc/actions/canvases/act_on_canvas_change_request.go:347.43,349.3 1 0
github.com/superplanehq/superplane/pkg/grpc/actions/canvases/act_on_canvas_change_request.go:350.2,350.41 1 1
github.com/superplanehq/superplane/pkg/grpc/actions/canvases/act_on_canvas_change_request.go:350.41,352.3 1 0
github.com/superplanehq/superplane/pkg/grpc/actions/canvases/act_on_canvas_change_request.go:354.2,363.16 1 1
github.com/superplanehq/superplane/pkg/grpc/actions/canvases/act_on_canvas_change_request.go:363.16,365.3 1 0
github.com/superplanehq/superplane/pkg/grpc/actions/canvases/act_on_canvas_change_request.go:367.2,368.31 2 1
github.com/superplanehq/superplane/pkg/grpc/actions/canvases/act_on_canvas_change_request.go:379.9,380.65 1 3
github.com/superplanehq/superplane/pkg/grpc/actions/canvases/act_on_canvas_change_request.go:380.65,382.3 1 0
github.com/superplanehq/superplane/pkg/grpc/actions/canvases/act_on_canvas_change_request.go:383.2,383.64 1 3
github.com/superplanehq/superplane/pkg/grpc/actions/canvases/act_on_canvas_change_request.go:383.64,385.3 1 0
github.com/superplanehq/superplane/pkg/grpc/actions/canvases/act_on_canvas_change_request.go:386.2,386.54 1 3
github.com/superplanehq/superplane/pkg/grpc/actions/canvases/act_on_canvas_change_request.go:386.54,388.3 1 0
github.com/superplanehq/superplane/pkg/grpc/actions/canvases/act_on_canvas_change_request.go:390.2,398.16 2 3
github.com/superplanehq/superplane/pkg/grpc/actions/canvases/act_on_canvas_change_request.go:398.16,400.3 1 0
github.com/superplanehq/superplane/pkg/grpc/actions/canvases/act_on_canvas_change_request.go:402.2,403.115 2 3
github.com/superplanehq/superplane/pkg/grpc/actions/canvases/act_on_canvas_change_request.go:403.115,405.3 1 0
github.com/superplanehq/superplane/pkg/grpc/actions/canvases/act_on_canvas_change_request.go:406.2,415.16 1 3
github.com/superplanehq/superplane/pkg/grpc/actions/canvases/act_on_canvas_change_request.go:415.16,417.3 1 0
github.com/superplanehq/superplane/pkg/grpc/actions/canvases/act_on_canvas_change_request.go:419.2,421.31 3 3
github.com/superplanehq/superplane/pkg/grpc/actions/canvases/act_on_canvas_change_request.go:429.9,430.64 1 2
github.com/superplanehq/superplane/pkg/grpc/actions/canvases/act_on_canvas_change_request.go:430.64,432.3 1 0
github.com/superplanehq/superplane/pkg/grpc/actions/canvases/act_on_canvas_change_request.go:434.2,435.16 2 2
github.com/superplanehq/superplane/pkg/grpc/actions/canvases/act_on_canvas_change_request.go:435.16,437.3 1 0
github.com/superplanehq/superplane/pkg/grpc/actions/canvases/act_on_canvas_change_request.go:439.2,441.115 3 2
github.com/superplanehq/superplane/pkg/grpc/actions/canvases/act_on_canvas_change_request.go:441.115,443.3 1 0
github.com/superplanehq/superplane/pkg/grpc/actions/canvases/act_on_canvas_change_request.go:445.2,450.31 5 2
github.com/superplanehq/superplane/pkg/grpc/actions/canvases/act_on_canvas_change_request.go:460.52,462.16 2 10
github.com/superplanehq/superplane/pkg/grpc/actions/canvases/act_on_canvas_change_request.go:462.16,464.3 1 0
github.com/superplanehq/superplane/pkg/grpc/actions/canvases/act_on_canvas_change_request.go:466.2,467.29 2 10
github.com/superplanehq/superplane/pkg/grpc/actions/canvases/act_on_canvas_change_request.go:467.29,468.18 1 30
github.com/superplanehq/superplane/pkg/grpc/actions/canvases/act_on_canvas_change_request.go:468.18,469.12 1 0
github.com/superplanehq/superplane/pkg/grpc/actions/canvases/act_on_canvas_change_request.go:471.3,471.34 1 30
github.com/superplanehq/superplane/pkg/grpc/actions/canvases/act_on_canvas_change_request.go:474.2,478.41 5 10
github.com/superplanehq/superplane/pkg/grpc/actions/canvases/act_on_canvas_change_request.go:478.41,479.60 1 10
github.com/superplanehq/superplane/pkg/grpc/actions/canvases/act_on_canvas_change_request.go:479.60,480.12 1 0
github.com/superplanehq/superplane/pkg/grpc/actions/canvases/act_on_canvas_change_request.go:482.3,483.31 2 10
github.com/superplanehq/superplane/pkg/grpc/actions/canvases/act_on_canvas_change_request.go:483.31,486.4 2 10
github.com/superplanehq/superplane/pkg/grpc/actions/canvases/act_on_canvas_change_request.go:488.3,489.20 2 10
github.com/superplanehq/superplane/pkg/grpc/actions/canvases/act_on_canvas_change_request.go:489.20,491.4 1 8
github.com/superplanehq/superplane/pkg/grpc/actions/canvases/act_on_canvas_change_request.go:493.3,493.70 1 2
github.com/superplanehq/superplane/pkg/grpc/actions/canvases/act_on_canvas_change_request.go:493.70,494.28 1 1
github.com/superplanehq/superplane/pkg/grpc/actions/canvases/act_on_canvas_change_request.go:494.28,495.13 1 1
github.com/superplanehq/superplane/pkg/grpc/actions/canvases/act_on_canvas_change_request.go:497.4,497.71 1 0
github.com/superplanehq/superplane/pkg/grpc/actions/canvases/act_on_canvas_change_request.go:497.71,498.13 1 0
github.com/superplanehq/superplane/pkg/grpc/actions/canvases/act_on_canvas_change_request.go:500.4,500.12 1 0
github.com/superplanehq/superplane/pkg/grpc/actions/canvases/act_on_canvas_change_request.go:503.3,503.70 1 1
github.com/superplanehq/superplane/pkg/grpc/actions/canvases/act_on_canvas_change_request.go:503.70,504.28 1 0
github.com/superplanehq/superplane/pkg/grpc/actions/canvases/act_on_canvas_change_request.go:504.28,505.13 1 0
github.com/superplanehq/superplane/pkg/grpc/actions/canvases/act_on_canvas_change_request.go:509.3,509.30 1 1
github.com/superplanehq/superplane/pkg/grpc/actions/canvases/act_on_canvas_change_request.go:512.2,512.20 1 1
github.com/superplanehq/superplane/pkg/grpc/actions/canvases/act_on_canvas_change_request.go:512.20,514.3 1 0
github.com/superplanehq/superplane/pkg/grpc/actions/canvases/act_on_canvas_change_request.go:516.2,516.26 1 1
github.com/superplanehq/superplane/pkg/grpc/actions/canvases/act_on_canvas_change_request.go:516.26,518.3 1 1
github.com/superplanehq/superplane/pkg/grpc/actions/canvases/act_on_canvas_change_request.go:520.2,520.145 1 0
github.com/superplanehq/superplane/pkg/grpc/actions/canvases/act_on_canvas_change_request.go:527.8,528.23 1 10
github.com/superplanehq/superplane/pkg/grpc/actions/canvases/act_on_canvas_change_request.go:529.52,530.14 1 10
github.com/superplanehq/superplane/pkg/grpc/actions/canvases/act_on_canvas_change_request.go:531.50,532.47 1 0
github.com/superplanehq/superplane/pkg/grpc/actions/canvases/act_on_canvas_change_request.go:533.50,535.12 2 0
github.com/superplanehq/superplane/pkg/grpc/actions/canvases/act_on_canvas_change_request.go:536.10,537.15 1 0
github.com/superplanehq/superplane/pkg/grpc/actions/canvases/act_on_canvas_change_request.go:541.121,543.27 2 15
github.com/superplanehq/superplane/pkg/grpc/actions/canvases/act_on_canvas_change_request.go:543.27,545.36 2 12
github.com/superplanehq/superplane/pkg/grpc/actions/canvases/act_on_canvas_change_request.go:545.36,546.12 1 6
github.com/superplanehq/superplane/pkg/grpc/actions/canvases/act_on_canvas_change_request.go:549.3,550.22 2 6
github.com/superplanehq/superplane/pkg/grpc/actions/canvases/act_on_canvas_change_request.go:550.22,553.12 3 6
github.com/superplanehq/superplane/pkg/grpc/actions/canvases/act_on_canvas_change_request.go:556.3,557.32 2 0
github.com/superplanehq/superplane/pkg/grpc/actions/canvases/act_on_canvas_change_request.go:557.32,559.4 1 0
github.com/superplanehq/superplane/pkg/grpc/actions/canvases/act_on_canvas_change_request.go:560.3,561.32 2 0
github.com/superplanehq/superplane/pkg/grpc/actions/canvases/act_on_canvas_change_request.go:561.32,563.4 1 0
github.com/superplanehq/superplane/pkg/grpc/actions/canvases/act_on_canvas_change_request.go:564.3,564.50 1 0
github.com/superplanehq/superplane/pkg/grpc/actions/canvases/act_on_canvas_change_request.go:564.50,565.12 1 0
github.com/superplanehq/superplane/pkg/grpc/actions/canvases/act_on_canvas_change_request.go:568.3,569.49 2 0
github.com/superplanehq/superplane/pkg/grpc/actions/canvases/act_on_canvas_change_request.go:572.2,572.15 1 15
github.com/superplanehq/superplane/pkg/grpc/actions/canvases/act_on_canvas_change_request.go:578.39,580.27 2 1
github.com/superplanehq/superplane/pkg/grpc/actions/canvases/act_on_canvas_change_request.go:580.27,582.36 2 1
github.com/superplanehq/superplane/pkg/grpc/actions/canvases/act_on_canvas_change_request.go:582.36,583.12 1 0
github.com/superplanehq/superplane/pkg/grpc/actions/canvases/act_on_canvas_change_request.go:585.3,585.72 1 1
github.com/superplanehq/superplane/pkg/grpc/actions/canvases/act_on_canvas_change_request.go:585.72,586.12 1 0
github.com/superplanehq/superplane/pkg/grpc/actions/canvases/act_on_canvas_change_request.go:588.3,588.74 1 1
github.com/superplanehq/superplane/pkg/grpc/actions/canvases/act_on_canvas_change_request.go:588.74,589.12 1 0
github.com/superplanehq/superplane/pkg/grpc/actions/canvases/act_on_canvas_change_request.go:592.3,592.22 1 1
github.com/superplanehq/superplane/pkg/grpc/actions/canvases/act_on_canvas_change_request.go:592.22,595.12 3 1
github.com/superplanehq/superplane/pkg/grpc/actions/canvases/act_on_canvas_change_request.go:598.3,599.32 2 0
github.com/superplanehq/superplane/pkg/grpc/actions/canvases/act_on_canvas_change_request.go:599.32,601.4 1 0
github.com/superplanehq/superplane/pkg/grpc/actions/canvases/act_on_canvas_change_request.go:602.3,603.32 2 0
github.com/superplanehq/superplane/pkg/grpc/actions/canvases/act_on_canvas_change_request.go:603.32,605.4 1 0
github.com/superplanehq/superplane/pkg/grpc/actions/canvases/act_on_canvas_change_request.go:606.3,606.50 1 0
github.com/superplanehq/superplane/pkg/grpc/actions/canvases/act_on_canvas_change_request.go:606.50,607.12 1 0
github.com/superplanehq/superplane/pkg/grpc/actions/canvases/act_on_canvas_change_request.go:610.3,611.27 2 0
github.com/superplanehq/superplane/pkg/grpc/actions/canvases/act_on_canvas_change_request.go:614.2,614.17 1 1
github.com/superplanehq/superplane/pkg/grpc/actions/canvases/act_on_canvas_change_request.go:623.9,635.2 1 8
github.com/superplanehq/superplane/pkg/grpc/actions/canvases/act_on_canvas_change_request.go:646.9,659.88 2 11
github.com/superplanehq/superplane/pkg/grpc/actions/canvases/act_on_canvas_change_request.go:659.88,661.22 2 0
github.com/superplanehq/superplane/pkg/grpc/actions/canvases/act_on_canvas_change_request.go:661.22,663.4 1 0
github.com/superplanehq/superplane/pkg/grpc/actions/canvases/act_on_canvas_change_request.go:664.3,664.44 1 0
github.com/superplanehq/superplane/pkg/grpc/actions/canvases/act_on_canvas_change_request.go:666.2,666.88 1 11
github.com/superplanehq/superplane/pkg/grpc/actions/canvases/act_on_canvas_change_request.go:666.88,669.3 2 0
github.com/superplanehq/superplane/pkg/grpc/actions/canvases/act_on_canvas_change_request.go:671.2,671.92 1 11
github.com/superplanehq/superplane/pkg/grpc/actions/canvases/act_on_canvas_change_request.go:671.92,673.3 1 0
github.com/superplanehq/superplane/pkg/grpc/actions/canvases/act_on_canvas_change_request.go:675.2,675.12 1 11
github.com/superplanehq/superplane/pkg/grpc/actions/canvases/apply_canvas_version_changeset.go:30.52,32.16 2 7
github.com/superplanehq/superplane/pkg/grpc/actions/canvases/apply_canvas_version_changeset.go:32.16,34.3 1 1
github.com/superplanehq/superplane/pkg/grpc/actions/canvases/apply_canvas_version_changeset.go:36.2,37.16 2 6
github.com/superplanehq/superplane/pkg/grpc/actions/canvases/apply_canvas_version_changeset.go:37.16,39.3 1 1
github.com/superplanehq/superplane/pkg/grpc/actions/canvases/apply_canvas_version_changeset.go:41.2,41.53 1 5
github.com/superplanehq/superplane/pkg/grpc/actions/canvases/apply_canvas_version_changeset.go:41.53,43.3 1 1
github.com/superplanehq/superplane/pkg/grpc/actions/canvases/apply_canvas_version_changeset.go:45.2,47.60 2 4
github.com/superplanehq/superplane/pkg/grpc/actions/canvases/apply_canvas_version_changeset.go:47.60,49.17 2 4
github.com/superplanehq/superplane/pkg/grpc/actions/canvases/apply_canvas_version_changeset.go:49.17,50.46 1 1
github.com/superplanehq/superplane/pkg/grpc/actions/canvases/apply_canvas_version_changeset.go:50.46,52.5 1 1
github.com/superplanehq/superplane/pkg/grpc/actions/canvases/apply_canvas_version_changeset.go:54.4,55.72 2 0
github.com/superplanehq/superplane/pkg/grpc/actions/canvases/apply_canvas_version_changeset.go:58.3,58.57 1 3
github.com/superplanehq/superplane/pkg/grpc/actions/canvases/apply_canvas_version_changeset.go:58.57,60.4 1 0
github.com/superplanehq/superplane/pkg/grpc/actions/canvases/apply_canvas_version_changeset.go:62.3,62.112 1 3
github.com/superplanehq/superplane/pkg/grpc/actions/canvases/apply_canvas_version_changeset.go:62.112,64.4 1 0
github.com/superplanehq/superplane/pkg/grpc/actions/canvases/apply_canvas_version_changeset.go:69.3,71.17 3 3
github.com/superplanehq/superplane/pkg/grpc/actions/canvases/apply_canvas_version_changeset.go:71.17,73.4 1 1
github.com/superplanehq/superplane/pkg/grpc/actions/canvases/apply_canvas_version_changeset.go:75.3,79.17 5 2
github.com/superplanehq/superplane/pkg/grpc/actions/canvases/apply_canvas_version_changeset.go:79.17,82.4 2 0
github.com/superplanehq/superplane/pkg/grpc/actions/canvases/apply_canvas_version_changeset.go:84.3,84.13 1 2
github.com/superplanehq/superplane/pkg/grpc/actions/canvases/apply_canvas_version_changeset.go:87.2,87.16 1 4
github.com/superplanehq/superplane/pkg/grpc/actions/canvases/apply_canvas_version_changeset.go:87.16,89.3 1 2
github.com/superplanehq/superplane/pkg/grpc/actions/canvases/apply_canvas_version_changeset.go:91.2,92.16 2 2
github.com/superplanehq/superplane/pkg/grpc/actions/canvases/apply_canvas_version_changeset.go:92.16,94.3 1 0
github.com/superplanehq/superplane/pkg/grpc/actions/canvases/apply_canvas_version_changeset.go:96.2,98.8 1 2
github.com/superplanehq/superplane/pkg/grpc/actions/canvases/cancel_execution.go:24.236,27.15 3 4
github.com/superplanehq/superplane/pkg/grpc/actions/canvases/cancel_execution.go:27.15,30.17 3 0
github.com/superplanehq/superplane/pkg/grpc/actions/canvases/cancel_execution.go:30.17,32.4 1 0
github.com/superplanehq/superplane/pkg/grpc/actions/canvases/cancel_execution.go:36.2,37.16 2 4
github.com/superplanehq/superplane/pkg/grpc/actions/canvases/cancel_execution.go:37.16,39.3 1 1
github.com/superplanehq/superplane/pkg/grpc/actions/canvases/cancel_execution.go:41.2,41.40 1 3
github.com/superplanehq/superplane/pkg/grpc/actions/canvases/cancel_execution.go:41.40,43.3 1 1
github.com/superplanehq/superplane/pkg/grpc/actions/canvases/cancel_execution.go:45.2,45.60 1 2
github.com/superplanehq/superplane/pkg/grpc/actions/canvases/cancel_execution.go:45.60,48.17 2 2
github.com/superplanehq/superplane/pkg/grpc/actions/canvases/cancel_execution.go:48.17,50.4 1 0
github.com/superplanehq/superplane/pkg/grpc/actions/canvases/cancel_execution.go:52.3,54.17 2 2
github.com/superplanehq/superplane/pkg/grpc/actions/canvases/cancel_execution.go:54.17,56.4 1 0
github.com/superplanehq/superplane/pkg/grpc/actions/canvases/cancel_execution.go:58.3,58.13 1 2
github.com/superplanehq/superplane/pkg/grpc/actions/canvases/cancel_execution.go:61.2,61.16 1 2
github.com/superplanehq/superplane/pkg/grpc/actions/canvases/cancel_execution.go:61.16,63.3 1 0
github.com/superplanehq/superplane/pkg/grpc/actions/canvases/cancel_execution.go:65.2,67.43 2 2
github.com/superplanehq/superplane/pkg/grpc/actions/canvases/cancel_execution.go:70.258,71.43 1 4
github.com/superplanehq/superplane/pkg/grpc/actions/canvases/cancel_execution.go:71.43,73.17 2 1
github.com/superplanehq/superplane/pkg/grpc/actions/canvases/cancel_execution.go:73.17,76.4 2 0
github.com/superplanehq/superplane/pkg/grpc/actions/canvases/cancel_execution.go:79.2,79.43 1 4
github.com/superplanehq/superplane/pkg/grpc/actions/canvases/cancel_execution.go:79.43,81.27 2 3
github.com/superplanehq/superplane/pkg/grpc/actions/canvases/cancel_execution.go:81.27,83.18 2 3
github.com/superplanehq/superplane/pkg/grpc/actions/canvases/cancel_execution.go:83.18,86.5 2 0
github.com/superplanehq/superplane/pkg/grpc/actions/canvases/cancel_execution.go:88.4,91.127 4 3
github.com/superplanehq/superplane/pkg/grpc/actions/canvases/cancel_execution.go:91.127,93.5 1 3
github.com/superplanehq/superplane/pkg/grpc/actions/canvases/cancel_execution.go:94.4,111.37 2 3
github.com/superplanehq/superplane/pkg/grpc/actions/canvases/cancel_execution.go:111.37,113.19 2 0
github.com/superplanehq/superplane/pkg/grpc/actions/canvases/cancel_execution.go:113.19,116.6 2 0
github.com/superplanehq/superplane/pkg/grpc/actions/canvases/cancel_execution.go:118.5,119.102 2 0
github.com/superplanehq/superplane/pkg/grpc/actions/canvases/cancel_execution.go:122.4,123.45 2 3
github.com/superplanehq/superplane/pkg/grpc/actions/canvases/cancel_execution.go:123.45,125.5 1 0
github.com/superplanehq/superplane/pkg/grpc/actions/canvases/cancel_execution.go:129.2,130.17 2 4
github.com/superplanehq/superplane/pkg/grpc/actions/canvases/cancel_execution.go:130.17,132.3 1 0
github.com/superplanehq/superplane/pkg/grpc/actions/canvases/cancel_execution.go:134.2,134.55 1 4
github.com/superplanehq/superplane/pkg/grpc/actions/canvases/cancel_execution.go:145.9,152.16 2 1
github.com/superplanehq/superplane/pkg/grpc/actions/canvases/cancel_execution.go:152.16,154.3 1 0
github.com/superplanehq/superplane/pkg/grpc/actions/canvases/cancel_execution.go:156.2,156.31 1 1
github.com/superplanehq/superplane/pkg/grpc/actions/canvases/cancel_execution.go:156.31,158.3 1 0
github.com/superplanehq/superplane/pkg/grpc/actions/canvases/cancel_execution.go:160.2,161.44 2 1
github.com/superplanehq/superplane/pkg/grpc/actions/canvases/cancel_execution.go:161.44,163.3 1 2
github.com/superplanehq/superplane/pkg/grpc/actions/canvases/cancel_execution.go:165.2,166.32 2 1
github.com/superplanehq/superplane/pkg/grpc/actions/canvases/cancel_execution.go:166.32,168.3 1 2
github.com/superplanehq/superplane/pkg/grpc/actions/canvases/cancel_execution.go:170.2,171.16 2 1
github.com/superplanehq/superplane/pkg/grpc/actions/canvases/cancel_execution.go:171.16,173.3 1 0
github.com/superplanehq/superplane/pkg/grpc/actions/canvases/cancel_execution.go:175.2,176.23 2 1
github.com/superplanehq/superplane/pkg/grpc/actions/canvases/cancel_execution.go:176.23,178.3 1 2
github.com/superplanehq/superplane/pkg/grpc/actions/canvases/cancel_execution.go:180.2,180.49 1 1
github.com/superplanehq/superplane/pkg/grpc/actions/canvases/cancel_execution.go:180.49,182.14 2 2
github.com/superplanehq/superplane/pkg/grpc/actions/canvases/cancel_execution.go:182.14,185.4 2 0
github.com/superplanehq/superplane/pkg/grpc/actions/canvases/cancel_execution.go:187.3,188.17 2 2
github.com/superplanehq/superplane/pkg/grpc/actions/canvases/cancel_execution.go:188.17,191.4 2 0
github.com/superplanehq/superplane/pkg/grpc/actions/canvases/cancel_execution.go:194.2,194.12 1 1
github.com/superplanehq/superplane/pkg/grpc/actions/canvases/change_management.go:9.78,11.2 1 92
github.com/superplanehq/superplane/pkg/grpc/actions/canvases/change_management.go:13.104,14.19 1 93
github.com/superplanehq/superplane/pkg/grpc/actions/canvases/change_management.go:14.19,16.3 1 1
github.com/superplanehq/superplane/pkg/grpc/actions/canvases/change_management.go:19.2,19.23 1 92
github.com/superplanehq/superplane/pkg/grpc/actions/canvases/change_management.go:19.23,21.3 1 2
github.com/superplanehq/superplane/pkg/grpc/actions/canvases/change_management.go:23.2,24.16 2 90
github.com/superplanehq/superplane/pkg/grpc/actions/canvases/change_management.go:24.16,26.3 1 0
github.com/superplanehq/superplane/pkg/grpc/actions/canvases/change_management.go:27.2,27.41 1 90
github.com/superplanehq/superplane/pkg/grpc/actions/canvases/change_management.go:27.41,29.3 1 54
github.com/superplanehq/superplane/pkg/grpc/actions/canvases/change_management.go:31.2,31.44 1 36
github.com/superplanehq/superplane/pkg/grpc/actions/canvases/change_request_approver_mapping.go:13.49,14.49 1 20
github.com/superplanehq/superplane/pkg/grpc/actions/canvases/change_request_approver_mapping.go:14.49,16.3 1 14
github.com/superplanehq/superplane/pkg/grpc/actions/canvases/change_request_approver_mapping.go:18.2,22.44 5 6
github.com/superplanehq/superplane/pkg/grpc/actions/canvases/change_request_approver_mapping.go:22.44,23.18 1 9
github.com/superplanehq/superplane/pkg/grpc/actions/canvases/change_request_approver_mapping.go:23.18,25.4 1 1
github.com/superplanehq/superplane/pkg/grpc/actions/canvases/change_request_approver_mapping.go:27.3,28.17 2 8
github.com/superplanehq/superplane/pkg/grpc/actions/canvases/change_request_approver_mapping.go:28.17,30.4 1 0
github.com/superplanehq/superplane/pkg/grpc/actions/canvases/change_request_approver_mapping.go:32.3,38.71 2 8
github.com/superplanehq/superplane/pkg/grpc/actions/canvases/change_request_approver_mapping.go:38.71,40.4 1 0
github.com/superplanehq/superplane/pkg/grpc/actions/canvases/change_request_approver_mapping.go:41.3,41.115 1 8
github.com/superplanehq/superplane/pkg/grpc/actions/canvases/change_request_approver_mapping.go:41.115,43.4 1 2
github.com/superplanehq/superplane/pkg/grpc/actions/canvases/change_request_approver_mapping.go:45.3,45.24 1 6
github.com/superplanehq/superplane/pkg/grpc/actions/canvases/change_request_approver_mapping.go:46.53,47.21 1 1
github.com/superplanehq/superplane/pkg/grpc/actions/canvases/change_request_approver_mapping.go:48.51,49.41 1 3
github.com/superplanehq/superplane/pkg/grpc/actions/canvases/change_request_approver_mapping.go:50.51,51.41 1 2
github.com/superplanehq/superplane/pkg/grpc/actions/canvases/change_request_approver_mapping.go:54.3,54.42 1 6
github.com/superplanehq/superplane/pkg/grpc/actions/canvases/change_request_approver_mapping.go:57.2,57.23 1 3
github.com/superplanehq/superplane/pkg/grpc/actions/canvases/change_request_approver_mapping.go:60.111,61.15 1 9
github.com/superplanehq/superplane/pkg/grpc/actions/canvases/change_request_approver_mapping.go:62.55,63.59 1 2
github.com/superplanehq/superplane/pkg/grpc/actions/canvases/change_request_approver_mapping.go:64.53,65.57 1 3
github.com/superplanehq/superplane/pkg/grpc/actions/canvases/change_request_approver_mapping.go:66.53,67.57 1 3
github.com/superplanehq/superplane/pkg/grpc/actions/canvases/change_request_approver_mapping.go:68.10,69.72 1 1
github.com/superplanehq/superplane/pkg/grpc/actions/canvases/change_request_approver_mapping.go:73.93,74.23 1 13
github.com/superplanehq/superplane/pkg/grpc/actions/canvases/change_request_approver_mapping.go:75.52,76.13 1 2
github.com/superplanehq/superplane/pkg/grpc/actions/canvases/change_request_approver_mapping.go:77.50,78.26 1 7
github.com/superplanehq/superplane/pkg/grpc/actions/canvases/change_request_approver_mapping.go:78.26,80.4 1 1
github.com/superplanehq/superplane/pkg/grpc/actions/canvases/change_request_approver_mapping.go:81.3,81.13 1 6
github.com/superplanehq/superplane/pkg/grpc/actions/canvases/change_request_approver_mapping.go:82.50,83.26 1 4
github.com/superplanehq/superplane/pkg/grpc/actions/canvases/change_request_approver_mapping.go:83.26,85.4 1 1
github.com/superplanehq/superplane/pkg/grpc/actions/canvases/change_request_approver_mapping.go:86.3,86.13 1 3
github.com/superplanehq/superplane/pkg/grpc/actions/canvases/change_request_approver_mapping.go:87.10,88.67 1 0
github.com/superplanehq/superplane/pkg/grpc/actions/canvases/change_request_approver_mapping.go:97.9,98.23 1 8
github.com/superplanehq/superplane/pkg/grpc/actions/canvases/change_request_approver_mapping.go:99.52,100.17 1 2
github.com/superplanehq/superplane/pkg/grpc/actions/canvases/change_request_approver_mapping.go:100.17,102.4 1 1
github.com/superplanehq/superplane/pkg/grpc/actions/canvases/change_request_approver_mapping.go:103.50,104.52 1 3
github.com/superplanehq/superplane/pkg/grpc/actions/canvases/change_request_approver_mapping.go:104.52,106.4 1 0
github.com/superplanehq/superplane/pkg/grpc/actions/canvases/change_request_approver_mapping.go:107.50,108.52 1 3
github.com/superplanehq/superplane/pkg/grpc/actions/canvases/change_request_approver_mapping.go:108.52,110.4 1 1
github.com/superplanehq/superplane/pkg/grpc/actions/canvases/change_request_approver_mapping.go:113.2,113.12 1 6
github.com/superplanehq/superplane/pkg/grpc/actions/canvases/change_request_diff.go:33.27,42.39 8 21
github.com/superplanehq/superplane/pkg/grpc/actions/canvases/change_request_diff.go:42.39,43.41 1 22
github.com/superplanehq/superplane/pkg/grpc/actions/canvases/change_request_diff.go:43.41,50.6 1 6
github.com/superplanehq/superplane/pkg/grpc/actions/canvases/change_request_diff.go:50.6,52.5 1 2
github.com/superplanehq/superplane/pkg/grpc/actions/canvases/change_request_diff.go:56.2,59.3 1 21
github.com/superplanehq/superplane/pkg/grpc/actions/canvases/change_request_diff.go:68.8,71.33 3 6
github.com/superplanehq/superplane/pkg/grpc/actions/canvases/change_request_diff.go:71.33,73.3 1 0
github.com/superplanehq/superplane/pkg/grpc/actions/canvases/change_request_diff.go:74.2,74.109 1 6
github.com/superplanehq/superplane/pkg/grpc/actions/canvases/change_request_diff.go:74.109,76.3 1 2
github.com/superplanehq/superplane/pkg/grpc/actions/canvases/change_request_diff.go:78.2,80.74 3 4
github.com/superplanehq/superplane/pkg/grpc/actions/canvases/change_request_diff.go:83.102,85.40 2 8
github.com/superplanehq/superplane/pkg/grpc/actions/canvases/change_request_diff.go:85.40,86.57 1 4
github.com/superplanehq/superplane/pkg/grpc/actions/canvases/change_request_diff.go:86.57,87.12 1 0
github.com/superplanehq/superplane/pkg/grpc/actions/canvases/change_request_diff.go:90.3,90.31 1 4
github.com/superplanehq/superplane/pkg/grpc/actions/canvases/change_request_diff.go:92.2,92.15 1 8
github.com/superplanehq/superplane/pkg/grpc/actions/canvases/change_request_diff.go:100.23,106.31 5 42
github.com/superplanehq/superplane/pkg/grpc/actions/canvases/change_request_diff.go:106.31,108.3 1 42
github.com/superplanehq/superplane/pkg/grpc/actions/canvases/change_request_diff.go:109.2,109.33 1 42
github.com/superplanehq/superplane/pkg/grpc/actions/canvases/change_request_diff.go:109.33,111.3 1 44
github.com/superplanehq/superplane/pkg/grpc/actions/canvases/change_request_diff.go:113.2,113.33 1 42
github.com/superplanehq/superplane/pkg/grpc/actions/canvases/change_request_diff.go:113.33,116.27 3 44
github.com/superplanehq/superplane/pkg/grpc/actions/canvases/change_request_diff.go:116.27,118.12 2 2
github.com/superplanehq/superplane/pkg/grpc/actions/canvases/change_request_diff.go:120.3,120.15 1 42
github.com/superplanehq/superplane/pkg/grpc/actions/canvases/change_request_diff.go:120.15,121.12 1 0
github.com/superplanehq/superplane/pkg/grpc/actions/canvases/change_request_diff.go:123.3,123.95 1 42
github.com/superplanehq/superplane/pkg/grpc/actions/canvases/change_request_diff.go:123.95,125.4 1 22
github.com/superplanehq/superplane/pkg/grpc/actions/canvases/change_request_diff.go:128.2,130.46 3 42
github.com/superplanehq/superplane/pkg/grpc/actions/canvases/change_request_diff.go:130.46,131.43 1 2
github.com/superplanehq/superplane/pkg/grpc/actions/canvases/change_request_diff.go:131.43,132.12 1 0
github.com/superplanehq/superplane/pkg/grpc/actions/canvases/change_request_diff.go:134.3,134.26 1 2
github.com/superplanehq/superplane/pkg/grpc/actions/canvases/change_request_diff.go:134.26,136.4 1 2
github.com/superplanehq/superplane/pkg/grpc/actions/canvases/change_request_diff.go:137.3,137.26 1 2
github.com/superplanehq/superplane/pkg/grpc/actions/canvases/change_request_diff.go:137.26,139.4 1 2
github.com/superplanehq/superplane/pkg/grpc/actions/canvases/change_request_diff.go:141.2,141.44 1 42
github.com/superplanehq/superplane/pkg/grpc/actions/canvases/change_request_diff.go:141.44,142.45 1 0
github.com/superplanehq/superplane/pkg/grpc/actions/canvases/change_request_diff.go:142.45,143.12 1 0
github.com/superplanehq/superplane/pkg/grpc/actions/canvases/change_request_diff.go:145.3,145.26 1 0
github.com/superplanehq/superplane/pkg/grpc/actions/canvases/change_request_diff.go:145.26,147.4 1 0
github.com/superplanehq/superplane/pkg/grpc/actions/canvases/change_request_diff.go:148.3,148.26 1 0
github.com/superplanehq/superplane/pkg/grpc/actions/canvases/change_request_diff.go:148.26,150.4 1 0
github.com/superplanehq/superplane/pkg/grpc/actions/canvases/change_request_diff.go:153.2,153.16 1 42
github.com/superplanehq/superplane/pkg/grpc/actions/canvases/change_request_diff.go:156.105,157.26 1 42
github.com/superplanehq/superplane/pkg/grpc/actions/canvases/change_request_diff.go:157.26,159.3 1 19
github.com/superplanehq/superplane/pkg/grpc/actions/canvases/change_request_diff.go:161.2,164.42 3 23
github.com/superplanehq/superplane/pkg/grpc/actions/canvases/change_request_diff.go:164.42,165.30 1 69
github.com/superplanehq/superplane/pkg/grpc/actions/canvases/change_request_diff.go:165.30,166.21 1 71
github.com/superplanehq/superplane/pkg/grpc/actions/canvases/change_request_diff.go:166.21,167.13 1 0
github.com/superplanehq/superplane/pkg/grpc/actions/canvases/change_request_diff.go:169.4,169.41 1 71
github.com/superplanehq/superplane/pkg/grpc/actions/canvases/change_request_diff.go:169.41,170.13 1 0
github.com/superplanehq/superplane/pkg/grpc/actions/canvases/change_request_diff.go:172.4,172.34 1 71
github.com/superplanehq/superplane/pkg/grpc/actions/canvases/change_request_diff.go:172.34,173.13 1 47
github.com/superplanehq/superplane/pkg/grpc/actions/canvases/change_request_diff.go:175.4,176.36 2 24
github.com/superplanehq/superplane/pkg/grpc/actions/canvases/change_request_diff.go:180.2,181.33 2 23
github.com/superplanehq/superplane/pkg/grpc/actions/canvases/change_request_diff.go:181.33,182.32 1 24
github.com/superplanehq/superplane/pkg/grpc/actions/canvases/change_request_diff.go:182.32,183.12 1 24
github.com/superplanehq/superplane/pkg/grpc/actions/canvases/change_request_diff.go:185.3,185.40 1 0
github.com/superplanehq/superplane/pkg/grpc/actions/canvases/change_request_diff.go:187.2,190.15 3 23
github.com/superplanehq/superplane/pkg/grpc/actions/canvases/change_request_diff.go:193.63,195.29 2 132
github.com/superplanehq/superplane/pkg/grpc/actions/canvases/change_request_diff.go:195.29,196.20 1 136
github.com/superplanehq/superplane/pkg/grpc/actions/canvases/change_request_diff.go:196.20,197.12 1 0
github.com/superplanehq/superplane/pkg/grpc/actions/canvases/change_request_diff.go:199.3,199.25 1 136
github.com/superplanehq/superplane/pkg/grpc/actions/canvases/change_request_diff.go:201.2,201.15 1 132
github.com/superplanehq/superplane/pkg/grpc/actions/canvases/change_request_diff.go:204.64,206.29 2 126
github.com/superplanehq/superplane/pkg/grpc/actions/canvases/change_request_diff.go:206.29,209.3 2 4
github.com/superplanehq/superplane/pkg/grpc/actions/canvases/change_request_diff.go:210.2,210.15 1 126
github.com/superplanehq/superplane/pkg/grpc/actions/canvases/change_request_diff.go:213.68,224.2 1 96
github.com/superplanehq/superplane/pkg/grpc/actions/canvases/change_request_helpers.go:9.58,11.2 1 17
github.com/superplanehq/superplane/pkg/grpc/actions/canvases/change_request_helpers.go:17.115,18.33 1 20
github.com/superplanehq/superplane/pkg/grpc/actions/canvases/change_request_helpers.go:18.33,20.3 1 0
github.com/superplanehq/superplane/pkg/grpc/actions/canvases/change_request_helpers.go:22.2,23.20 2 20
github.com/superplanehq/superplane/pkg/grpc/actions/canvases/change_request_helpers.go:23.20,25.3 1 0
github.com/superplanehq/superplane/pkg/grpc/actions/canvases/change_request_helpers.go:26.2,30.37 4 20
github.com/superplanehq/superplane/pkg/grpc/actions/canvases/change_request_helpers.go:30.37,32.3 1 20
github.com/superplanehq/superplane/pkg/grpc/actions/canvases/change_request_helpers.go:32.8,34.3 1 0
github.com/superplanehq/superplane/pkg/grpc/actions/canvases/change_request_helpers.go:36.2,36.26 1 20
github.com/superplanehq/superplane/pkg/grpc/actions/canvases/change_request_helpers.go:36.26,40.3 3 0
github.com/superplanehq/superplane/pkg/grpc/actions/canvases/change_request_helpers.go:42.2,43.20 2 20
github.com/superplanehq/superplane/pkg/grpc/actions/canvases/change_request_helpers.go:43.20,45.3 1 0
github.com/superplanehq/superplane/pkg/grpc/actions/canvases/change_request_helpers.go:47.2,49.56 3 20
github.com/superplanehq/superplane/pkg/grpc/actions/canvases/change_request_merge.go:13.34,15.40 2 3
github.com/superplanehq/superplane/pkg/grpc/actions/canvases/change_request_merge.go:15.40,16.19 1 3
github.com/superplanehq/superplane/pkg/grpc/actions/canvases/change_request_merge.go:16.19,17.12 1 0
github.com/superplanehq/superplane/pkg/grpc/actions/canvases/change_request_merge.go:19.3,19.34 1 3
github.com/superplanehq/superplane/pkg/grpc/actions/canvases/change_request_merge.go:22.2,24.35 3 3
github.com/superplanehq/superplane/pkg/grpc/actions/canvases/change_request_merge.go:24.35,25.20 1 3
github.com/superplanehq/superplane/pkg/grpc/actions/canvases/change_request_merge.go:25.20,26.12 1 0
github.com/superplanehq/superplane/pkg/grpc/actions/canvases/change_request_merge.go:28.3,28.38 1 3
github.com/superplanehq/superplane/pkg/grpc/actions/canvases/change_request_merge.go:31.2,32.33 2 3
github.com/superplanehq/superplane/pkg/grpc/actions/canvases/change_request_merge.go:40.17,41.26 1 3
github.com/superplanehq/superplane/pkg/grpc/actions/canvases/change_request_merge.go:41.26,43.3 1 0
github.com/superplanehq/superplane/pkg/grpc/actions/canvases/change_request_merge.go:45.2,50.30 5 3
github.com/superplanehq/superplane/pkg/grpc/actions/canvases/change_request_merge.go:50.30,51.20 1 3
github.com/superplanehq/superplane/pkg/grpc/actions/canvases/change_request_merge.go:51.20,52.12 1 0
github.com/superplanehq/superplane/pkg/grpc/actions/canvases/change_request_merge.go:54.3,54.31 1 3
github.com/superplanehq/superplane/pkg/grpc/actions/canvases/change_request_merge.go:57.2,57.36 1 3
github.com/superplanehq/superplane/pkg/grpc/actions/canvases/change_request_merge.go:57.36,58.20 1 3
github.com/superplanehq/superplane/pkg/grpc/actions/canvases/change_request_merge.go:58.20,59.12 1 0
github.com/superplanehq/superplane/pkg/grpc/actions/canvases/change_request_merge.go:61.3,61.40 1 3
github.com/superplanehq/superplane/pkg/grpc/actions/canvases/change_request_merge.go:61.40,62.12 1 0
github.com/superplanehq/superplane/pkg/grpc/actions/canvases/change_request_merge.go:65.3,65.54 1 3
github.com/superplanehq/superplane/pkg/grpc/actions/canvases/change_request_merge.go:65.54,67.12 2 3
github.com/superplanehq/superplane/pkg/grpc/actions/canvases/change_request_merge.go:70.3,71.45 2 0
github.com/superplanehq/superplane/pkg/grpc/actions/canvases/change_request_merge.go:74.2,75.33 2 3
github.com/superplanehq/superplane/pkg/grpc/actions/canvases/change_request_merge.go:75.33,78.29 3 3
github.com/superplanehq/superplane/pkg/grpc/actions/canvases/change_request_merge.go:78.29,80.4 1 0
github.com/superplanehq/superplane/pkg/grpc/actions/canvases/change_request_merge.go:83.2,83.25 1 3
github.com/superplanehq/superplane/pkg/grpc/actions/canvases/change_request_merge.go:83.25,85.3 1 3
github.com/superplanehq/superplane/pkg/grpc/actions/canvases/change_request_merge.go:87.2,88.30 2 0
github.com/superplanehq/superplane/pkg/grpc/actions/canvases/change_request_merge.go:88.30,89.58 1 0
github.com/superplanehq/superplane/pkg/grpc/actions/canvases/change_request_merge.go:89.58,90.12 1 0
github.com/superplanehq/superplane/pkg/grpc/actions/canvases/change_request_merge.go:92.3,92.32 1 0
github.com/superplanehq/superplane/pkg/grpc/actions/canvases/change_request_merge.go:95.2,95.15 1 0
github.com/superplanehq/superplane/pkg/grpc/actions/canvases/change_request_merge.go:103.17,104.26 1 3
github.com/superplanehq/superplane/pkg/grpc/actions/canvases/change_request_merge.go:104.26,106.3 1 0
github.com/superplanehq/superplane/pkg/grpc/actions/canvases/change_request_merge.go:108.2,111.33 3 3
github.com/superplanehq/superplane/pkg/grpc/actions/canvases/change_request_merge.go:111.33,112.47 1 0
github.com/superplanehq/superplane/pkg/grpc/actions/canvases/change_request_merge.go:112.47,113.12 1 0
github.com/superplanehq/superplane/pkg/grpc/actions/canvases/change_request_merge.go:115.3,115.53 1 0
github.com/superplanehq/superplane/pkg/grpc/actions/canvases/change_request_merge.go:115.53,116.12 1 0
github.com/superplanehq/superplane/pkg/grpc/actions/canvases/change_request_merge.go:119.3,120.34 2 0
github.com/superplanehq/superplane/pkg/grpc/actions/canvases/change_request_merge.go:120.34,121.12 1 0
github.com/superplanehq/superplane/pkg/grpc/actions/canvases/change_request_merge.go:123.3,124.32 2 0
github.com/superplanehq/superplane/pkg/grpc/actions/canvases/change_request_merge.go:127.2,127.36 1 3
github.com/superplanehq/superplane/pkg/grpc/actions/canvases/change_request_merge.go:127.36,128.48 1 0
github.com/superplanehq/superplane/pkg/grpc/actions/canvases/change_request_merge.go:128.48,129.12 1 0
github.com/superplanehq/superplane/pkg/grpc/actions/canvases/change_request_merge.go:131.3,131.53 1 0
github.com/superplanehq/superplane/pkg/grpc/actions/canvases/change_request_merge.go:131.53,132.12 1 0
github.com/superplanehq/superplane/pkg/grpc/actions/canvases/change_request_merge.go:135.3,136.34 2 0
github.com/superplanehq/superplane/pkg/grpc/actions/canvases/change_request_merge.go:136.34,137.12 1 0
github.com/superplanehq/superplane/pkg/grpc/actions/canvases/change_request_merge.go:139.3,140.32 2 0
github.com/superplanehq/superplane/pkg/grpc/actions/canvases/change_request_merge.go:143.2,143.15 1 3
github.com/superplanehq/superplane/pkg/grpc/actions/canvases/change_request_merge.go:146.84,147.44 1 0
github.com/superplanehq/superplane/pkg/grpc/actions/canvases/change_request_merge.go:147.44,149.3 1 0
github.com/superplanehq/superplane/pkg/grpc/actions/canvases/change_request_merge.go:150.2,150.44 1 0
github.com/superplanehq/superplane/pkg/grpc/actions/canvases/change_request_merge.go:150.44,152.3 1 0
github.com/superplanehq/superplane/pkg/grpc/actions/canvases/change_request_merge.go:153.2,153.14 1 0
github.com/superplanehq/superplane/pkg/grpc/actions/canvases/change_request_merge.go:156.83,157.48 1 0
github.com/superplanehq/superplane/pkg/grpc/actions/canvases/change_request_merge.go:157.48,159.3 1 0
github.com/superplanehq/superplane/pkg/grpc/actions/canvases/change_request_merge.go:161.2,161.42 1 0
github.com/superplanehq/superplane/pkg/grpc/actions/canvases/change_request_merge.go:161.42,163.3 1 0
github.com/superplanehq/superplane/pkg/grpc/actions/canvases/change_request_merge.go:164.2,164.42 1 0
github.com/superplanehq/superplane/pkg/grpc/actions/canvases/change_request_merge.go:164.42,166.3 1 0
github.com/superplanehq/superplane/pkg/grpc/actions/canvases/change_request_merge.go:167.2,167.13 1 0
github.com/superplanehq/superplane/pkg/grpc/actions/canvases/change_request_publish_approval.go:12.9,16.31 3 5
github.com/superplanehq/superplane/pkg/grpc/actions/canvases/change_request_publish_approval.go:16.31,18.28 2 5
github.com/superplanehq/superplane/pkg/grpc/actions/canvases/change_request_publish_approval.go:18.28,20.4 1 1
github.com/superplanehq/superplane/pkg/grpc/actions/canvases/change_request_publish_approval.go:21.3,21.78 1 4
github.com/superplanehq/superplane/pkg/grpc/actions/canvases/change_request_publish_approval.go:21.78,23.4 1 1
github.com/superplanehq/superplane/pkg/grpc/actions/canvases/change_request_publish_approval.go:26.2,26.12 1 3
github.com/superplanehq/superplane/pkg/grpc/actions/canvases/change_request_refresh.go:18.9,20.16 2 15
github.com/superplanehq/superplane/pkg/grpc/actions/canvases/change_request_refresh.go:20.16,22.3 1 0
github.com/superplanehq/superplane/pkg/grpc/actions/canvases/change_request_refresh.go:24.2,32.62 6 15
github.com/superplanehq/superplane/pkg/grpc/actions/canvases/change_request_refresh.go:32.62,34.3 1 15
github.com/superplanehq/superplane/pkg/grpc/actions/canvases/change_request_refresh.go:36.2,36.31 1 15
github.com/superplanehq/superplane/pkg/grpc/actions/canvases/change_request_refresh.go:44.9,46.16 2 6
github.com/superplanehq/superplane/pkg/grpc/actions/canvases/change_request_refresh.go:46.16,48.3 1 0
github.com/superplanehq/superplane/pkg/grpc/actions/canvases/change_request_refresh.go:50.2,57.21 2 6
github.com/superplanehq/superplane/pkg/grpc/actions/canvases/change_request_refresh.go:57.21,59.3 1 0
github.com/superplanehq/superplane/pkg/grpc/actions/canvases/change_request_refresh.go:61.2,61.26 1 6
github.com/superplanehq/superplane/pkg/grpc/actions/canvases/change_request_refresh.go:61.26,64.24 3 1
github.com/superplanehq/superplane/pkg/grpc/actions/canvases/change_request_refresh.go:64.24,65.53 1 0
github.com/superplanehq/superplane/pkg/grpc/actions/canvases/change_request_refresh.go:65.53,66.13 1 0
github.com/superplanehq/superplane/pkg/grpc/actions/canvases/change_request_refresh.go:68.4,68.21 1 0
github.com/superplanehq/superplane/pkg/grpc/actions/canvases/change_request_refresh.go:71.3,71.99 1 1
github.com/superplanehq/superplane/pkg/grpc/actions/canvases/change_request_refresh.go:71.99,73.4 1 0
github.com/superplanehq/superplane/pkg/grpc/actions/canvases/change_request_refresh.go:76.2,76.12 1 6
github.com/superplanehq/superplane/pkg/grpc/actions/canvases/change_request_serialization.go:10.84,11.16 1 26
github.com/superplanehq/superplane/pkg/grpc/actions/canvases/change_request_serialization.go:12.44,13.44 1 20
github.com/superplanehq/superplane/pkg/grpc/actions/canvases/change_request_serialization.go:14.49,15.49 1 3
github.com/superplanehq/superplane/pkg/grpc/actions/canvases/change_request_serialization.go:16.48,17.48 1 3
github.com/superplanehq/superplane/pkg/grpc/actions/canvases/change_request_serialization.go:18.10,19.51 1 0
github.com/superplanehq/superplane/pkg/grpc/actions/canvases/change_request_serialization.go:23.97,24.15 1 25
github.com/superplanehq/superplane/pkg/grpc/actions/canvases/change_request_serialization.go:25.55,26.55 1 16
github.com/superplanehq/superplane/pkg/grpc/actions/canvases/change_request_serialization.go:27.55,28.55 1 6
github.com/superplanehq/superplane/pkg/grpc/actions/canvases/change_request_serialization.go:29.57,30.57 1 3
github.com/superplanehq/superplane/pkg/grpc/actions/canvases/change_request_serialization.go:31.10,32.58 1 0
github.com/superplanehq/superplane/pkg/grpc/actions/canvases/change_request_serialization.go:40.27,42.16 2 26
github.com/superplanehq/superplane/pkg/grpc/actions/canvases/change_request_serialization.go:42.16,44.3 1 0
github.com/superplanehq/superplane/pkg/grpc/actions/canvases/change_request_serialization.go:46.2,47.28 2 26
github.com/superplanehq/superplane/pkg/grpc/actions/canvases/change_request_serialization.go:47.28,49.3 1 26
github.com/superplanehq/superplane/pkg/grpc/actions/canvases/change_request_serialization.go:51.2,61.37 2 26
github.com/superplanehq/superplane/pkg/grpc/actions/canvases/change_request_serialization.go:61.37,63.3 1 26
github.com/superplanehq/superplane/pkg/grpc/actions/canvases/change_request_serialization.go:65.2,65.32 1 26
github.com/superplanehq/superplane/pkg/grpc/actions/canvases/change_request_serialization.go:65.32,67.3 1 3
github.com/superplanehq/superplane/pkg/grpc/actions/canvases/change_request_serialization.go:68.2,68.30 1 26
github.com/superplanehq/superplane/pkg/grpc/actions/canvases/change_request_serialization.go:68.30,70.3 1 26
github.com/superplanehq/superplane/pkg/grpc/actions/canvases/change_request_serialization.go:71.2,71.30 1 26
github.com/superplanehq/superplane/pkg/grpc/actions/canvases/change_request_serialization.go:71.30,73.3 1 26
github.com/superplanehq/superplane/pkg/grpc/actions/canvases/change_request_serialization.go:75.2,84.20 2 26
github.com/superplanehq/superplane/pkg/grpc/actions/canvases/change_request_serialization.go:84.20,86.3 1 26
github.com/superplanehq/superplane/pkg/grpc/actions/canvases/change_request_serialization.go:88.2,88.21 1 26
github.com/superplanehq/superplane/pkg/grpc/actions/canvases/change_request_serialization.go:94.37,96.37 2 26
github.com/superplanehq/superplane/pkg/grpc/actions/canvases/change_request_serialization.go:96.37,104.37 2 25
github.com/superplanehq/superplane/pkg/grpc/actions/canvases/change_request_serialization.go:104.37,106.4 1 0
github.com/superplanehq/superplane/pkg/grpc/actions/canvases/change_request_serialization.go:107.3,107.35 1 25
github.com/superplanehq/superplane/pkg/grpc/actions/canvases/change_request_serialization.go:107.35,109.4 1 0
github.com/superplanehq/superplane/pkg/grpc/actions/canvases/change_request_serialization.go:110.3,110.34 1 25
github.com/superplanehq/superplane/pkg/grpc/actions/canvases/change_request_serialization.go:110.34,112.4 1 25
github.com/superplanehq/superplane/pkg/grpc/actions/canvases/change_request_serialization.go:113.3,113.32 1 25
github.com/superplanehq/superplane/pkg/grpc/actions/canvases/change_request_serialization.go:113.32,115.4 1 25
github.com/superplanehq/superplane/pkg/grpc/actions/canvases/change_request_serialization.go:116.3,116.36 1 25
github.com/superplanehq/superplane/pkg/grpc/actions/canvases/change_request_serialization.go:116.36,118.4 1 11
github.com/superplanehq/superplane/pkg/grpc/actions/canvases/change_request_serialization.go:120.3,120.40 1 25
github.com/superplanehq/superplane/pkg/grpc/actions/canvases/change_request_serialization.go:123.2,123.19 1 26
github.com/superplanehq/superplane/pkg/grpc/actions/canvases/change_request_serialization.go:126.91,127.19 1 51
github.com/superplanehq/superplane/pkg/grpc/actions/canvases/change_request_serialization.go:127.19,129.3 1 0
github.com/superplanehq/superplane/pkg/grpc/actions/canvases/change_request_serialization.go:131.2,133.97 3 51
github.com/superplanehq/superplane/pkg/grpc/actions/canvases/change_request_serialization.go:133.97,135.3 1 51
github.com/superplanehq/superplane/pkg/grpc/actions/canvases/change_request_serialization.go:137.2,137.40 1 51
github.com/superplanehq/superplane/pkg/grpc/actions/canvases/common.go:24.9,25.25 1 4
github.com/superplanehq/superplane/pkg/grpc/actions/canvases/common.go:25.25,27.3 1 1
github.com/superplanehq/superplane/pkg/grpc/actions/canvases/common.go:29.2,31.37 3 3
github.com/superplanehq/superplane/pkg/grpc/actions/canvases/common.go:31.37,32.71 1 3
github.com/superplanehq/superplane/pkg/grpc/actions/canvases/common.go:32.71,34.4 1 0
github.com/superplanehq/superplane/pkg/grpc/actions/canvases/common.go:35.3,35.66 1 3
github.com/superplanehq/superplane/pkg/grpc/actions/canvases/common.go:35.66,36.65 1 3
github.com/superplanehq/superplane/pkg/grpc/actions/canvases/common.go:36.65,38.5 1 1
github.com/superplanehq/superplane/pkg/grpc/actions/canvases/common.go:39.4,39.62 1 2
github.com/superplanehq/superplane/pkg/grpc/actions/canvases/common.go:41.3,41.66 1 2
github.com/superplanehq/superplane/pkg/grpc/actions/canvases/common.go:41.66,43.4 1 0
github.com/superplanehq/superplane/pkg/grpc/actions/canvases/common.go:46.2,47.16 2 2
github.com/superplanehq/superplane/pkg/grpc/actions/canvases/common.go:47.16,49.3 1 0
github.com/superplanehq/superplane/pkg/grpc/actions/canvases/common.go:50.2,51.35 2 2
github.com/superplanehq/superplane/pkg/grpc/actions/canvases/common.go:51.35,53.3 1 1
github.com/superplanehq/superplane/pkg/grpc/actions/canvases/common.go:54.2,54.42 1 2
github.com/superplanehq/superplane/pkg/grpc/actions/canvases/common.go:54.42,55.42 1 2
github.com/superplanehq/superplane/pkg/grpc/actions/canvases/common.go:55.42,57.4 1 1
github.com/superplanehq/superplane/pkg/grpc/actions/canvases/common.go:60.2,60.42 1 1
github.com/superplanehq/superplane/pkg/grpc/actions/canvases/common.go:60.42,62.21 2 0
github.com/superplanehq/superplane/pkg/grpc/actions/canvases/common.go:62.21,64.4 1 0
github.com/superplanehq/superplane/pkg/grpc/actions/canvases/common.go:67.2,67.12 1 1
github.com/superplanehq/superplane/pkg/grpc/actions/canvases/common.go:74.49,76.16 2 1
github.com/superplanehq/superplane/pkg/grpc/actions/canvases/common.go:76.16,78.3 1 0
github.com/superplanehq/superplane/pkg/grpc/actions/canvases/common.go:79.2,79.22 1 1
github.com/superplanehq/superplane/pkg/grpc/actions/canvases/common.go:79.22,81.3 1 1
github.com/superplanehq/superplane/pkg/grpc/actions/canvases/common.go:82.2,82.101 1 0
github.com/superplanehq/superplane/pkg/grpc/actions/canvases/common.go:82.101,84.3 1 0
github.com/superplanehq/superplane/pkg/grpc/actions/canvases/common.go:86.2,86.23 1 0
github.com/superplanehq/superplane/pkg/grpc/actions/canvases/common.go:94.9,96.49 2 44
github.com/superplanehq/superplane/pkg/grpc/actions/canvases/common.go:96.49,98.3 1 4
github.com/superplanehq/superplane/pkg/grpc/actions/canvases/common.go:99.2,99.59 1 40
github.com/superplanehq/superplane/pkg/grpc/actions/canvases/common.go:99.59,101.3 1 0
github.com/superplanehq/superplane/pkg/grpc/actions/canvases/common.go:103.2,103.12 1 40
github.com/superplanehq/superplane/pkg/grpc/actions/canvases/common.go:106.58,107.16 1 9
github.com/superplanehq/superplane/pkg/grpc/actions/canvases/common.go:107.16,109.3 1 6
github.com/superplanehq/superplane/pkg/grpc/actions/canvases/common.go:111.2,112.55 2 3
github.com/superplanehq/superplane/pkg/grpc/actions/canvases/common.go:112.55,114.3 1 2
github.com/superplanehq/superplane/pkg/grpc/actions/canvases/common.go:116.2,116.12 1 1
github.com/superplanehq/superplane/pkg/grpc/actions/canvases/common.go:125.9,132.16 2 6
github.com/superplanehq/superplane/pkg/grpc/actions/canvases/common.go:132.16,134.3 1 0
github.com/superplanehq/superplane/pkg/grpc/actions/canvases/common.go:136.2,136.38 1 6
github.com/superplanehq/superplane/pkg/grpc/actions/canvases/common.go:136.38,140.3 1 2
github.com/superplanehq/superplane/pkg/grpc/actions/canvases/common.go:142.2,143.16 2 4
github.com/superplanehq/superplane/pkg/grpc/actions/canvases/common.go:143.16,145.3 1 0
github.com/superplanehq/superplane/pkg/grpc/actions/canvases/common.go:147.2,147.67 1 4
github.com/superplanehq/superplane/pkg/grpc/actions/canvases/create_canvas.go:40.37,41.21 1 26
github.com/superplanehq/superplane/pkg/grpc/actions/canvases/create_canvas.go:41.21,43.3 1 0
github.com/superplanehq/superplane/pkg/grpc/actions/canvases/create_canvas.go:45.2,45.35 1 26
github.com/superplanehq/superplane/pkg/grpc/actions/canvases/create_canvas.go:45.35,47.3 1 0
github.com/superplanehq/superplane/pkg/grpc/actions/canvases/create_canvas.go:49.2,49.39 1 26
github.com/superplanehq/superplane/pkg/grpc/actions/canvases/create_canvas.go:49.39,51.3 1 0
github.com/superplanehq/superplane/pkg/grpc/actions/canvases/create_canvas.go:53.2,54.16 2 26
github.com/superplanehq/superplane/pkg/grpc/actions/canvases/create_canvas.go:54.16,56.3 1 1
github.com/superplanehq/superplane/pkg/grpc/actions/canvases/create_canvas.go:57.2,60.9 3 25
github.com/superplanehq/superplane/pkg/grpc/actions/canvases/create_canvas.go:60.9,62.3 1 0
github.com/superplanehq/superplane/pkg/grpc/actions/canvases/create_canvas.go:64.2,65.16 2 25
github.com/superplanehq/superplane/pkg/grpc/actions/canvases/create_canvas.go:65.16,67.3 1 1
github.com/superplanehq/superplane/pkg/grpc/actions/canvases/create_canvas.go:69.2,70.16 2 24
github.com/superplanehq/superplane/pkg/grpc/actions/canvases/create_canvas.go:70.16,72.3 1 0
github.com/superplanehq/superplane/pkg/grpc/actions/canvases/create_canvas.go:74.2,76.16 3 24
github.com/superplanehq/superplane/pkg/grpc/actions/canvases/create_canvas.go:76.16,78.3 1 0
github.com/superplanehq/superplane/pkg/grpc/actions/canvases/create_canvas.go:80.2,82.91 3 24
github.com/superplanehq/superplane/pkg/grpc/actions/canvases/create_canvas.go:82.91,90.26 3 1
github.com/superplanehq/superplane/pkg/grpc/actions/canvases/create_canvas.go:90.26,92.4 1 0
github.com/superplanehq/superplane/pkg/grpc/actions/canvases/create_canvas.go:93.3,93.23 1 1
github.com/superplanehq/superplane/pkg/grpc/actions/canvases/create_canvas.go:93.23,95.4 1 0
github.com/superplanehq/superplane/pkg/grpc/actions/canvases/create_canvas.go:98.2,99.16 2 24
github.com/superplanehq/superplane/pkg/grpc/actions/canvases/create_canvas.go:99.16,101.3 1 0
github.com/superplanehq/superplane/pkg/grpc/actions/canvases/create_canvas.go:103.2,111.16 2 24
github.com/superplanehq/superplane/pkg/grpc/actions/canvases/create_canvas.go:111.16,113.3 1 1
github.com/superplanehq/superplane/pkg/grpc/actions/canvases/create_canvas.go:115.2,130.60 5 23
github.com/superplanehq/superplane/pkg/grpc/actions/canvases/create_canvas.go:130.60,132.60 2 23
github.com/superplanehq/superplane/pkg/grpc/actions/canvases/create_canvas.go:132.60,134.4 1 1
github.com/superplanehq/superplane/pkg/grpc/actions/canvases/create_canvas.go:135.3,135.21 1 22
github.com/superplanehq/superplane/pkg/grpc/actions/canvases/create_canvas.go:135.21,137.4 1 0
github.com/superplanehq/superplane/pkg/grpc/actions/canvases/create_canvas.go:142.3,143.17 2 22
github.com/superplanehq/superplane/pkg/grpc/actions/canvases/create_canvas.go:143.17,145.4 1 0
github.com/superplanehq/superplane/pkg/grpc/actions/canvases/create_canvas.go:150.3,166.56 2 22
github.com/superplanehq/superplane/pkg/grpc/actions/canvases/create_canvas.go:166.56,168.4 1 0
github.com/superplanehq/superplane/pkg/grpc/actions/canvases/create_canvas.go:174.3,174.22 1 22
github.com/superplanehq/superplane/pkg/grpc/actions/canvases/create_canvas.go:174.22,176.4 1 4
github.com/superplanehq/superplane/pkg/grpc/actions/canvases/create_canvas.go:181.3,182.17 2 18
github.com/superplanehq/superplane/pkg/grpc/actions/canvases/create_canvas.go:182.17,184.4 1 0
github.com/superplanehq/superplane/pkg/grpc/actions/canvases/create_canvas.go:186.3,187.64 2 18
github.com/superplanehq/superplane/pkg/grpc/actions/canvases/create_canvas.go:187.64,189.4 1 0
github.com/superplanehq/superplane/pkg/grpc/actions/canvases/create_canvas.go:191.3,192.55 2 18
github.com/superplanehq/superplane/pkg/grpc/actions/canvases/create_canvas.go:192.55,194.4 1 0
github.com/superplanehq/superplane/pkg/grpc/actions/canvases/create_canvas.go:199.3,207.17 2 18
github.com/superplanehq/superplane/pkg/grpc/actions/canvases/create_canvas.go:207.17,209.4 1 0
github.com/superplanehq/superplane/pkg/grpc/actions/canvases/create_canvas.go:211.3,211.32 1 18
github.com/superplanehq/superplane/pkg/grpc/actions/canvases/create_canvas.go:214.2,214.16 1 23
github.com/superplanehq/superplane/pkg/grpc/actions/canvases/create_canvas.go:214.16,216.3 1 1
github.com/superplanehq/superplane/pkg/grpc/actions/canvases/create_canvas.go:218.2,218.140 1 22
github.com/superplanehq/superplane/pkg/grpc/actions/canvases/create_canvas.go:218.140,220.3 1 0
github.com/superplanehq/superplane/pkg/grpc/actions/canvases/create_canvas.go:222.2,227.29 5 22
github.com/superplanehq/superplane/pkg/grpc/actions/canvases/create_canvas.go:227.29,229.17 2 22
github.com/superplanehq/superplane/pkg/grpc/actions/canvases/create_canvas.go:229.17,231.4 1 0
github.com/superplanehq/superplane/pkg/grpc/actions/canvases/create_canvas.go:234.2,235.16 2 22
github.com/superplanehq/superplane/pkg/grpc/actions/canvases/create_canvas.go:235.16,237.3 1 0
github.com/superplanehq/superplane/pkg/grpc/actions/canvases/create_canvas.go:239.2,241.8 1 22
github.com/superplanehq/superplane/pkg/grpc/actions/canvases/create_canvas_change_request.go:26.50,28.2 1 9
github.com/superplanehq/superplane/pkg/grpc/actions/canvases/create_canvas_change_request.go:37.50,39.9 2 9
github.com/superplanehq/superplane/pkg/grpc/actions/canvases/create_canvas_change_request.go:39.9,41.3 1 0
github.com/superplanehq/superplane/pkg/grpc/actions/canvases/create_canvas_change_request.go:43.2,44.16 2 9
github.com/superplanehq/superplane/pkg/grpc/actions/canvases/create_canvas_change_request.go:44.16,46.3 1 0
github.com/superplanehq/superplane/pkg/grpc/actions/canvases/create_canvas_change_request.go:48.2,52.30 5 9
github.com/superplanehq/superplane/pkg/grpc/actions/canvases/create_canvas_change_request.go:52.30,54.22 2 9
github.com/superplanehq/superplane/pkg/grpc/actions/canvases/create_canvas_change_request.go:54.22,56.4 1 0
github.com/superplanehq/superplane/pkg/grpc/actions/canvases/create_canvas_change_request.go:57.3,57.38 1 9
github.com/superplanehq/superplane/pkg/grpc/actions/canvases/create_canvas_change_request.go:60.2,61.16 2 9
github.com/superplanehq/superplane/pkg/grpc/actions/canvases/create_canvas_change_request.go:61.16,63.3 1 0
github.com/superplanehq/superplane/pkg/grpc/actions/canvases/create_canvas_change_request.go:65.2,65.23 1 9
github.com/superplanehq/superplane/pkg/grpc/actions/canvases/create_canvas_change_request.go:65.23,67.3 1 0
github.com/superplanehq/superplane/pkg/grpc/actions/canvases/create_canvas_change_request.go:69.2,70.20 2 9
github.com/superplanehq/superplane/pkg/grpc/actions/canvases/create_canvas_change_request.go:70.20,72.3 1 0
github.com/superplanehq/superplane/pkg/grpc/actions/canvases/create_canvas_change_request.go:73.2,73.30 1 9
github.com/superplanehq/superplane/pkg/grpc/actions/canvases/create_canvas_change_request.go:73.30,75.3 1 0
github.com/superplanehq/superplane/pkg/grpc/actions/canvases/create_canvas_change_request.go:77.2,81.60 4 9
github.com/superplanehq/superplane/pkg/grpc/actions/canvases/create_canvas_change_request.go:81.60,83.27 2 9
github.com/superplanehq/superplane/pkg/grpc/actions/canvases/create_canvas_change_request.go:83.27,85.4 1 0
github.com/superplanehq/superplane/pkg/grpc/actions/canvases/create_canvas_change_request.go:86.3,86.38 1 9
github.com/superplanehq/superplane/pkg/grpc/actions/canvases/create_canvas_change_request.go:86.38,88.4 1 0
github.com/superplanehq/superplane/pkg/grpc/actions/canvases/create_canvas_change_request.go:90.3,91.26 2 9
github.com/superplanehq/superplane/pkg/grpc/actions/canvases/create_canvas_change_request.go:91.26,92.55 1 0
github.com/superplanehq/superplane/pkg/grpc/actions/canvases/create_canvas_change_request.go:92.55,94.5 1 0
github.com/superplanehq/superplane/pkg/grpc/actions/canvases/create_canvas_change_request.go:95.4,95.23 1 0
github.com/superplanehq/superplane/pkg/grpc/actions/canvases/create_canvas_change_request.go:98.3,98.78 1 9
github.com/superplanehq/superplane/pkg/grpc/actions/canvases/create_canvas_change_request.go:98.78,100.4 1 0
github.com/superplanehq/superplane/pkg/grpc/actions/canvases/create_canvas_change_request.go:102.3,102.71 1 9
github.com/superplanehq/superplane/pkg/grpc/actions/canvases/create_canvas_change_request.go:102.71,104.4 1 0
github.com/superplanehq/superplane/pkg/grpc/actions/canvases/create_canvas_change_request.go:105.3,105.63 1 9
github.com/superplanehq/superplane/pkg/grpc/actions/canvases/create_canvas_change_request.go:105.63,107.4 1 0
github.com/superplanehq/superplane/pkg/grpc/actions/canvases/create_canvas_change_request.go:109.3,117.17 2 9
github.com/superplanehq/superplane/pkg/grpc/actions/canvases/create_canvas_change_request.go:117.17,119.4 1 0
github.com/superplanehq/superplane/pkg/grpc/actions/canvases/create_canvas_change_request.go:121.3,134.26 3 9
github.com/superplanehq/superplane/pkg/grpc/actions/canvases/create_canvas_change_request.go:134.26,136.4 1 9
github.com/superplanehq/superplane/pkg/grpc/actions/canvases/create_canvas_change_request.go:138.3,138.62 1 9
github.com/superplanehq/superplane/pkg/grpc/actions/canvases/create_canvas_change_request.go:138.62,140.4 1 0
github.com/superplanehq/superplane/pkg/grpc/actions/canvases/create_canvas_change_request.go:142.3,142.87 1 9
github.com/superplanehq/superplane/pkg/grpc/actions/canvases/create_canvas_change_request.go:144.2,144.16 1 9
github.com/superplanehq/superplane/pkg/grpc/actions/canvases/create_canvas_change_request.go:144.16,145.40 1 0
github.com/superplanehq/superplane/pkg/grpc/actions/canvases/create_canvas_change_request.go:145.40,147.4 1 0
github.com/superplanehq/superplane/pkg/grpc/actions/canvases/create_canvas_change_request.go:148.3,148.95 1 0
github.com/superplanehq/superplane/pkg/grpc/actions/canvases/create_canvas_change_request.go:151.2,151.129 1 9
github.com/superplanehq/superplane/pkg/grpc/actions/canvases/create_canvas_change_request.go:151.129,153.3 1 0
github.com/superplanehq/superplane/pkg/grpc/actions/canvases/create_canvas_change_request.go:155.2,157.8 1 9
github.com/superplanehq/superplane/pkg/grpc/actions/canvases/create_canvas_version.go:19.128,21.9 2 20
github.com/superplanehq/superplane/pkg/grpc/actions/canvases/create_canvas_version.go:21.9,23.3 1 1
github.com/superplanehq/superplane/pkg/grpc/actions/canvases/create_canvas_version.go:25.2,27.16 3 19
github.com/superplanehq/superplane/pkg/grpc/actions/canvases/create_canvas_version.go:27.16,29.3 1 1
github.com/superplanehq/superplane/pkg/grpc/actions/canvases/create_canvas_version.go:31.2,32.16 2 18
github.com/superplanehq/superplane/pkg/grpc/actions/canvases/create_canvas_version.go:32.16,34.3 1 1
github.com/superplanehq/superplane/pkg/grpc/actions/canvases/create_canvas_version.go:36.2,36.23 1 17
github.com/superplanehq/superplane/pkg/grpc/actions/canvases/create_canvas_version.go:36.23,38.3 1 0
github.com/superplanehq/superplane/pkg/grpc/actions/canvases/create_canvas_version.go:40.2,43.60 3 17
github.com/superplanehq/superplane/pkg/grpc/actions/canvases/create_canvas_version.go:43.60,45.28 2 17
github.com/superplanehq/superplane/pkg/grpc/actions/canvases/create_canvas_version.go:45.28,46.57 1 0
github.com/superplanehq/superplane/pkg/grpc/actions/canvases/create_canvas_version.go:46.57,48.5 1 0
github.com/superplanehq/superplane/pkg/grpc/actions/canvases/create_canvas_version.go:49.4,49.25 1 0
github.com/superplanehq/superplane/pkg/grpc/actions/canvases/create_canvas_version.go:52.3,60.13 2 17
github.com/superplanehq/superplane/pkg/grpc/actions/canvases/create_canvas_version.go:62.2,62.16 1 17
github.com/superplanehq/superplane/pkg/grpc/actions/canvases/create_canvas_version.go:62.16,64.3 1 0
github.com/superplanehq/superplane/pkg/grpc/actions/canvases/create_canvas_version.go:66.2,66.129 1 17
github.com/superplanehq/superplane/pkg/grpc/actions/canvases/create_canvas_version.go:66.129,68.3 1 0
github.com/superplanehq/superplane/pkg/grpc/actions/canvases/create_canvas_version.go:70.2,72.8 1 17
github.com/superplanehq/superplane/pkg/grpc/actions/canvases/dashboard_serialization.go:16.95,21.31 4 4
github.com/superplanehq/superplane/pkg/grpc/actions/canvases/dashboard_serialization.go:21.31,23.27 2 5
github.com/superplanehq/superplane/pkg/grpc/actions/canvases/dashboard_serialization.go:23.27,25.18 2 5
github.com/superplanehq/superplane/pkg/grpc/actions/canvases/dashboard_serialization.go:25.18,27.5 1 0
github.com/superplanehq/superplane/pkg/grpc/actions/canvases/dashboard_serialization.go:28.4,28.19 1 5
github.com/superplanehq/superplane/pkg/grpc/actions/canvases/dashboard_serialization.go:30.3,34.5 1 5
github.com/superplanehq/superplane/pkg/grpc/actions/canvases/dashboard_serialization.go:37.2,38.30 2 4
github.com/superplanehq/superplane/pkg/grpc/actions/canvases/dashboard_serialization.go:38.30,46.23 2 5
github.com/superplanehq/superplane/pkg/grpc/actions/canvases/dashboard_serialization.go:46.23,49.4 2 1
github.com/superplanehq/superplane/pkg/grpc/actions/canvases/dashboard_serialization.go:50.3,50.23 1 5
github.com/superplanehq/superplane/pkg/grpc/actions/canvases/dashboard_serialization.go:50.23,53.4 2 1
github.com/superplanehq/superplane/pkg/grpc/actions/canvases/dashboard_serialization.go:54.3,54.41 1 5
github.com/superplanehq/superplane/pkg/grpc/actions/canvases/dashboard_serialization.go:57.2,62.35 2 4
github.com/superplanehq/superplane/pkg/grpc/actions/canvases/dashboard_serialization.go:62.35,64.3 1 3
github.com/superplanehq/superplane/pkg/grpc/actions/canvases/dashboard_serialization.go:65.2,65.18 1 4
github.com/superplanehq/superplane/pkg/grpc/actions/canvases/dashboard_serialization.go:68.91,70.27 2 12
github.com/superplanehq/superplane/pkg/grpc/actions/canvases/dashboard_serialization.go:70.27,72.32 2 64
github.com/superplanehq/superplane/pkg/grpc/actions/canvases/dashboard_serialization.go:72.32,74.18 2 3
github.com/superplanehq/superplane/pkg/grpc/actions/canvases/dashboard_serialization.go:74.18,76.12 2 3
github.com/superplanehq/superplane/pkg/grpc/actions/canvases/dashboard_serialization.go:76.12,78.6 1 1
github.com/superplanehq/superplane/pkg/grpc/actions/canvases/dashboard_serialization.go:79.5,79.20 1 2
github.com/superplanehq/superplane/pkg/grpc/actions/canvases/dashboard_serialization.go:82.3,82.21 1 63
github.com/superplanehq/superplane/pkg/grpc/actions/canvases/dashboard_serialization.go:82.21,84.4 1 61
github.com/superplanehq/superplane/pkg/grpc/actions/canvases/dashboard_serialization.go:85.3,89.5 1 63
github.com/superplanehq/superplane/pkg/grpc/actions/canvases/dashboard_serialization.go:91.2,91.17 1 11
github.com/superplanehq/superplane/pkg/grpc/actions/canvases/dashboard_serialization.go:94.92,96.26 2 11
github.com/superplanehq/superplane/pkg/grpc/actions/canvases/dashboard_serialization.go:96.26,104.23 2 60
github.com/superplanehq/superplane/pkg/grpc/actions/canvases/dashboard_serialization.go:104.23,107.4 2 0
github.com/superplanehq/superplane/pkg/grpc/actions/canvases/dashboard_serialization.go:108.3,108.23 1 60
github.com/superplanehq/superplane/pkg/grpc/actions/canvases/dashboard_serialization.go:108.23,111.4 2 0
github.com/superplanehq/superplane/pkg/grpc/actions/canvases/dashboard_serialization.go:112.3,112.31 1 60
github.com/superplanehq/superplane/pkg/grpc/actions/canvases/dashboard_serialization.go:114.2,114.12 1 11
github.com/superplanehq/superplane/pkg/grpc/actions/canvases/dashboard_serialization.go:117.38,118.23 1 18
github.com/superplanehq/superplane/pkg/grpc/actions/canvases/dashboard_serialization.go:119.22,121.26 2 8
github.com/superplanehq/superplane/pkg/grpc/actions/canvases/dashboard_serialization.go:121.26,123.4 1 8
github.com/superplanehq/superplane/pkg/grpc/actions/canvases/dashboard_serialization.go:124.3,124.13 1 8
github.com/superplanehq/superplane/pkg/grpc/actions/canvases/dashboard_serialization.go:125.13,127.26 2 2
github.com/superplanehq/superplane/pkg/grpc/actions/canvases/dashboard_serialization.go:127.26,129.4 1 4
github.com/superplanehq/superplane/pkg/grpc/actions/canvases/dashboard_serialization.go:130.3,130.13 1 2
github.com/superplanehq/superplane/pkg/grpc/actions/canvases/dashboard_serialization.go:131.10,132.11 1 8
github.com/superplanehq/superplane/pkg/grpc/actions/canvases/dashboard_serialization.go:136.78,138.16 2 7
github.com/superplanehq/superplane/pkg/grpc/actions/canvases/dashboard_serialization.go:138.16,140.3 1 0
github.com/superplanehq/superplane/pkg/grpc/actions/canvases/dashboard_serialization.go:141.2,141.26 1 7
github.com/superplanehq/superplane/pkg/grpc/actions/canvases/delete_canvas.go:18.140,20.16 2 4
github.com/superplanehq/superplane/pkg/grpc/actions/canvases/delete_canvas.go:20.16,22.3 1 1
github.com/superplanehq/superplane/pkg/grpc/actions/canvases/delete_canvas.go:24.2,25.16 2 3
github.com/superplanehq/superplane/pkg/grpc/actions/canvases/delete_canvas.go:25.16,26.45 1 1
github.com/superplanehq/superplane/pkg/grpc/actions/canvases/delete_canvas.go:26.45,27.81 1 1
github.com/superplanehq/superplane/pkg/grpc/actions/canvases/delete_canvas.go:27.81,29.5 1 0
github.com/superplanehq/superplane/pkg/grpc/actions/canvases/delete_canvas.go:31.3,31.73 1 1
github.com/superplanehq/superplane/pkg/grpc/actions/canvases/delete_canvas.go:34.2,34.23 1 2
github.com/superplanehq/superplane/pkg/grpc/actions/canvases/delete_canvas.go:34.23,36.3 1 0
github.com/superplanehq/superplane/pkg/grpc/actions/canvases/delete_canvas.go:40.2,41.16 2 2
github.com/superplanehq/superplane/pkg/grpc/actions/canvases/delete_canvas.go:41.16,44.3 2 0
github.com/superplanehq/superplane/pkg/grpc/actions/canvases/delete_canvas.go:46.2,46.126 1 2
github.com/superplanehq/superplane/pkg/grpc/actions/canvases/delete_canvas.go:46.126,48.3 1 0
github.com/superplanehq/superplane/pkg/grpc/actions/canvases/delete_canvas.go:50.2,50.40 1 2
github.com/superplanehq/superplane/pkg/grpc/actions/canvases/delete_canvas_memory.go:16.158,18.16 2 0
github.com/superplanehq/superplane/pkg/grpc/actions/canvases/delete_canvas_memory.go:18.16,20.3 1 0
github.com/superplanehq/superplane/pkg/grpc/actions/canvases/delete_canvas_memory.go:22.2,23.16 2 0
github.com/superplanehq/superplane/pkg/grpc/actions/canvases/delete_canvas_memory.go:23.16,25.3 1 0
github.com/superplanehq/superplane/pkg/grpc/actions/canvases/delete_canvas_memory.go:27.2,28.16 2 0
github.com/superplanehq/superplane/pkg/grpc/actions/canvases/delete_canvas_memory.go:28.16,30.3 1 0
github.com/superplanehq/superplane/pkg/grpc/actions/canvases/delete_canvas_memory.go:32.2,33.16 2 0
github.com/superplanehq/superplane/pkg/grpc/actions/canvases/delete_canvas_memory.go:33.16,34.45 1 0
github.com/superplanehq/superplane/pkg/grpc/actions/canvases/delete_canvas_memory.go:34.45,36.4 1 0
github.com/superplanehq/superplane/pkg/grpc/actions/canvases/delete_canvas_memory.go:37.3,37.68 1 0
github.com/superplanehq/superplane/pkg/grpc/actions/canvases/delete_canvas_memory.go:40.2,40.73 1 0
github.com/superplanehq/superplane/pkg/grpc/actions/canvases/delete_canvas_memory.go:40.73,42.3 1 0
github.com/superplanehq/superplane/pkg/grpc/actions/canvases/delete_canvas_memory.go:44.2,44.46 1 0
github.com/superplanehq/superplane/pkg/grpc/actions/canvases/delete_canvas_version.go:19.146,21.9 2 8
github.com/superplanehq/superplane/pkg/grpc/actions/canvases/delete_canvas_version.go:21.9,23.3 1 1
github.com/superplanehq/superplane/pkg/grpc/actions/canvases/delete_canvas_version.go:25.2,27.16 3 7
github.com/superplanehq/superplane/pkg/grpc/actions/canvases/delete_canvas_version.go:27.16,29.3 1 1
github.com/superplanehq/superplane/pkg/grpc/actions/canvases/delete_canvas_version.go:31.2,32.16 2 6
github.com/superplanehq/superplane/pkg/grpc/actions/canvases/delete_canvas_version.go:32.16,34.3 1 1
github.com/superplanehq/superplane/pkg/grpc/actions/canvases/delete_canvas_version.go:36.2,37.16 2 5
github.com/superplanehq/superplane/pkg/grpc/actions/canvases/delete_canvas_version.go:37.16,39.3 1 1
github.com/superplanehq/superplane/pkg/grpc/actions/canvases/delete_canvas_version.go:41.2,43.60 2 4
github.com/superplanehq/superplane/pkg/grpc/actions/canvases/delete_canvas_version.go:43.60,45.21 2 4
github.com/superplanehq/superplane/pkg/grpc/actions/canvases/delete_canvas_version.go:45.21,46.50 1 1
[...]
github.com/superplanehq/superplane/pkg/grpc/actions/canvases/update_canvas.go:232.29,234.3 1 1
github.com/superplanehq/superplane/pkg/grpc/actions/canvases/update_canvas.go:236.2,237.16 2 16
github.com/superplanehq/superplane/pkg/grpc/actions/canvases/update_canvas.go:237.16,239.3 1 1
github.com/superplanehq/superplane/pkg/grpc/actions/canvases/update_canvas.go:241.2,241.26 1 15
github.com/superplanehq/superplane/pkg/grpc/actions/canvases/update_canvas.go:241.26,242.106 1 2
github.com/superplanehq/superplane/pkg/grpc/actions/canvases/update_canvas.go:242.106,244.4 1 1
github.com/superplanehq/superplane/pkg/grpc/actions/canvases/update_canvas.go:247.2,250.64 3 14
github.com/superplanehq/superplane/pkg/grpc/actions/canvases/update_canvas.go:256.8,257.26 1 14
github.com/superplanehq/superplane/pkg/grpc/actions/canvases/update_canvas.go:257.26,259.3 1 13
github.com/superplanehq/superplane/pkg/grpc/actions/canvases/update_canvas.go:261.2,262.113 2 1
github.com/superplanehq/superplane/pkg/grpc/actions/canvases/update_canvas.go:262.113,264.3 1 1
github.com/superplanehq/superplane/pkg/grpc/actions/canvases/update_canvas.go:264.5,266.3 1 0
github.com/superplanehq/superplane/pkg/grpc/actions/canvases/update_canvas.go:268.2,269.13 2 1
github.com/superplanehq/superplane/pkg/grpc/actions/canvases/update_canvas.go:272.101,273.52 1 14
github.com/superplanehq/superplane/pkg/grpc/actions/canvases/update_canvas.go:273.52,275.3 1 4
github.com/superplanehq/superplane/pkg/grpc/actions/canvases/update_canvas.go:277.2,278.13 2 10
github.com/superplanehq/superplane/pkg/grpc/actions/canvases/update_canvas.go:281.114,287.51 5 12
github.com/superplanehq/superplane/pkg/grpc/actions/canvases/update_canvas.go:287.51,289.3 1 0
github.com/superplanehq/superplane/pkg/grpc/actions/canvases/update_canvas.go:291.2,291.52 1 12
github.com/superplanehq/superplane/pkg/grpc/actions/canvases/update_canvas.go:291.52,293.3 1 0
github.com/superplanehq/superplane/pkg/grpc/actions/canvases/update_canvas.go:295.2,295.12 1 12
github.com/superplanehq/superplane/pkg/grpc/actions/canvases/update_canvas_dashboard.go:17.188,19.16 2 16
github.com/superplanehq/superplane/pkg/grpc/actions/canvases/update_canvas_dashboard.go:19.16,21.3 1 1
github.com/superplanehq/superplane/pkg/grpc/actions/canvases/update_canvas_dashboard.go:23.2,24.16 2 15
github.com/superplanehq/superplane/pkg/grpc/actions/canvases/update_canvas_dashboard.go:24.16,26.3 1 1
github.com/superplanehq/superplane/pkg/grpc/actions/canvases/update_canvas_dashboard.go:28.2,29.16 2 14
github.com/superplanehq/superplane/pkg/grpc/actions/canvases/update_canvas_dashboard.go:29.16,30.45 1 1
github.com/superplanehq/superplane/pkg/grpc/actions/canvases/update_canvas_dashboard.go:30.45,32.4 1 1
github.com/superplanehq/superplane/pkg/grpc/actions/canvases/update_canvas_dashboard.go:33.3,33.68 1 0
github.com/superplanehq/superplane/pkg/grpc/actions/canvases/update_canvas_dashboard.go:36.2,36.23 1 13
github.com/superplanehq/superplane/pkg/grpc/actions/canvases/update_canvas_dashboard.go:36.23,38.3 1 1
github.com/superplanehq/superplane/pkg/grpc/actions/canvases/update_canvas_dashboard.go:40.2,41.16 2 12
github.com/superplanehq/superplane/pkg/grpc/actions/canvases/update_canvas_dashboard.go:41.16,43.3 1 1
github.com/superplanehq/superplane/pkg/grpc/actions/canvases/update_canvas_dashboard.go:44.2,46.73 2 11
github.com/superplanehq/superplane/pkg/grpc/actions/canvases/update_canvas_dashboard.go:46.73,48.3 1 10
github.com/superplanehq/superplane/pkg/grpc/actions/canvases/update_canvas_dashboard.go:50.2,51.60 2 1
github.com/superplanehq/superplane/pkg/grpc/actions/canvases/update_canvas_dashboard.go:51.60,53.23 2 1
github.com/superplanehq/superplane/pkg/grpc/actions/canvases/update_canvas_dashboard.go:53.23,55.4 1 0
github.com/superplanehq/superplane/pkg/grpc/actions/canvases/update_canvas_dashboard.go:56.3,57.13 2 1
github.com/superplanehq/superplane/pkg/grpc/actions/canvases/update_canvas_dashboard.go:59.2,59.16 1 1
github.com/superplanehq/superplane/pkg/grpc/actions/canvases/update_canvas_dashboard.go:59.16,62.3 2 0
github.com/superplanehq/superplane/pkg/grpc/actions/canvases/update_canvas_dashboard.go:64.2,65.16 2 1
github.com/superplanehq/superplane/pkg/grpc/actions/canvases/update_canvas_dashboard.go:65.16,67.3 1 0
github.com/superplanehq/superplane/pkg/grpc/actions/canvases/update_canvas_dashboard.go:69.2,69.70 1 1
github.com/superplanehq/superplane/pkg/grpc/actions/canvases/update_canvas_dashboard.go:72.104,73.38 1 11
github.com/superplanehq/superplane/pkg/grpc/actions/canvases/update_canvas_dashboard.go:73.38,75.3 1 1
github.com/superplanehq/superplane/pkg/grpc/actions/canvases/update_canvas_dashboard.go:77.2,78.31 2 10
github.com/superplanehq/superplane/pkg/grpc/actions/canvases/update_canvas_dashboard.go:78.31,79.21 1 12
github.com/superplanehq/superplane/pkg/grpc/actions/canvases/update_canvas_dashboard.go:79.21,81.4 1 1
github.com/superplanehq/superplane/pkg/grpc/actions/canvases/update_canvas_dashboard.go:82.3,82.23 1 11
github.com/superplanehq/superplane/pkg/grpc/actions/canvases/update_canvas_dashboard.go:82.23,84.4 1 1
github.com/superplanehq/superplane/pkg/grpc/actions/canvases/update_canvas_dashboard.go:85.3,85.46 1 10
github.com/superplanehq/superplane/pkg/grpc/actions/canvases/update_canvas_dashboard.go:85.46,87.4 1 1
github.com/superplanehq/superplane/pkg/grpc/actions/canvases/update_canvas_dashboard.go:88.3,88.34 1 9
github.com/superplanehq/superplane/pkg/grpc/actions/canvases/update_canvas_dashboard.go:91.2,92.16 2 7
github.com/superplanehq/superplane/pkg/grpc/actions/canvases/update_canvas_dashboard.go:92.16,94.3 1 0
github.com/superplanehq/superplane/pkg/grpc/actions/canvases/update_canvas_dashboard.go:95.2,95.37 1 7
github.com/superplanehq/superplane/pkg/grpc/actions/canvases/update_canvas_dashboard.go:95.37,97.3 1 1
github.com/superplanehq/superplane/pkg/grpc/actions/canvases/update_canvas_dashboard.go:99.2,100.30 2 6
github.com/superplanehq/superplane/pkg/grpc/actions/canvases/update_canvas_dashboard.go:100.30,101.19 1 8
github.com/superplanehq/superplane/pkg/grpc/actions/canvases/update_canvas_dashboard.go:101.19,103.4 1 1
github.com/superplanehq/superplane/pkg/grpc/actions/canvases/update_canvas_dashboard.go:104.3,104.45 1 7
github.com/superplanehq/superplane/pkg/grpc/actions/canvases/update_canvas_dashboard.go:104.45,106.4 1 1
github.com/superplanehq/superplane/pkg/grpc/actions/canvases/update_canvas_dashboard.go:107.3,109.37 2 6
github.com/superplanehq/superplane/pkg/grpc/actions/canvases/update_canvas_dashboard.go:109.37,111.4 1 1
github.com/superplanehq/superplane/pkg/grpc/actions/canvases/update_canvas_dashboard.go:112.3,112.33 1 5
github.com/superplanehq/superplane/pkg/grpc/actions/canvases/update_canvas_dashboard.go:112.33,114.4 1 1
github.com/superplanehq/superplane/pkg/grpc/actions/canvases/update_canvas_dashboard.go:115.3,115.31 1 4
github.com/superplanehq/superplane/pkg/grpc/actions/canvases/update_canvas_dashboard.go:115.31,117.4 1 1
github.com/superplanehq/superplane/pkg/grpc/actions/canvases/update_canvas_dashboard.go:120.2,120.12 1 1
github.com/superplanehq/superplane/pkg/grpc/actions/canvases/update_canvas_version.go:39.44,53.2 1 16
github.com/superplanehq/superplane/pkg/grpc/actions/canvases/update_canvas_version.go:67.44,69.9 2 17
github.com/superplanehq/superplane/pkg/grpc/actions/canvases/update_canvas_version.go:69.9,71.3 1 0
github.com/superplanehq/superplane/pkg/grpc/actions/canvases/update_canvas_version.go:73.2,74.16 2 17
github.com/superplanehq/superplane/pkg/grpc/actions/canvases/update_canvas_version.go:74.16,76.3 1 0
github.com/superplanehq/superplane/pkg/grpc/actions/canvases/update_canvas_version.go:77.2,80.16 3 17
github.com/superplanehq/superplane/pkg/grpc/actions/canvases/update_canvas_version.go:80.16,82.3 1 0
github.com/superplanehq/superplane/pkg/grpc/actions/canvases/update_canvas_version.go:84.2,84.23 1 17
github.com/superplanehq/superplane/pkg/grpc/actions/canvases/update_canvas_version.go:84.23,86.3 1 0
github.com/superplanehq/superplane/pkg/grpc/actions/canvases/update_canvas_version.go:88.2,89.16 2 17
github.com/superplanehq/superplane/pkg/grpc/actions/canvases/update_canvas_version.go:89.16,91.3 1 1
github.com/superplanehq/superplane/pkg/grpc/actions/canvases/update_canvas_version.go:93.2,95.91 3 16
github.com/superplanehq/superplane/pkg/grpc/actions/canvases/update_canvas_version.go:95.91,103.17 3 0
github.com/superplanehq/superplane/pkg/grpc/actions/canvases/update_canvas_version.go:103.17,105.4 1 0
github.com/superplanehq/superplane/pkg/grpc/actions/canvases/update_canvas_version.go:108.2,109.16 2 16
github.com/superplanehq/superplane/pkg/grpc/actions/canvases/update_canvas_version.go:109.16,111.3 1 0
github.com/superplanehq/superplane/pkg/grpc/actions/canvases/update_canvas_version.go:113.2,114.16 2 16
github.com/superplanehq/superplane/pkg/grpc/actions/canvases/update_canvas_version.go:114.16,116.3 1 0
github.com/superplanehq/superplane/pkg/grpc/actions/canvases/update_canvas_version.go:118.2,128.16 2 16
github.com/superplanehq/superplane/pkg/grpc/actions/canvases/update_canvas_version.go:128.16,130.3 1 1
github.com/superplanehq/superplane/pkg/grpc/actions/canvases/update_canvas_version.go:132.2,133.30 2 15
github.com/superplanehq/superplane/pkg/grpc/actions/canvases/update_canvas_version.go:133.30,135.3 1 1
github.com/superplanehq/superplane/pkg/grpc/actions/canvases/update_canvas_version.go:137.2,138.16 2 14
github.com/superplanehq/superplane/pkg/grpc/actions/canvases/update_canvas_version.go:138.16,140.3 1 0
github.com/superplanehq/superplane/pkg/grpc/actions/canvases/update_canvas_version.go:142.2,145.60 3 14
github.com/superplanehq/superplane/pkg/grpc/actions/canvases/update_canvas_version.go:145.60,147.17 2 14
github.com/superplanehq/superplane/pkg/grpc/actions/canvases/update_canvas_version.go:147.17,148.46 1 0
github.com/superplanehq/superplane/pkg/grpc/actions/canvases/update_canvas_version.go:148.46,150.5 1 0
github.com/superplanehq/superplane/pkg/grpc/actions/canvases/update_canvas_version.go:151.4,151.14 1 0
github.com/superplanehq/superplane/pkg/grpc/actions/canvases/update_canvas_version.go:154.3,156.61 2 14
github.com/superplanehq/superplane/pkg/grpc/actions/canvases/update_canvas_version.go:156.61,158.4 1 0
github.com/superplanehq/superplane/pkg/grpc/actions/canvases/update_canvas_version.go:160.3,160.58 1 14
github.com/superplanehq/superplane/pkg/grpc/actions/canvases/update_canvas_version.go:160.58,162.4 1 0
github.com/superplanehq/superplane/pkg/grpc/actions/canvases/update_canvas_version.go:164.3,164.121 1 14
github.com/superplanehq/superplane/pkg/grpc/actions/canvases/update_canvas_version.go:164.121,165.51 1 0
github.com/superplanehq/superplane/pkg/grpc/actions/canvases/update_canvas_version.go:165.51,167.5 1 0
github.com/superplanehq/superplane/pkg/grpc/actions/canvases/update_canvas_version.go:168.4,168.19 1 0
github.com/superplanehq/superplane/pkg/grpc/actions/canvases/update_canvas_version.go:171.3,172.21 2 14
github.com/superplanehq/superplane/pkg/grpc/actions/canvases/update_canvas_version.go:172.21,174.4 1 0
github.com/superplanehq/superplane/pkg/grpc/actions/canvases/update_canvas_version.go:176.3,176.31 1 14
github.com/superplanehq/superplane/pkg/grpc/actions/canvases/update_canvas_version.go:176.31,178.61 2 9
github.com/superplanehq/superplane/pkg/grpc/actions/canvases/update_canvas_version.go:178.61,180.5 1 0
github.com/superplanehq/superplane/pkg/grpc/actions/canvases/update_canvas_version.go:181.4,181.22 1 9
github.com/superplanehq/superplane/pkg/grpc/actions/canvases/update_canvas_version.go:181.22,183.5 1 0
github.com/superplanehq/superplane/pkg/grpc/actions/canvases/update_canvas_version.go:186.3,189.68 4 14
github.com/superplanehq/superplane/pkg/grpc/actions/canvases/update_canvas_version.go:189.68,191.37 2 0
github.com/superplanehq/superplane/pkg/grpc/actions/canvases/update_canvas_version.go:191.37,193.5 1 0
github.com/superplanehq/superplane/pkg/grpc/actions/canvases/update_canvas_version.go:195.3,199.32 4 14
github.com/superplanehq/superplane/pkg/grpc/actions/canvases/update_canvas_version.go:201.2,201.16 1 14
github.com/superplanehq/superplane/pkg/grpc/actions/canvases/update_canvas_version.go:201.16,202.40 1 0
github.com/superplanehq/superplane/pkg/grpc/actions/canvases/update_canvas_version.go:202.40,204.4 1 0
github.com/superplanehq/superplane/pkg/grpc/actions/canvases/update_canvas_version.go:205.3,206.78 2 0
github.com/superplanehq/superplane/pkg/grpc/actions/canvases/update_canvas_version.go:209.2,209.129 1 14
github.com/superplanehq/superplane/pkg/grpc/actions/canvases/update_canvas_version.go:209.129,211.3 1 0
github.com/superplanehq/superplane/pkg/grpc/actions/canvases/update_canvas_version.go:213.2,215.8 1 14
github.com/superplanehq/superplane/pkg/grpc/actions/canvases/update_canvas_version.go:218.101,222.38 3 14
github.com/superplanehq/superplane/pkg/grpc/actions/canvases/update_canvas_version.go:222.38,223.44 1 13
github.com/superplanehq/superplane/pkg/grpc/actions/canvases/update_canvas_version.go:223.44,224.41 1 10
github.com/superplanehq/superplane/pkg/grpc/actions/canvases/update_canvas_version.go:224.41,226.5 1 10
github.com/superplanehq/superplane/pkg/grpc/actions/canvases/update_canvas_version.go:230.2,230.15 1 14
github.com/superplanehq/superplane/pkg/grpc/actions/canvases/update_node_pause.go:19.147,21.16 2 4
github.com/superplanehq/superplane/pkg/grpc/actions/canvases/update_node_pause.go:21.16,23.3 1 0
github.com/superplanehq/superplane/pkg/grpc/actions/canvases/update_node_pause.go:25.2,25.18 1 4
github.com/superplanehq/superplane/pkg/grpc/actions/canvases/update_node_pause.go:25.18,27.3 1 0
github.com/superplanehq/superplane/pkg/grpc/actions/canvases/update_node_pause.go:29.2,30.60 2 4
github.com/superplanehq/superplane/pkg/grpc/actions/canvases/update_node_pause.go:30.60,32.17 2 4
github.com/superplanehq/superplane/pkg/grpc/actions/canvases/update_node_pause.go:32.17,34.4 1 0
github.com/superplanehq/superplane/pkg/grpc/actions/canvases/update_node_pause.go:36.3,36.97 1 4
github.com/superplanehq/superplane/pkg/grpc/actions/canvases/update_node_pause.go:36.97,38.4 1 1
github.com/superplanehq/superplane/pkg/grpc/actions/canvases/update_node_pause.go:40.3,40.13 1 3
github.com/superplanehq/superplane/pkg/grpc/actions/canvases/update_node_pause.go:40.13,41.28 1 1
github.com/superplanehq/superplane/pkg/grpc/actions/canvases/update_node_pause.go:42.37,43.76 1 0
github.com/superplanehq/superplane/pkg/grpc/actions/canvases/update_node_pause.go:44.38,44.38 0 0
github.com/superplanehq/superplane/pkg/grpc/actions/canvases/update_node_pause.go:46.12,48.84 2 1
github.com/superplanehq/superplane/pkg/grpc/actions/canvases/update_node_pause.go:48.84,50.6 1 0
github.com/superplanehq/superplane/pkg/grpc/actions/canvases/update_node_pause.go:52.9,52.62 1 2
github.com/superplanehq/superplane/pkg/grpc/actions/canvases/update_node_pause.go:52.62,54.18 2 2
github.com/superplanehq/superplane/pkg/grpc/actions/canvases/update_node_pause.go:54.18,56.5 1 0
github.com/superplanehq/superplane/pkg/grpc/actions/canvases/update_node_pause.go:57.4,58.64 2 2
github.com/superplanehq/superplane/pkg/grpc/actions/canvases/update_node_pause.go:58.64,60.5 1 0
github.com/superplanehq/superplane/pkg/grpc/actions/canvases/update_node_pause.go:63.3,64.13 2 3
github.com/superplanehq/superplane/pkg/grpc/actions/canvases/update_node_pause.go:66.2,66.16 1 4
github.com/superplanehq/superplane/pkg/grpc/actions/canvases/update_node_pause.go:66.16,67.45 1 1
github.com/superplanehq/superplane/pkg/grpc/actions/canvases/update_node_pause.go:67.45,69.4 1 0
github.com/superplanehq/superplane/pkg/grpc/actions/canvases/update_node_pause.go:70.3,70.18 1 1
github.com/superplanehq/superplane/pkg/grpc/actions/canvases/update_node_pause.go:73.2,74.16 2 3
github.com/superplanehq/superplane/pkg/grpc/actions/canvases/update_node_pause.go:74.16,76.3 1 0
github.com/superplanehq/superplane/pkg/grpc/actions/canvases/update_node_pause.go:78.2,80.8 1 3
github.com/superplanehq/superplane/pkg/grpc/actions/canvases/update_node_pause.go:83.78,85.35 2 3
github.com/superplanehq/superplane/pkg/grpc/actions/canvases/update_node_pause.go:85.35,88.3 2 0
github.com/superplanehq/superplane/pkg/grpc/actions/canvases/update_node_pause.go:90.2,103.26 3 3
github.com/superplanehq/superplane/pkg/grpc/actions/canvases/update_node_pause.go:103.26,105.3 1 0
github.com/superplanehq/superplane/pkg/grpc/actions/canvases/update_node_pause.go:107.2,108.27 2 3
github.com/superplanehq/superplane/pkg/grpc/actions/canvases/validate_canvas_version_changeset.go:27.55,29.16 2 1
github.com/superplanehq/superplane/pkg/grpc/actions/canvases/validate_canvas_version_changeset.go:29.16,31.3 1 0
github.com/superplanehq/superplane/pkg/grpc/actions/canvases/validate_canvas_version_changeset.go:33.2,34.16 2 1
github.com/superplanehq/superplane/pkg/grpc/actions/canvases/validate_canvas_version_changeset.go:34.16,36.3 1 0
github.com/superplanehq/superplane/pkg/grpc/actions/canvases/validate_canvas_version_changeset.go:38.2,38.53 1 1
github.com/superplanehq/superplane/pkg/grpc/actions/canvases/validate_canvas_version_changeset.go:38.53,40.3 1 0
github.com/superplanehq/superplane/pkg/grpc/actions/canvases/validate_canvas_version_changeset.go:42.2,43.16 2 1
github.com/superplanehq/superplane/pkg/grpc/actions/canvases/validate_canvas_version_changeset.go:43.16,44.45 1 0
github.com/superplanehq/superplane/pkg/grpc/actions/canvases/validate_canvas_version_changeset.go:44.45,46.4 1 0
github.com/superplanehq/superplane/pkg/grpc/actions/canvases/validate_canvas_version_changeset.go:48.3,49.76 2 0
github.com/superplanehq/superplane/pkg/grpc/actions/canvases/validate_canvas_version_changeset.go:52.2,52.56 1 1
github.com/superplanehq/superplane/pkg/grpc/actions/canvases/validate_canvas_version_changeset.go:52.56,54.3 1 0
github.com/superplanehq/superplane/pkg/grpc/actions/canvases/validate_canvas_version_changeset.go:56.2,56.111 1 1
github.com/superplanehq/superplane/pkg/grpc/actions/canvases/validate_canvas_version_changeset.go:56.111,58.3 1 0
github.com/superplanehq/superplane/pkg/grpc/actions/canvases/validate_canvas_version_changeset.go:60.2,62.16 3 1
github.com/superplanehq/superplane/pkg/grpc/actions/canvases/validate_canvas_version_changeset.go:62.16,64.3 1 0
github.com/superplanehq/superplane/pkg/grpc/actions/canvases/validate_canvas_version_changeset.go:66.2,68.8 1 1
github.com/superplanehq/superplane/pkg/grpc/actions/canvases/version_serialization.go:10.101,12.28 2 63
github.com/superplanehq/superplane/pkg/grpc/actions/canvases/version_serialization.go:12.28,15.103 3 63
github.com/superplanehq/superplane/pkg/grpc/actions/canvases/version_serialization.go:15.103,17.4 1 63
github.com/superplanehq/superplane/pkg/grpc/actions/canvases/version_serialization.go:18.3,18.52 1 63
github.com/superplanehq/superplane/pkg/grpc/actions/canvases/version_serialization.go:21.2,22.23 2 63
github.com/superplanehq/superplane/pkg/grpc/actions/canvases/version_serialization.go:23.38,24.39 1 34
github.com/superplanehq/superplane/pkg/grpc/actions/canvases/version_serialization.go:25.42,26.43 1 3
github.com/superplanehq/superplane/pkg/grpc/actions/canvases/version_serialization.go:27.41,28.42 1 26
github.com/superplanehq/superplane/pkg/grpc/actions/canvases/version_serialization.go:31.2,40.32 2 63
github.com/superplanehq/superplane/pkg/grpc/actions/canvases/version_serialization.go:40.32,42.3 1 3
github.com/superplanehq/superplane/pkg/grpc/actions/canvases/version_serialization.go:43.2,43.30 1 63
github.com/superplanehq/superplane/pkg/grpc/actions/canvases/version_serialization.go:43.30,45.3 1 63
github.com/superplanehq/superplane/pkg/grpc/actions/canvases/version_serialization.go:46.2,46.30 1 63
github.com/superplanehq/superplane/pkg/grpc/actions/canvases/version_serialization.go:46.30,48.3 1 63
github.com/superplanehq/superplane/pkg/grpc/actions/canvases/version_serialization.go:50.2,57.3 1 63
